iter 	 cost 	      stop 	    grad 	  xreg 	      ureg 	 step 	 feas
   0  2.72089e+03  2.22309e+03  9.08532e+03  1.00000e-01  1.00000e-01   1.0000     1
   1  3.78388e+02  8.31231e+02  4.70979e+03  1.00000e-01  1.00000e-01   1.0000     1
   2  3.36906e+02  2.61306e+02  1.87516e+03  1.00000e+00  1.00000e+00   0.2500     1
   3  2.67992e+02  1.67220e+02  1.17728e+02  1.00000e+00  1.00000e+00   1.0000     1
   4  2.42024e+02  5.18449e+01  3.29885e+01  1.00000e+00  1.00000e+00   1.0000     1
   5  2.29990e+02  2.48029e+01  1.67937e+01  1.00000e+00  1.00000e+00   1.0000     1
   6  2.20779e+02  4.20805e+02  1.10854e+01  1.00000e+00  1.00000e+00   1.0000     1
   7  2.20553e+02  4.20979e+02  9.73894e+00  1.00000e+01  1.00000e+01   0.0625     1
   8  2.19455e+02  1.32229e+01  1.16393e+00  1.00000e+01  1.00000e+01   1.0000     1
   9  2.18518e+02  1.43565e+01  9.96535e-01  1.00000e+01  1.00000e+01   1.0000     1
iter 	 cost 	      stop 	    grad 	  xreg 	      ureg 	 step 	 feas
  10  2.17545e+02  1.41429e+01  9.75410e-01  1.00000e+01  1.00000e+01   1.0000     1
  11  2.16585e+02  1.17670e+01  1.02420e+00  1.00000e+01  1.00000e+01   1.0000     1
  12  2.15727e+02  9.67366e+00  8.68441e-01  1.00000e+01  1.00000e+01   1.0000     1
  13  2.14902e+02  9.37828e+00  8.39709e-01  1.00000e+01  1.00000e+01   1.0000     1
  14  2.14069e+02  9.18077e+00  8.22502e-01  1.00000e+01  1.00000e+01   1.0000     1
  15  2.13277e+02  9.54654e+00  8.06067e-01  1.00000e+01  1.00000e+01   1.0000     1
  16  2.12496e+02  8.85678e+00  7.95701e-01  1.00000e+01  1.00000e+01   1.0000     1
  17  2.11747e+02  8.54758e+00  7.65934e-01  1.00000e+01  1.00000e+01   1.0000     1
  18  2.11037e+02  9.93936e+00  7.57396e-01  1.00000e+01  1.00000e+01   1.0000     1
  19  2.10134e+02  1.11573e+01  1.00522e+00  1.00000e+01  1.00000e+01   1.0000     1
