iter    cost       stop       grad       xreg       ureg      step   ||ffeas||  ||gfeas||  ||hfeas||   dV-exp       dV    
   0  5.154e-01  9.073e-02  1.815e-01  1.000e-09  1.000e-09  1.0000  1.000e+00  0.000e+00  0.000e+00  9.073e-02  1.414e-01
   1  4.822e-01  1.826e-01  3.652e-01  1.000e-09  1.000e-09  1.0000  0.000e+00  0.000e+00  0.000e+00  1.826e-01  3.313e-02
   2  3.664e-01  2.112e-01  4.224e-01  1.000e-09  1.000e-09  0.5000  0.000e+00  0.000e+00  0.000e+00  1.584e-01  1.159e-01
   3  3.541e-01  6.996e-02  1.399e-01  1.000e-09  1.000e-09  0.1250  0.000e+00  0.000e+00  0.000e+00  1.640e-02  1.227e-02
   4  3.465e-01  6.347e-02  1.269e-01  1.000e-09  1.000e-09  0.2500  0.000e+00  0.000e+00  0.000e+00  2.777e-02  7.555e-03
   5  2.944e-01  6.951e-02  1.390e-01  1.000e-09  1.000e-09  1.0000  0.000e+00  0.000e+00  0.000e+00  6.951e-02  5.219e-02
   6  2.511e-01  7.544e-02  1.509e-01  1.000e-09  1.000e-09  0.5000  0.000e+00  0.000e+00  0.000e+00  5.658e-02  4.330e-02
   7  2.109e-01  5.618e-02  1.124e-01  1.000e-09  1.000e-09  1.0000  0.000e+00  0.000e+00  0.000e+00  5.618e-02  4.016e-02
   8  2.056e-01  3.463e-02  6.926e-02  1.000e-09  1.000e-09  0.5000  0.000e+00  0.000e+00  0.000e+00  2.597e-02  5.342e-03
   9  1.930e-01  2.946e-02  5.891e-02  1.000e-09  1.000e-09  0.5000  0.000e+00  0.000e+00  0.000e+00  2.209e-02  1.259e-02
iter    cost       stop       grad       xreg       ureg      step   ||ffeas||  ||gfeas||  ||hfeas||   dV-exp       dV    
  10  1.918e-01  7.028e-03  1.406e-02  1.000e-09  1.000e-09  0.2500  0.000e+00  0.000e+00  0.000e+00  3.075e-03  1.217e-03
  11  1.904e-01  6.835e-03  1.367e-02  1.000e-09  1.000e-09  0.2500  0.000e+00  0.000e+00  0.000e+00  2.990e-03  1.361e-03
  12  1.900e-01  3.895e-03  7.791e-03  1.000e-09  1.000e-09  0.1250  0.000e+00  0.000e+00  0.000e+00  9.130e-04  4.007e-04
  13  1.896e-01  1.721e-03  3.442e-03  1.000e-09  1.000e-09  0.2500  0.000e+00  0.000e+00  0.000e+00  7.530e-04  4.327e-04
  14  1.893e-01  1.834e-03  3.667e-03  1.000e-09  1.000e-09  0.1250  0.000e+00  0.000e+00  0.000e+00  4.297e-04  2.129e-04
  15  1.892e-01  7.831e-04  1.566e-03  1.000e-09  1.000e-09  0.5000  0.000e+00  0.000e+00  0.000e+00  5.874e-04  1.235e-04
  16  1.890e-01  4.305e-03  8.610e-03  1.000e-09  1.000e-09  0.1250  0.000e+00  0.000e+00  0.000e+00  1.009e-03  2.058e-04
  17  1.889e-01  1.196e-03  2.391e-03  1.000e-09  1.000e-09  0.2500  0.000e+00  0.000e+00  0.000e+00  5.231e-04  6.859e-05
  18  1.888e-01  1.742e-03  3.484e-03  1.000e-09  1.000e-09  0.1250  0.000e+00  0.000e+00  0.000e+00  4.083e-04  1.293e-04
  19  1.888e-01  4.567e-04  9.133e-04  1.000e-09  1.000e-09  0.2500  0.000e+00  0.000e+00  0.000e+00  1.998e-04  5.903e-05
iter    cost       stop       grad       xreg       ureg      step   ||ffeas||  ||gfeas||  ||hfeas||   dV-exp       dV    
  20  1.887e-01  6.650e-04  1.330e-03  1.000e-09  1.000e-09  0.1250  0.000e+00  0.000e+00  0.000e+00  1.559e-04  6.977e-05
  21  1.887e-01  1.878e-04  3.755e-04  1.000e-09  1.000e-09  0.5000  0.000e+00  0.000e+00  0.000e+00  1.408e-04  1.746e-05
  22  1.886e-01  1.097e-03  2.194e-03  1.000e-09  1.000e-09  0.1250  0.000e+00  0.000e+00  0.000e+00  2.571e-04  8.709e-05
  23  1.886e-01  1.990e-04  3.981e-04  1.000e-09  1.000e-09  0.2500  0.000e+00  0.000e+00  0.000e+00  8.708e-05  2.037e-05
  24  1.885e-01  2.915e-04  5.829e-04  1.000e-09  1.000e-09  0.1250  0.000e+00  0.000e+00  0.000e+00  6.831e-05  3.251e-05
  25  1.885e-01  6.560e-05  1.312e-04  1.000e-09  1.000e-09  0.5000  0.000e+00  0.000e+00  0.000e+00  4.920e-05  1.570e-05
  26  1.885e-01  3.003e-04  6.006e-04  1.000e-09  1.000e-09  0.1250  0.000e+00  0.000e+00  0.000e+00  7.038e-05  3.008e-05
  27  1.885e-01  4.423e-05  8.846e-05  1.000e-09  1.000e-09  0.2500  0.000e+00  0.000e+00  0.000e+00  1.935e-05  9.981e-06
  28  1.885e-01  5.372e-05  1.074e-04  1.000e-09  1.000e-09  0.2500  0.000e+00  0.000e+00  0.000e+00  2.350e-05  5.127e-06
  29  1.885e-01  7.867e-05  1.573e-04  1.000e-09  1.000e-09  0.1250  0.000e+00  0.000e+00  0.000e+00  1.844e-05  1.055e-05
iter    cost       stop       grad       xreg       ureg      step   ||ffeas||  ||gfeas||  ||hfeas||   dV-exp       dV    
  30  1.884e-01  1.431e-05  2.863e-05  1.000e-09  1.000e-09  1.0000  0.000e+00  0.000e+00  0.000e+00  1.431e-05  1.388e-05
  31  1.884e-01  6.084e-05  1.217e-04  1.000e-09  1.000e-09  0.1250  0.000e+00  0.000e+00  0.000e+00  1.426e-05  7.257e-06
  32  1.884e-01  3.837e-06  7.674e-06  1.000e-09  1.000e-09  1.0000  0.000e+00  0.000e+00  0.000e+00  3.837e-06  5.752e-07
  33  1.884e-01  3.933e-05  7.866e-05  1.000e-09  1.000e-09  0.1250  0.000e+00  0.000e+00  0.000e+00  9.218e-06  4.516e-06
  34  1.884e-01  1.177e-06  2.353e-06  1.000e-09  1.000e-09  0.5000  0.000e+00  0.000e+00  0.000e+00  8.825e-07  1.613e-07
  35  1.884e-01  5.474e-06  1.095e-05  1.000e-09  1.000e-09  0.1250  0.000e+00  0.000e+00  0.000e+00  1.283e-06  6.565e-07
  36  1.884e-01  4.689e-07  9.377e-07  1.000e-09  1.000e-09  0.5000  0.000e+00  0.000e+00  0.000e+00  3.517e-07  2.432e-07
  37  1.884e-01  1.199e-06  2.397e-06  1.000e-09  1.000e-09  0.1250  0.000e+00  0.000e+00  0.000e+00  2.809e-07  1.599e-07
  38  1.884e-01  2.130e-07  4.259e-07  1.000e-09  1.000e-09  1.0000  0.000e+00  0.000e+00  0.000e+00  2.130e-07  1.788e-07
  39  1.884e-01  1.125e-06  2.249e-06  1.000e-09  1.000e-09  0.1250  0.000e+00  0.000e+00  0.000e+00  2.636e-07  1.293e-07
iter    cost       stop       grad       xreg       ureg      step   ||ffeas||  ||gfeas||  ||hfeas||   dV-exp       dV    
  40  1.884e-01  6.228e-08  1.246e-07  1.000e-09  1.000e-09  0.5000  0.000e+00  0.000e+00  0.000e+00  4.671e-08  1.698e-08
  41  1.884e-01  2.440e-07  4.879e-07  1.000e-09  1.000e-09  0.1250  0.000e+00  0.000e+00  0.000e+00  5.718e-08  2.990e-08
  42  1.884e-01  2.612e-08  5.225e-08  1.000e-09  1.000e-09  1.0000  0.000e+00  0.000e+00  0.000e+00  2.612e-08  7.416e-09
  43  1.884e-01  2.473e-07  4.946e-07  1.000e-09  1.000e-09  0.1250  0.000e+00  0.000e+00  0.000e+00  5.796e-08  2.767e-08
  44  1.884e-01  9.135e-09  1.827e-08  1.000e-09  1.000e-09  0.2500  0.000e+00  0.000e+00  0.000e+00  3.996e-09  2.109e-09
  45  1.884e-01  1.040e-08  2.080e-08  1.000e-09  1.000e-09  0.2500  0.000e+00  0.000e+00  0.000e+00  4.551e-09  1.399e-09
  46  1.884e-01  1.340e-08  2.679e-08  1.000e-09  1.000e-09  0.2500  0.000e+00  0.000e+00  0.000e+00  5.861e-09  7.124e-10
  47  1.884e-01  1.895e-08  3.790e-08  1.000e-09  1.000e-09  0.1250  0.000e+00  0.000e+00  0.000e+00  4.442e-09  2.365e-09
  48  1.884e-01  2.316e-09  4.631e-09  1.000e-09  1.000e-09  1.0000  0.000e+00  0.000e+00  0.000e+00  2.316e-09  1.019e-09
  49  1.884e-01  1.922e-08  3.844e-08  1.000e-09  1.000e-09  0.1250  0.000e+00  0.000e+00  0.000e+00  4.505e-09  2.157e-09
iter    cost       stop       grad       xreg       ureg      step   ||ffeas||  ||gfeas||  ||hfeas||   dV-exp       dV    
  50  1.884e-01  7.801e-10  1.560e-09  1.000e-09  1.000e-09  0.2500  0.000e+00  0.000e+00  0.000e+00  3.413e-10  1.933e-10
