*** SOLVE walking ***
iter    cost       merit      stop      |grad|      preg       dreg      step   ||ffeas||  ||gfeas||  ||hfeas||   dV-exp       dV      dPhi-exp     dPhi
   0  1.976e+05  0.000e+00  2.264e+07  4.529e+07  1.000e-09  1.000e-09  1.0000  8.527e-15  0.000e+00  0.000e+00  2.264e+07  2.245e+07  0.000e+00  0.000e+00
   1  2.715e+04  0.000e+00  1.927e+05  3.854e+05  1.000e-09  1.000e-09  1.0000  0.000e+00  0.000e+00  0.000e+00  1.927e+05  1.705e+05  0.000e+00  0.000e+00
   2  1.759e+04  0.000e+00  2.200e+04  4.399e+04  1.000e-09  1.000e-09  1.0000  0.000e+00  0.000e+00  0.000e+00  2.200e+04  9.560e+03  0.000e+00  0.000e+00
   3  1.184e+04  0.000e+00  1.260e+04  2.520e+04  1.000e-09  1.000e-09  0.5000  0.000e+00  0.000e+00  0.000e+00  9.449e+03  5.752e+03  0.000e+00  0.000e+00
   4  5.286e+03  0.000e+00  6.679e+03  1.336e+04  1.000e-09  1.000e-09  1.0000  0.000e+00  0.000e+00  0.000e+00  6.679e+03  6.552e+03  0.000e+00  0.000e+00
   5  5.260e+03  0.000e+00  4.126e+02  8.252e+02  1.000e-09  1.000e-09  0.0625  0.000e+00  0.000e+00  0.000e+00  4.997e+01  2.604e+01  0.000e+00  0.000e+00
   6  5.162e+03  0.000e+00  1.863e+02  3.727e+02  1.000e-09  1.000e-09  0.5000  0.000e+00  0.000e+00  0.000e+00  1.398e+02  9.817e+01  0.000e+00  0.000e+00
   7  5.081e+03  0.000e+00  8.434e+01  1.687e+02  1.000e-09  1.000e-09  1.0000  0.000e+00  0.000e+00  0.000e+00  8.434e+01  8.095e+01  0.000e+00  0.000e+00
   8  5.080e+03  0.000e+00  6.695e+00  1.339e+01  1.000e-09  1.000e-09  0.2500  0.000e+00  0.000e+00  0.000e+00  2.929e+00  3.651e-01  0.000e+00  0.000e+00
   9  5.074e+03  0.000e+00  6.045e+00  1.209e+01  1.000e-09  1.000e-09  1.0000  0.000e+00  0.000e+00  0.000e+00  6.045e+00  5.871e+00  0.000e+00  0.000e+00
iter    cost       merit      stop      |grad|      preg       dreg      step   ||ffeas||  ||gfeas||  ||hfeas||   dV-exp       dV      dPhi-exp     dPhi
  10  5.074e+03  0.000e+00  1.876e-01  3.753e-01  1.000e-09  1.000e-09  1.0000  0.000e+00  0.000e+00  0.000e+00  1.876e-01  1.186e-01  0.000e+00  0.000e+00
  11  5.074e+03  0.000e+00  1.581e-01  3.163e-01  1.000e-09  1.000e-09  0.5000  0.000e+00  0.000e+00  0.000e+00  1.186e-01  3.654e-02  0.000e+00  0.000e+00
  12  5.074e+03  0.000e+00  8.100e-02  1.620e-01  1.000e-09  1.000e-09  1.0000  0.000e+00  0.000e+00  0.000e+00  8.100e-02  8.100e-02  0.000e+00  0.000e+00
  13  5.074e+03  0.000e+00  1.185e-06  2.370e-06  1.000e-09  1.000e-09  1.0000  0.000e+00  0.000e+00  0.000e+00  1.185e-06  1.261e-06  0.000e+00  0.000e+00
  14  5.074e+03  0.000e+00  2.915e-08  5.831e-08  1.000e-09  1.000e-09  1.0000  0.000e+00  0.000e+00  0.000e+00  2.915e-08  3.236e-08  0.000e+00  0.000e+00
*** SOLVE walking ***
iter    cost       merit      stop      |grad|      preg       dreg      step   ||ffeas||  ||gfeas||  ||hfeas||   dV-exp       dV      dPhi-exp     dPhi
   0  1.004e+07  0.000e+00  3.631e+07  7.239e+07  1.000e-09  1.000e-09  0.5000  1.715e+00  0.000e+00  0.000e+00  2.718e+07  2.628e+07  0.000e+00  0.000e+00
   1  2.500e+06  0.000e+00  1.003e+07  1.998e+07  1.000e-09  1.000e-09  0.5000  8.574e-01  0.000e+00  0.000e+00  7.503e+06  7.545e+06  0.000e+00  0.000e+00
   2  3.235e+04  0.000e+00  2.490e+06  4.980e+06  1.000e-09  1.000e-09  1.0000  4.287e-01  0.000e+00  0.000e+00  2.490e+06  2.468e+06  0.000e+00  0.000e+00
   3  1.917e+04  0.000e+00  2.641e+04  5.282e+04  1.000e-09  1.000e-09  0.5000  0.000e+00  0.000e+00  0.000e+00  1.981e+04  1.319e+04  0.000e+00  0.000e+00
   4  1.576e+04  0.000e+00  1.314e+04  2.628e+04  1.000e-09  1.000e-09  1.0000  0.000e+00  0.000e+00  0.000e+00  1.314e+04  3.409e+03  0.000e+00  0.000e+00
   5  9.434e+03  0.000e+00  9.471e+03  1.894e+04  1.000e-09  1.000e-09  1.0000  0.000e+00  0.000e+00  0.000e+00  9.471e+03  6.325e+03  0.000e+00  0.000e+00
   6  8.101e+03  0.000e+00  3.356e+03  6.713e+03  1.000e-09  1.000e-09  0.5000  0.000e+00  0.000e+00  0.000e+00  2.517e+03  1.333e+03  0.000e+00  0.000e+00
   7  6.290e+03  0.000e+00  1.896e+03  3.791e+03  1.000e-09  1.000e-09  1.0000  0.000e+00  0.000e+00  0.000e+00  1.896e+03  1.811e+03  0.000e+00  0.000e+00
   8  6.262e+03  0.000e+00  1.852e+02  3.704e+02  1.000e-09  1.000e-09  0.2500  0.000e+00  0.000e+00  0.000e+00  8.103e+01  2.778e+01  0.000e+00  0.000e+00
   9  6.215e+03  0.000e+00  1.239e+02  2.479e+02  1.000e-09  1.000e-09  1.0000  0.000e+00  0.000e+00  0.000e+00  1.239e+02  4.689e+01  0.000e+00  0.000e+00
iter    cost       merit      stop      |grad|      preg       dreg      step   ||ffeas||  ||gfeas||  ||hfeas||   dV-exp       dV      dPhi-exp     dPhi
  10  6.145e+03  0.000e+00  7.802e+01  1.560e+02  1.000e-09  1.000e-09  1.0000  0.000e+00  0.000e+00  0.000e+00  7.802e+01  7.019e+01  0.000e+00  0.000e+00
  11  6.140e+03  0.000e+00  8.421e+00  1.684e+01  1.000e-09  1.000e-09  0.5000  0.000e+00  0.000e+00  0.000e+00  6.316e+00  4.653e+00  0.000e+00  0.000e+00
  12  6.137e+03  0.000e+00  3.564e+00  7.129e+00  1.000e-09  1.000e-09  1.0000  0.000e+00  0.000e+00  0.000e+00  3.564e+00  3.614e+00  0.000e+00  0.000e+00
  13  6.137e+03  0.000e+00  1.150e+00  2.300e+00  1.000e-09  1.000e-09  0.0625  0.000e+00  0.000e+00  0.000e+00  1.392e-01  2.563e-02  0.000e+00  0.000e+00
  14  6.137e+03  0.000e+00  2.278e-01  4.556e-01  1.000e-09  1.000e-09  1.0000  0.000e+00  0.000e+00  0.000e+00  2.278e-01  2.278e-01  0.000e+00  0.000e+00
  15  6.137e+03  0.000e+00  4.278e-05  8.556e-05  1.000e-09  1.000e-09  1.0000  0.000e+00  0.000e+00  0.000e+00  4.278e-05  4.147e-05  0.000e+00  0.000e+00
  16  6.137e+03  0.000e+00  2.820e-07  5.640e-07  1.000e-09  1.000e-09  1.0000  0.000e+00  0.000e+00  0.000e+00  2.820e-07  2.615e-07  0.000e+00  0.000e+00
  17  6.137e+03  0.000e+00  4.472e-09  8.944e-09  1.000e-09  1.000e-09  1.0000  0.000e+00  0.000e+00  0.000e+00  4.472e-09  3.676e-09  0.000e+00  0.000e+00
*** SOLVE walking ***
iter    cost       merit      stop      |grad|      preg       dreg      step   ||ffeas||  ||gfeas||  ||hfeas||   dV-exp       dV      dPhi-exp     dPhi
   0  1.009e+07  0.000e+00  3.632e+07  7.241e+07  1.000e-09  1.000e-09  0.5000  1.606e+00  0.000e+00  0.000e+00  2.718e+07  2.625e+07  0.000e+00  0.000e+00
   1  2.504e+06  0.000e+00  1.007e+07  2.007e+07  1.000e-09  1.000e-09  0.5000  8.030e-01  0.000e+00  0.000e+00  7.535e+06  7.582e+06  0.000e+00  0.000e+00
   2  5.609e+04  0.000e+00  2.495e+06  4.988e+06  1.000e-09  1.000e-09  1.0000  4.015e-01  0.000e+00  0.000e+00  2.495e+06  2.448e+06  0.000e+00  0.000e+00
   3  2.500e+04  0.000e+00  4.997e+04  9.994e+04  1.000e-09  1.000e-09  0.5000  0.000e+00  0.000e+00  0.000e+00  3.748e+04  3.109e+04  0.000e+00  0.000e+00
   4  1.613e+04  0.000e+00  1.879e+04  3.758e+04  1.000e-09  1.000e-09  1.0000  0.000e+00  0.000e+00  0.000e+00  1.879e+04  8.868e+03  0.000e+00  0.000e+00
   5  9.312e+03  0.000e+00  9.647e+03  1.929e+04  1.000e-09  1.000e-09  1.0000  0.000e+00  0.000e+00  0.000e+00  9.647e+03  6.822e+03  0.000e+00  0.000e+00
   6  8.296e+03  0.000e+00  3.080e+03  6.159e+03  1.000e-09  1.000e-09  0.5000  0.000e+00  0.000e+00  0.000e+00  2.310e+03  1.016e+03  0.000e+00  0.000e+00
   7  6.640e+03  0.000e+00  1.895e+03  3.789e+03  1.000e-09  1.000e-09  1.0000  0.000e+00  0.000e+00  0.000e+00  1.895e+03  1.656e+03  0.000e+00  0.000e+00
   8  6.588e+03  0.000e+00  3.375e+02  6.749e+02  1.000e-09  1.000e-09  0.2500  0.000e+00  0.000e+00  0.000e+00  1.476e+02  5.223e+01  0.000e+00  0.000e+00
   9  6.554e+03  0.000e+00  2.409e+02  4.818e+02  1.000e-09  1.000e-09  1.0000  0.000e+00  0.000e+00  0.000e+00  2.409e+02  3.419e+01  0.000e+00  0.000e+00
iter    cost       merit      stop      |grad|      preg       dreg      step   ||ffeas||  ||gfeas||  ||hfeas||   dV-exp       dV      dPhi-exp     dPhi
  10  6.336e+03  0.000e+00  2.356e+02  4.713e+02  1.000e-09  1.000e-09  1.0000  0.000e+00  0.000e+00  0.000e+00  2.356e+02  2.173e+02  0.000e+00  0.000e+00
  11  6.334e+03  0.000e+00  1.798e+01  3.595e+01  1.000e-09  1.000e-09  0.1250  0.000e+00  0.000e+00  0.000e+00  4.213e+00  2.773e+00  0.000e+00  0.000e+00
  12  6.326e+03  0.000e+00  1.318e+01  2.636e+01  1.000e-09  1.000e-09  1.0000  0.000e+00  0.000e+00  0.000e+00  1.318e+01  7.861e+00  0.000e+00  0.000e+00
  13  6.322e+03  0.000e+00  4.095e+00  8.190e+00  1.000e-09  1.000e-09  1.0000  0.000e+00  0.000e+00  0.000e+00  4.095e+00  4.010e+00  0.000e+00  0.000e+00
  14  6.322e+03  0.000e+00  1.319e-01  2.637e-01  1.000e-09  1.000e-09  1.0000  0.000e+00  0.000e+00  0.000e+00  1.319e-01  1.318e-01  0.000e+00  0.000e+00
  15  6.322e+03  0.000e+00  2.124e-05  4.249e-05  1.000e-09  1.000e-09  1.0000  0.000e+00  0.000e+00  0.000e+00  2.124e-05  2.120e-05  0.000e+00  0.000e+00
  16  6.322e+03  0.000e+00  7.812e-08  1.562e-07  1.000e-09  1.000e-09  1.0000  0.000e+00  0.000e+00  0.000e+00  7.812e-08  7.729e-08  0.000e+00  0.000e+00
*** SOLVE walking ***
iter    cost       merit      stop      |grad|      preg       dreg      step   ||ffeas||  ||gfeas||  ||hfeas||   dV-exp       dV      dPhi-exp     dPhi
   0  1.013e+07  0.000e+00  3.632e+07  7.243e+07  1.000e-09  1.000e-09  0.5000  1.526e+00  0.000e+00  0.000e+00  2.719e+07  2.621e+07  0.000e+00  0.000e+00
   1  8.640e+05  0.000e+00  1.011e+07  2.023e+07  1.000e-09  1.000e-09  1.0000  7.631e-01  0.000e+00  0.000e+00  1.011e+07  9.261e+06  0.000e+00  0.000e+00
   2  2.654e+05  0.000e+00  8.540e+05  1.708e+06  1.000e-09  1.000e-09  1.0000  0.000e+00  0.000e+00  0.000e+00  8.540e+05  5.986e+05  0.000e+00  0.000e+00
   3  1.621e+05  0.000e+00  2.557e+05  5.114e+05  1.000e-09  1.000e-09  1.0000  0.000e+00  0.000e+00  0.000e+00  2.557e+05  1.033e+05  0.000e+00  0.000e+00
   4  1.645e+04  0.000e+00  1.531e+05  3.061e+05  1.000e-09  1.000e-09  1.0000  0.000e+00  0.000e+00  0.000e+00  1.531e+05  1.457e+05  0.000e+00  0.000e+00
   5  1.303e+04  0.000e+00  8.915e+03  1.783e+04  1.000e-09  1.000e-09  0.5000  0.000e+00  0.000e+00  0.000e+00  6.686e+03  3.417e+03  0.000e+00  0.000e+00
   6  7.495e+03  0.000e+00  5.511e+03  1.102e+04  1.000e-09  1.000e-09  1.0000  0.000e+00  0.000e+00  0.000e+00  5.511e+03  5.536e+03  0.000e+00  0.000e+00
   7  7.307e+03  0.000e+00  7.638e+02  1.528e+03  1.000e-09  1.000e-09  0.2500  0.000e+00  0.000e+00  0.000e+00  3.342e+02  1.887e+02  0.000e+00  0.000e+00
   8  7.028e+03  0.000e+00  4.165e+02  8.331e+02  1.000e-09  1.000e-09  0.5000  0.000e+00  0.000e+00  0.000e+00  3.124e+02  2.782e+02  0.000e+00  0.000e+00
   9  6.929e+03  0.000e+00  2.763e+02  5.526e+02  1.000e-09  1.000e-09  0.5000  0.000e+00  0.000e+00  0.000e+00  2.072e+02  9.935e+01  0.000e+00  0.000e+00
iter    cost       merit      stop      |grad|      preg       dreg      step   ||ffeas||  ||gfeas||  ||hfeas||   dV-exp       dV      dPhi-exp     dPhi
  10  6.671e+03  0.000e+00  3.226e+02  6.452e+02  1.000e-09  1.000e-09  1.0000  0.000e+00  0.000e+00  0.000e+00  3.226e+02  2.576e+02  0.000e+00  0.000e+00
  11  6.624e+03  0.000e+00  1.330e+02  2.661e+02  1.000e-09  1.000e-09  0.5000  0.000e+00  0.000e+00  0.000e+00  9.978e+01  4.720e+01  0.000e+00  0.000e+00
  12  6.572e+03  0.000e+00  9.754e+01  1.951e+02  1.000e-09  1.000e-09  1.0000  0.000e+00  0.000e+00  0.000e+00  9.754e+01  5.194e+01  0.000e+00  0.000e+00
  13  6.567e+03  0.000e+00  4.725e+01  9.449e+01  1.000e-09  1.000e-09  0.2500  0.000e+00  0.000e+00  0.000e+00  2.067e+01  4.990e+00  0.000e+00  0.000e+00
  14  6.526e+03  0.000e+00  4.046e+01  8.091e+01  1.000e-09  1.000e-09  1.0000  0.000e+00  0.000e+00  0.000e+00  4.046e+01  4.118e+01  0.000e+00  0.000e+00
  15  6.524e+03  0.000e+00  4.994e+00  9.989e+00  1.000e-09  1.000e-09  0.5000  0.000e+00  0.000e+00  0.000e+00  3.746e+00  1.487e+00  0.000e+00  0.000e+00
  16  6.521e+03  0.000e+00  3.069e+00  6.138e+00  1.000e-09  1.000e-09  1.0000  0.000e+00  0.000e+00  0.000e+00  3.069e+00  3.097e+00  0.000e+00  0.000e+00
  17  6.521e+03  0.000e+00  6.382e-01  1.276e+00  1.000e-09  1.000e-09  0.5000  0.000e+00  0.000e+00  0.000e+00  4.786e-01  2.071e-01  0.000e+00  0.000e+00
  18  6.521e+03  0.000e+00  3.476e-01  6.952e-01  1.000e-09  1.000e-09  1.0000  0.000e+00  0.000e+00  0.000e+00  3.476e-01  3.491e-01  0.000e+00  0.000e+00
  19  6.521e+03  0.000e+00  3.448e-04  6.896e-04  1.000e-09  1.000e-09  1.0000  0.000e+00  0.000e+00  0.000e+00  3.448e-04  3.488e-04  0.000e+00  0.000e+00
iter    cost       merit      stop      |grad|      preg       dreg      step   ||ffeas||  ||gfeas||  ||hfeas||   dV-exp       dV      dPhi-exp     dPhi
  20  6.521e+03  0.000e+00  8.785e-07  1.757e-06  1.000e-09  1.000e-09  1.0000  0.000e+00  0.000e+00  0.000e+00  8.785e-07  9.248e-07  0.000e+00  0.000e+00
  21  6.521e+03  0.000e+00  2.759e-08  5.519e-08  1.000e-09  1.000e-09  1.0000  0.000e+00  0.000e+00  0.000e+00  2.759e-08  2.830e-08  0.000e+00  0.000e+00
