*** SOLVE walking ***
iter     cost         stop         grad         xreg         ureg       step    ||ffeas||
   0  1.62814e+04  1.86391e+08  1.35871e+06  1.00000e-02  1.00000e-02  1.0000  8.18545e-14
   1  8.16673e+03  4.28856e+09  2.57714e+04  1.00000e-02  1.00000e-02  0.5000  0.00000e+00
   2  5.08313e+03  1.13055e+09  9.21042e+03  1.00000e-02  1.00000e-02  0.5000  0.00000e+00
   3  3.82855e+03  3.17271e+08  3.13518e+03  1.00000e-03  1.00000e-03  1.0000  0.00000e+00
   4  3.75142e+03  8.30060e+05  9.01653e+02  1.00000e-03  1.00000e-03  0.2500  0.00000e+00
   5  3.51303e+03  2.12501e+05  6.86953e+02  1.00000e-03  1.00000e-03  0.5000  0.00000e+00
   6  3.45242e+03  1.91948e+05  2.41896e+02  1.00000e-03  1.00000e-03  0.5000  0.00000e+00
   7  3.43138e+03  9.47955e+04  1.28931e+02  1.00000e-03  1.00000e-03  0.5000  0.00000e+00
   8  3.40675e+03  4.03715e+04  8.98295e+01  1.00000e-03  1.00000e-03  0.5000  0.00000e+00
   9  3.40126e+03  2.99640e+04  4.14293e+01  1.00000e-04  1.00000e-04  1.0000  0.00000e+00
iter     cost         stop         grad         xreg         ureg       step    ||ffeas||
  10  3.39097e+03  5.08292e+04  3.28602e+01  1.00000e-05  1.00000e-05  1.0000  0.00000e+00
  11  3.38468e+03  4.29792e+02  1.26723e+01  1.00000e-06  1.00000e-06  1.0000  0.00000e+00
  12  3.38462e+03  6.43231e+00  1.46075e-01  1.00000e-07  1.00000e-07  1.0000  0.00000e+00
  13  3.38460e+03  5.36668e-01  3.85377e-02  1.00000e-08  1.00000e-08  1.0000  0.00000e+00
  14  3.38460e+03  1.20827e-02  5.31302e-04  1.00000e-09  1.00000e-09  1.0000  0.00000e+00
  15  3.38460e+03  7.92868e-03  1.63067e-05  1.00000e-09  1.00000e-09  1.0000  0.00000e+00
  16  3.38460e+03  9.29323e-04  2.49977e-06  1.00000e-09  1.00000e-09  1.0000  0.00000e+00
  17  3.38460e+03  1.58570e-04  3.85333e-07  1.00000e-09  1.00000e-09  1.0000  0.00000e+00
  18  3.38460e+03  2.37548e-05  6.12351e-08  1.00000e-09  1.00000e-09  1.0000  0.00000e+00
  19  3.38460e+03  3.62499e-06  1.17870e-08  1.00000e-09  1.00000e-09  1.0000  0.00000e+00
iter     cost         stop         grad         xreg         ureg       step    ||ffeas||
  20  3.38460e+03  5.12954e-07  4.45720e-09  1.00000e-09  1.00000e-09  1.0000  0.00000e+00
  21  3.38460e+03  3.85026e-08  3.55793e-09  1.00000e-09  1.00000e-09  1.0000  0.00000e+00
*** SOLVE walking ***
iter     cost         stop         grad         xreg         ureg       step    ||ffeas||
   0  2.50896e+05  1.56756e+10  1.89181e+06  1.00000e-01  1.00000e-01  0.5000  9.96033e-02
   1  7.48358e+04  1.98841e+09  4.97578e+05  1.00000e-01  1.00000e-01  0.5000  4.98017e-02
   2  1.82664e+04  3.30830e+08  1.23537e+05  1.00000e-02  1.00000e-02  1.0000  2.49008e-02
   3  1.71216e+04  1.29198e+08  1.43806e+04  1.00000e-02  1.00000e-02  0.1250  0.00000e+00
   4  1.43936e+04  8.90613e+07  8.91039e+03  1.00000e-02  1.00000e-02  0.5000  0.00000e+00
   5  1.34060e+04  1.35347e+07  3.91291e+03  1.00000e-02  1.00000e-02  0.5000  0.00000e+00
   6  1.29750e+04  3.93878e+06  2.38395e+03  1.00000e-03  1.00000e-03  1.0000  0.00000e+00
   7  1.24431e+04  1.82382e+06  2.91686e+03  1.00000e-03  1.00000e-03  0.5000  0.00000e+00
   8  1.18915e+04  1.80603e+06  1.83188e+03  1.00000e-03  1.00000e-03  0.5000  0.00000e+00
   9  1.17157e+04  8.37198e+05  7.20648e+02  1.00000e-04  1.00000e-04  1.0000  0.00000e+00
iter     cost         stop         grad         xreg         ureg       step    ||ffeas||
  10  1.16962e+04  5.21801e+04  4.65442e+02  1.00000e-04  1.00000e-04  0.5000  0.00000e+00
  11  1.15124e+04  7.52573e+03  3.53145e+02  1.00000e-05  1.00000e-05  1.0000  0.00000e+00
  12  1.15056e+04  1.35375e+04  4.00955e+01  1.00000e-05  1.00000e-05  0.2500  0.00000e+00
  13  1.14998e+04  7.60622e+03  1.15543e+01  1.00000e-06  1.00000e-06  1.0000  0.00000e+00
  14  1.14997e+04  3.75826e+01  9.00826e-01  1.00000e-07  1.00000e-07  1.0000  0.00000e+00
  15  1.14992e+04  1.74465e+01  9.14991e-01  1.00000e-08  1.00000e-08  1.0000  0.00000e+00
  16  1.14992e+04  4.41285e-02  5.04195e-03  1.00000e-09  1.00000e-09  1.0000  0.00000e+00
  17  1.14992e+04  1.56479e-03  2.63269e-05  1.00000e-09  1.00000e-09  1.0000  0.00000e+00
  18  1.14992e+04  4.82589e-04  3.62334e-06  1.00000e-09  1.00000e-09  1.0000  0.00000e+00
  19  1.14992e+04  6.40616e-05  5.33970e-07  1.00000e-09  1.00000e-09  1.0000  0.00000e+00
iter     cost         stop         grad         xreg         ureg       step    ||ffeas||
  20  1.14992e+04  1.05044e-05  7.99057e-08  1.00000e-09  1.00000e-09  1.0000  0.00000e+00
  21  1.14992e+04  1.53046e-06  1.32110e-08  1.00000e-09  1.00000e-09  1.0000  0.00000e+00
  22  1.14992e+04  2.06115e-07  3.44118e-09  1.00000e-09  1.00000e-09  1.0000  0.00000e+00
  23  1.14992e+04  4.33507e-08  2.17477e-09  1.00000e-09  1.00000e-09  0.5000  0.00000e+00
*** SOLVE walking ***
iter     cost         stop         grad         xreg         ureg       step    ||ffeas||
   0  2.38928e+05  2.80335e+09  1.77362e+06  1.00000e-01  1.00000e-01  0.5000  7.57216e-02
   1  2.31283e+04  7.44331e+08  4.59805e+05  1.00000e-02  1.00000e-02  1.0000  3.78608e-02
   2  1.79359e+04  3.02540e+07  2.86808e+04  1.00000e-02  1.00000e-02  0.2500  0.00000e+00
   3  1.17744e+04  2.50608e+07  1.88611e+04  1.00000e-02  1.00000e-02  0.5000  0.00000e+00
   4  1.03103e+04  2.26681e+07  6.89727e+03  1.00000e-03  1.00000e-03  1.0000  0.00000e+00
   5  9.35112e+03  6.01459e+06  6.08903e+03  1.00000e-03  1.00000e-03  0.2500  0.00000e+00
   6  8.34876e+03  4.13906e+06  3.81278e+03  1.00000e-03  1.00000e-03  0.5000  0.00000e+00
   7  7.93759e+03  2.36911e+06  2.02661e+03  1.00000e-03  1.00000e-03  0.5000  0.00000e+00
   8  7.76399e+03  6.67349e+05  1.13736e+03  1.00000e-04  1.00000e-04  1.0000  0.00000e+00
   9  7.64432e+03  2.75080e+05  8.86513e+02  1.00000e-04  1.00000e-04  0.2500  0.00000e+00
iter     cost         stop         grad         xreg         ureg       step    ||ffeas||
  10  7.35151e+03  1.52362e+05  6.25348e+02  1.00000e-05  1.00000e-05  1.0000  0.00000e+00
  11  7.34511e+03  5.51120e+02  6.81966e+01  1.00000e-05  1.00000e-05  0.5000  0.00000e+00
  12  7.33431e+03  3.18215e+02  5.34365e+01  1.00000e-06  1.00000e-06  1.0000  0.00000e+00
  13  7.32853e+03  4.33536e+02  3.19645e+01  1.00000e-07  1.00000e-07  1.0000  0.00000e+00
  14  7.31818e+03  8.59536e+01  2.05917e+01  1.00000e-08  1.00000e-08  1.0000  0.00000e+00
  15  7.31793e+03  4.62374e+00  4.86236e-01  1.00000e-09  1.00000e-09  1.0000  0.00000e+00
  16  7.31790e+03  1.35068e-01  5.69707e-02  1.00000e-09  1.00000e-09  1.0000  0.00000e+00
  17  7.31790e+03  1.38464e-02  1.32210e-03  1.00000e-09  1.00000e-09  1.0000  0.00000e+00
  18  7.31790e+03  1.98283e-04  2.91099e-06  1.00000e-09  1.00000e-09  1.0000  0.00000e+00
  19  7.31790e+03  4.93603e-05  2.58612e-07  1.00000e-09  1.00000e-09  1.0000  0.00000e+00
iter     cost         stop         grad         xreg         ureg       step    ||ffeas||
  20  7.31790e+03  6.33806e-06  3.95599e-08  1.00000e-09  1.00000e-09  1.0000  0.00000e+00
  21  7.31790e+03  1.03322e-06  7.68885e-09  1.00000e-09  1.00000e-09  1.0000  0.00000e+00
  22  7.31790e+03  1.23797e-07  2.70822e-09  1.00000e-09  1.00000e-09  1.0000  0.00000e+00
  23  7.31790e+03  3.10908e-08  2.11450e-09  1.00000e-09  1.00000e-09  1.0000  0.00000e+00
*** SOLVE walking ***
iter     cost         stop         grad         xreg         ureg       step    ||ffeas||
   0  2.39170e+05  1.89989e+09  1.76981e+06  1.00000e-01  1.00000e-01  0.5000  7.00119e-02
   1  2.62123e+04  8.09225e+08  4.59109e+05  1.00000e-02  1.00000e-02  1.0000  3.50059e-02
   2  2.42623e+04  1.31417e+08  3.78756e+04  1.00000e-02  1.00000e-02  0.1250  0.00000e+00
   3  1.52429e+04  1.02944e+08  3.08390e+04  1.00000e-02  1.00000e-02  0.5000  0.00000e+00
   4  1.06906e+04  5.03405e+07  1.37577e+04  1.00000e-02  1.00000e-02  0.5000  0.00000e+00
   5  9.32968e+03  1.92446e+07  5.48785e+03  1.00000e-02  1.00000e-02  0.5000  0.00000e+00
   6  8.33145e+03  6.11660e+06  3.06037e+03  1.00000e-02  1.00000e-02  0.5000  0.00000e+00
   7  7.93177e+03  2.09082e+06  1.46486e+03  1.00000e-03  1.00000e-03  1.0000  0.00000e+00
   8  7.68481e+03  4.55044e+05  1.19889e+03  1.00000e-03  1.00000e-03  0.2500  0.00000e+00
   9  7.50033e+03  2.92297e+05  6.17630e+02  1.00000e-03  1.00000e-03  0.5000  0.00000e+00
iter     cost         stop         grad         xreg         ureg       step    ||ffeas||
  10  7.42994e+03  1.28067e+05  2.66841e+02  1.00000e-03  1.00000e-03  0.5000  0.00000e+00
  11  7.40108e+03  3.86203e+04  1.15335e+02  1.00000e-03  1.00000e-03  0.5000  0.00000e+00
  12  7.37786e+03  1.05736e+04  6.27177e+01  1.00000e-03  1.00000e-03  0.5000  0.00000e+00
  13  7.37383e+03  2.73216e+03  2.04604e+01  1.00000e-04  1.00000e-04  1.0000  0.00000e+00
  14  7.37293e+03  1.13419e+02  2.09336e+01  1.00000e-04  1.00000e-04  0.0625  0.00000e+00
  15  7.36724e+03  1.03854e+02  1.50007e+01  1.00000e-05  1.00000e-05  1.0000  0.00000e+00
  16  7.36709e+03  2.49613e+01  4.46504e+00  1.00000e-05  1.00000e-05  0.0625  0.00000e+00
  17  7.36531e+03  2.21408e+01  3.59289e+00  1.00000e-06  1.00000e-06  1.0000  0.00000e+00
  18  7.36514e+03  7.50284e-01  3.05879e-01  1.00000e-07  1.00000e-07  1.0000  0.00000e+00
  19  7.36506e+03  2.75319e+00  1.46316e-01  1.00000e-08  1.00000e-08  1.0000  0.00000e+00
iter     cost         stop         grad         xreg         ureg       step    ||ffeas||
  20  7.36506e+03  4.83665e-02  2.96022e-05  1.00000e-09  1.00000e-09  1.0000  0.00000e+00
  21  7.36506e+03  1.86478e-04  1.06337e-06  1.00000e-09  1.00000e-09  1.0000  0.00000e+00
  22  7.36506e+03  1.88946e-05  1.49492e-07  1.00000e-09  1.00000e-09  1.0000  0.00000e+00
  23  7.36506e+03  4.32411e-06  2.41455e-08  1.00000e-09  1.00000e-09  1.0000  0.00000e+00
  24  7.36506e+03  6.73086e-07  5.71907e-09  1.00000e-09  1.00000e-09  1.0000  0.00000e+00
  25  7.36506e+03  9.25273e-08  2.95144e-09  1.00000e-09  1.00000e-09  1.0000  0.00000e+00
