iter     cost         stop         grad         xreg         ureg       step    ||ffeas||    ||hfeas||
   0  1.64333e-01  1.82649e+01  3.19236e-13  1.00000e-09  1.00000e-09  1.0000  3.14000e+00  1.82649e+01
   1  1.64333e-01  1.82649e+01  2.72367e+00  1.00000e-09  1.00000e-09  0.0020  0.00000e+00  1.82649e+01
   2  1.16901e+01  6.67471e+04  2.54581e+05  1.00000e-03  1.00000e-03  1.0000  0.00000e+00  3.45026e+01
   3  8.85855e+01  3.54232e+04  1.47829e+06  1.00000e-03  1.00000e-03  1.0000  0.00000e+00  2.60965e+01
   4  2.37556e+01  1.41141e+04  5.49588e+05  1.00000e-03  1.00000e-03  1.0000  0.00000e+00  5.22900e+01
   5  2.71180e+00  4.61828e+02  4.28731e+04  1.00000e-04  1.00000e-04  1.0000  0.00000e+00  1.39465e+01
   6  1.54703e+00  1.63901e+02  6.52153e+03  1.00000e-05  1.00000e-05  1.0000  0.00000e+00  2.30959e+01
   7  3.93073e-01  1.30699e+01  6.67717e+02  1.00000e-06  1.00000e-06  1.0000  0.00000e+00  1.30699e+01
   8  3.47499e-01  8.02227e+00  5.72234e+01  1.00000e-07  1.00000e-07  1.0000  0.00000e+00  8.02227e+00
   9  3.15354e-01  1.45123e+00  4.50556e+00  1.00000e-08  1.00000e-08  1.0000  0.00000e+00  1.45123e+00
iter     cost         stop         grad         xreg         ureg       step    ||ffeas||    ||hfeas||
  10  2.72987e-01  3.00194e+00  1.19905e-01  1.00000e-09  1.00000e-09  1.0000  0.00000e+00  3.00194e+00
  11  2.56556e-01  1.83058e+00  3.06444e-01  1.00000e-09  1.00000e-09  0.5000  0.00000e+00  1.83058e+00
  12  2.49312e-01  6.92248e-01  1.28323e-01  1.00000e-09  1.00000e-09  1.0000  0.00000e+00  6.92248e-01
  13  2.35078e-01  9.42186e-01  1.50632e-01  1.00000e-09  1.00000e-09  1.0000  0.00000e+00  9.42186e-01
  14  2.27361e-01  5.05279e-01  5.74934e-02  1.00000e-09  1.00000e-09  1.0000  0.00000e+00  5.05279e-01
  15  2.22011e-01  5.91394e-01  2.32773e-01  1.00000e-09  1.00000e-09  1.0000  0.00000e+00  5.91394e-01
  16  2.17156e-01  3.10182e-01  3.40143e-02  1.00000e-09  1.00000e-09  1.0000  0.00000e+00  3.10182e-01
  17  2.13780e-01  3.75957e-01  3.91586e-02  1.00000e-09  1.00000e-09  1.0000  0.00000e+00  3.75957e-01
  18  2.10936e-01  2.95532e-01  8.82600e-03  1.00000e-09  1.00000e-09  1.0000  0.00000e+00  2.95532e-01
  19  2.08750e-01  2.61665e-01  4.07303e-03  1.00000e-09  1.00000e-09  1.0000  0.00000e+00  2.61665e-01
iter     cost         stop         grad         xreg         ureg       step    ||ffeas||    ||hfeas||
  20  2.07129e-01  1.68161e-01  2.11688e-03  1.00000e-09  1.00000e-09  1.0000  0.00000e+00  1.68161e-01
  21  2.05916e-01  1.20795e-01  1.38910e-03  1.00000e-09  1.00000e-09  1.0000  0.00000e+00  1.20795e-01
  22  2.05003e-01  7.97182e-02  1.00332e-03  1.00000e-09  1.00000e-09  1.0000  0.00000e+00  7.97182e-02
  23  2.04307e-01  5.52862e-02  7.48298e-04  1.00000e-09  1.00000e-09  1.0000  0.00000e+00  5.52862e-02
  24  2.03769e-01  4.23843e-02  5.70672e-04  1.00000e-09  1.00000e-09  1.0000  0.00000e+00  4.23843e-02
  25  2.03350e-01  2.80755e-02  4.41795e-04  1.00000e-09  1.00000e-09  1.0000  0.00000e+00  2.80755e-02
  26  2.03021e-01  2.20390e-02  3.44776e-04  1.00000e-09  1.00000e-09  1.0000  0.00000e+00  2.20390e-02
  27  2.02762e-01  1.58706e-02  2.70783e-04  1.00000e-09  1.00000e-09  1.0000  0.00000e+00  1.58706e-02
  28  2.02558e-01  1.03386e-02  2.13401e-04  1.00000e-09  1.00000e-09  1.0000  0.00000e+00  1.03386e-02
  29  2.02396e-01  8.26907e-03  1.68634e-04  1.00000e-09  1.00000e-09  1.0000  0.00000e+00  8.26907e-03
iter     cost         stop         grad         xreg         ureg       step    ||ffeas||    ||hfeas||
  30  2.02268e-01  6.06118e-03  1.33507e-04  1.00000e-09  1.00000e-09  1.0000  0.00000e+00  6.06118e-03
  31  2.02166e-01  4.48402e-03  1.05860e-04  1.00000e-09  1.00000e-09  1.0000  0.00000e+00  4.48402e-03
  32  2.02086e-01  3.04773e-03  8.40762e-05  1.00000e-09  1.00000e-09  1.0000  0.00000e+00  3.04773e-03
  33  2.02021e-01  2.18250e-03  6.69031e-05  1.00000e-09  1.00000e-09  1.0000  0.00000e+00  2.18250e-03
  34  2.01970e-01  1.80395e-03  5.33406e-05  1.00000e-09  1.00000e-09  1.0000  0.00000e+00  1.80395e-03
  35  2.01929e-01  1.41375e-03  4.26028e-05  1.00000e-09  1.00000e-09  1.0000  0.00000e+00  1.41375e-03
  36  2.01897e-01  1.06216e-03  3.40821e-05  1.00000e-09  1.00000e-09  1.0000  0.00000e+00  1.06216e-03
  37  2.01870e-01  7.71725e-04  2.73089e-05  1.00000e-09  1.00000e-09  1.0000  0.00000e+00  7.71725e-04
  38  2.01849e-01  5.46060e-04  2.19173e-05  1.00000e-09  1.00000e-09  1.0000  0.00000e+00  5.46060e-04
  39  2.01833e-01  3.78452e-04  1.76193e-05  1.00000e-09  1.00000e-09  1.0000  0.00000e+00  3.78452e-04
iter     cost         stop         grad         xreg         ureg       step    ||ffeas||    ||hfeas||
  40  2.01819e-01  2.58097e-04  1.41873e-05  1.00000e-09  1.00000e-09  1.0000  0.00000e+00  2.58097e-04
  41  2.01808e-01  1.73846e-04  1.14417e-05  1.00000e-09  1.00000e-09  1.0000  0.00000e+00  1.73846e-04
  42  2.01799e-01  1.34163e-04  9.24083e-06  1.00000e-09  1.00000e-09  1.0000  0.00000e+00  1.34163e-04
  43  2.01792e-01  1.05642e-04  7.47302e-06  1.00000e-09  1.00000e-09  1.0000  0.00000e+00  1.05642e-04
  44  2.01786e-01  8.20961e-05  6.05044e-06  1.00000e-09  1.00000e-09  1.0000  0.00000e+00  8.20961e-05
  45  2.01782e-01  6.30752e-05  4.90376e-06  1.00000e-09  1.00000e-09  1.0000  0.00000e+00  6.30752e-05
  46  2.01778e-01  4.79765e-05  3.97810e-06  1.00000e-09  1.00000e-09  1.0000  0.00000e+00  4.79765e-05
  47  2.01775e-01  3.61630e-05  3.22991e-06  1.00000e-09  1.00000e-09  1.0000  0.00000e+00  3.61630e-05
  48  2.01772e-01  2.70324e-05  2.62449e-06  1.00000e-09  1.00000e-09  1.0000  0.00000e+00  2.70324e-05
  49  2.01770e-01  2.00494e-05  2.13411e-06  1.00000e-09  1.00000e-09  1.0000  0.00000e+00  2.00494e-05
iter     cost         stop         grad         xreg         ureg       step    ||ffeas||    ||hfeas||
  50  2.01769e-01  1.47586e-05  1.73656e-06  1.00000e-09  1.00000e-09  1.0000  0.00000e+00  1.47586e-05
  51  2.01767e-01  1.07835e-05  1.41399e-06  1.00000e-09  1.00000e-09  1.0000  0.00000e+00  1.07835e-05
  52  2.01766e-01  7.82001e-06  1.15208e-06  1.00000e-09  1.00000e-09  1.0000  0.00000e+00  7.82001e-06
  53  2.01765e-01  5.62694e-06  9.39251e-07  1.00000e-09  1.00000e-09  1.0000  0.00000e+00  5.62694e-06
  54  2.01765e-01  4.01548e-06  7.66196e-07  1.00000e-09  1.00000e-09  1.0000  0.00000e+00  4.01548e-06
  55  2.01764e-01  2.83975e-06  6.25385e-07  1.00000e-09  1.00000e-09  1.0000  0.00000e+00  2.83975e-06
  56  2.01763e-01  1.98808e-06  5.10738e-07  1.00000e-09  1.00000e-09  1.0000  0.00000e+00  1.98808e-06
  57  2.01763e-01  1.37579e-06  4.17334e-07  1.00000e-09  1.00000e-09  1.0000  0.00000e+00  1.37579e-06
  58  2.01763e-01  1.09156e-06  3.41191e-07  1.00000e-09  1.00000e-09  1.0000  0.00000e+00  1.09156e-06
  59  2.01762e-01  9.07717e-07  2.79083e-07  1.00000e-09  1.00000e-09  1.0000  0.00000e+00  9.07717e-07
iter     cost         stop         grad         xreg         ureg       step    ||ffeas||    ||hfeas||
  60  2.01762e-01  7.54486e-07  2.28393e-07  1.00000e-09  1.00000e-09  1.0000  0.00000e+00  7.54486e-07
  61  2.01762e-01  6.26856e-07  1.86999e-07  1.00000e-09  1.00000e-09  1.0000  0.00000e+00  6.26856e-07
  62  2.01762e-01  5.20617e-07  1.53179e-07  1.00000e-09  1.00000e-09  1.0000  0.00000e+00  5.20617e-07
  63  2.01762e-01  4.32234e-07  1.25531e-07  1.00000e-09  1.00000e-09  1.0000  0.00000e+00  4.32234e-07
  64  2.01762e-01  3.58743e-07  1.02918e-07  1.00000e-09  1.00000e-09  1.0000  0.00000e+00  3.58743e-07
  65  2.01762e-01  2.97664e-07  8.44146e-08  1.00000e-09  1.00000e-09  1.0000  0.00000e+00  2.97664e-07
  66  2.01762e-01  2.46920e-07  6.92659e-08  1.00000e-09  1.00000e-09  1.0000  0.00000e+00  2.46920e-07
  67  2.01761e-01  2.04780e-07  5.68581e-08  1.00000e-09  1.00000e-09  1.0000  0.00000e+00  2.04780e-07
  68  2.01761e-01  1.69795e-07  4.66909e-08  1.00000e-09  1.00000e-09  1.0000  0.00000e+00  1.69795e-07
  69  2.01761e-01  1.40760e-07  3.83560e-08  1.00000e-09  1.00000e-09  1.0000  0.00000e+00  1.40760e-07
iter     cost         stop         grad         xreg         ureg       step    ||ffeas||    ||hfeas||
  70  2.01761e-01  1.16670e-07  3.15203e-08  1.00000e-09  1.00000e-09  1.0000  0.00000e+00  1.16670e-07
  71  2.01761e-01  9.66871e-08  2.59120e-08  1.00000e-09  1.00000e-09  1.0000  0.00000e+00  9.66871e-08
  72  2.01761e-01  8.01153e-08  2.13088e-08  1.00000e-09  1.00000e-09  1.0000  0.00000e+00  8.01153e-08
  73  2.01761e-01  6.63749e-08  1.75291e-08  1.00000e-09  1.00000e-09  1.0000  0.00000e+00  6.63749e-08
  74  2.01761e-01  5.49845e-08  1.44245e-08  1.00000e-09  1.00000e-09  1.0000  0.00000e+00  5.49845e-08
  75  2.01761e-01  4.55437e-08  1.18735e-08  1.00000e-09  1.00000e-09  1.0000  0.00000e+00  4.55437e-08
  76  2.01761e-01  3.77200e-08  9.77663e-09  1.00000e-09  1.00000e-09  1.0000  0.00000e+00  3.77200e-08
  77  2.01761e-01  3.12375e-08  8.05247e-09  1.00000e-09  1.00000e-09  1.0000  0.00000e+00  3.12375e-08
  78  2.01761e-01  2.58668e-08  6.63430e-09  1.00000e-09  1.00000e-09  1.0000  0.00000e+00  2.58668e-08
  79  2.01761e-01  2.14178e-08  5.46744e-09  1.00000e-09  1.00000e-09  1.0000  0.00000e+00  2.14178e-08
iter     cost         stop         grad         xreg         ureg       step    ||ffeas||    ||hfeas||
  80  2.01761e-01  1.77328e-08  4.50707e-09  1.00000e-09  1.00000e-09  1.0000  0.00000e+00  1.77328e-08
  81  2.01761e-01  1.46808e-08  3.71639e-09  1.00000e-09  1.00000e-09  1.0000  0.00000e+00  1.46808e-08
  82  2.01761e-01  1.21533e-08  3.06524e-09  1.00000e-09  1.00000e-09  1.0000  0.00000e+00  1.21533e-08
  83  2.01761e-01  1.00605e-08  2.52883e-09  1.00000e-09  1.00000e-09  1.0000  0.00000e+00  1.00605e-08
  84  2.01761e-01  8.32757e-09  2.08683e-09  1.00000e-09  1.00000e-09  1.0000  0.00000e+00  8.32757e-09
  85  2.01761e-01  6.89286e-09  1.72251e-09  1.00000e-09  1.00000e-09  1.0000  0.00000e+00  6.89286e-09
  86  2.01761e-01  5.70507e-09  1.42214e-09  1.00000e-09  1.00000e-09  1.0000  0.00000e+00  5.70507e-09
  87  2.01761e-01  4.72177e-09  1.17443e-09  1.00000e-09  1.00000e-09  1.0000  0.00000e+00  4.72177e-09
  88  2.01761e-01  3.90781e-09  9.70101e-10  1.00000e-09  1.00000e-09  1.0000  0.00000e+00  3.90781e-09
  89  2.01761e-01  3.32296e-09  8.01506e-10  1.00000e-09  1.00000e-09  1.0000  0.00000e+00  3.32296e-09
iter     cost         stop         grad         xreg         ureg       step    ||ffeas||    ||hfeas||
  90  2.01761e-01  2.83510e-09  6.62364e-10  1.00000e-09  1.00000e-09  1.0000  0.00000e+00  2.83510e-09
  91  2.01761e-01  2.41664e-09  5.47501e-10  1.00000e-09  1.00000e-09  1.0000  0.00000e+00  2.41664e-09
  92  2.01761e-01  2.05818e-09  4.52657e-10  1.00000e-09  1.00000e-09  1.0000  0.00000e+00  2.05818e-09
  93  2.01761e-01  1.75149e-09  3.74326e-10  1.00000e-09  1.00000e-09  1.0000  0.00000e+00  1.75149e-09
  94  2.01761e-01  1.48937e-09  3.09617e-10  1.00000e-09  1.00000e-09  1.0000  0.00000e+00  1.48937e-09
  95  2.01761e-01  1.26560e-09  2.56150e-10  1.00000e-09  1.00000e-09  1.0000  0.00000e+00  1.26560e-09
  96  2.01761e-01  1.07473e-09  2.11961e-10  1.00000e-09  1.00000e-09  1.0000  0.00000e+00  1.07473e-09
  97  2.01761e-01  9.12086e-10  1.75432e-10  1.00000e-09  1.00000e-09  1.0000  0.00000e+00  9.12086e-10
