iter    cost       stop       grad       xreg       ureg      step   ||ffeas||   dV-exp       dV    
   0  8.788e+01  4.310e+00  1.892e+02  1.000e-09  1.000e-09  0.0625  2.842e-14  1.145e+01  1.086e+01
   1  7.826e+01  3.780e+03  1.678e+02  1.000e-09  1.000e-09  0.0625  2.665e-14  1.016e+01  9.623e+00
   2  7.374e+01  6.118e+03  1.487e+02  1.000e-09  1.000e-09  0.0312  2.498e-14  4.573e+00  4.513e+00
   3  7.160e+01  5.872e+03  1.397e+02  1.000e-09  1.000e-09  0.0156  2.420e-14  2.165e+00  2.147e+00
   4  6.983e+01  5.057e+03  1.350e+02  1.000e-09  1.000e-09  0.0312  2.383e-14  4.152e+00  1.769e+00
   5  6.802e+01  1.643e+04  1.316e+02  1.000e-09  1.000e-09  0.0156  2.309e-14  2.040e+00  1.806e+00
   6  6.722e+01  1.520e+04  1.278e+02  1.000e-08  1.000e-08  0.0078  2.273e-14  9.943e-01  7.968e-01
   7  6.687e+01  1.486e+04  1.262e+02  1.000e-07  1.000e-07  0.0039  2.257e-14  4.920e-01  3.578e-01
   8  6.611e+01  1.488e+04  1.254e+02  1.000e-06  1.000e-06  0.0078  2.248e-14  9.761e-01  7.593e-01
   9  6.559e+01  1.287e+04  1.238e+02  1.000e-05  1.000e-05  0.0078  2.232e-14  9.634e-01  5.201e-01
iter    cost       stop       grad       xreg       ureg      step   ||ffeas||   dV-exp       dV    
  10  6.536e+01  1.014e+04  1.221e+02  1.000e-05  1.000e-05  0.0156  2.215e-14  1.892e+00  2.309e-01
  11  6.536e+01  7.127e+03  1.215e+02  1.000e-04  1.000e-04  0.0020  2.182e-14  2.370e-01  6.295e-03
  12  6.263e+01  7.138e+03  1.194e+02  1.000e-04  1.000e-04  0.0625  2.182e-14  7.230e+00  2.725e+00
  13  6.199e+01  5.476e+03  1.139e+02  1.000e-04  1.000e-04  0.0312  2.046e-14  3.504e+00  6.387e-01
  14  6.180e+01  4.798e+03  1.125e+02  1.000e-04  1.000e-04  0.0156  1.982e-14  1.745e+00  1.951e-01
  15  6.175e+01  4.533e+03  1.117e+02  1.000e-03  1.000e-03  0.0039  1.951e-14  4.356e-01  4.403e-02
  16  5.625e+01  4.492e+03  1.057e+02  1.000e-03  1.000e-03  0.1250  1.943e-14  1.239e+01  5.507e+00
  17  5.409e+01  3.669e+03  9.391e+01  1.000e-03  1.000e-03  0.0625  1.699e-14  5.686e+00  2.153e+00
  18  5.335e+01  2.511e+03  8.899e+01  1.000e-03  1.000e-03  0.0312  1.593e-14  2.737e+00  7.418e-01
  19  5.271e+01  2.434e+03  8.596e+01  1.000e-03  1.000e-03  0.0312  1.543e-14  2.644e+00  6.426e-01
iter    cost       stop       grad       xreg       ureg      step   ||ffeas||   dV-exp       dV    
  20  5.221e+01  2.573e+03  8.405e+01  1.000e-03  1.000e-03  0.0312  1.496e-14  2.585e+00  5.017e-01
  21  5.180e+01  3.036e+03  8.253e+01  1.000e-03  1.000e-03  0.0312  1.449e-14  2.539e+00  4.124e-01
  22  5.109e+01  4.078e+03  8.123e+01  1.000e-03  1.000e-03  0.0312  1.404e-14  2.499e+00  7.104e-01
  23  5.043e+01  5.407e+03  7.943e+01  1.000e-03  1.000e-03  0.0312  1.360e-14  2.443e+00  6.576e-01
  24  5.006e+01  6.104e+03  7.595e+01  1.000e-03  1.000e-03  0.0312  1.318e-14  2.336e+00  3.644e-01
  25  4.995e+01  9.198e+03  7.137e+01  1.000e-03  1.000e-03  0.0156  1.277e-14  1.106e+00  1.182e-01
  26  4.989e+01  1.000e+04  6.958e+01  1.000e-02  1.000e-02  0.0078  1.257e-14  5.415e-01  5.724e-02
  27  4.954e+01  1.011e+04  5.309e+01  1.000e-02  1.000e-02  0.0312  1.246e-14  1.633e+00  3.532e-01
  28  4.751e+01  1.093e+04  5.184e+01  1.000e-02  1.000e-02  0.1250  1.207e-14  6.076e+00  2.029e+00
  29  4.526e+01  5.140e+03  4.819e+01  1.000e-02  1.000e-02  0.2500  1.057e-14  1.054e+01  2.244e+00
iter    cost       stop       grad       xreg       ureg      step   ||ffeas||   dV-exp       dV    
  30  4.144e+01  2.624e+03  4.639e+01  1.000e-02  1.000e-02  0.2500  7.938e-15  1.015e+01  3.823e+00
  31  3.745e+01  3.559e+03  4.990e+01  1.000e-02  1.000e-02  0.2500  5.940e-15  1.092e+01  3.994e+00
  32  3.254e+01  1.067e+04  4.835e+01  1.000e-02  1.000e-02  0.2500  4.469e-15  1.058e+01  4.908e+00
  33  2.861e+01  5.023e+03  4.262e+01  1.000e-02  1.000e-02  0.2500  3.358e-15  9.322e+00  3.924e+00
  34  2.584e+01  2.085e+03  3.728e+01  1.000e-02  1.000e-02  0.2500  2.526e-15  8.156e+00  2.772e+00
  35  2.245e+01  1.074e+03  3.298e+01  1.000e-02  1.000e-02  0.5000  1.887e-15  1.237e+01  3.394e+00
  36  2.106e+01  5.981e+02  2.722e+01  1.000e-02  1.000e-02  0.5000  9.992e-16  1.021e+01  1.383e+00
  37  2.106e+01  2.235e+02  2.480e+01  1.000e-01  1.000e-01  0.0020  5.551e-16  4.839e-02  2.979e-03
  38  1.935e+01  2.849e+02  1.491e+01  1.000e-02  1.000e-02  1.0000  5.551e-16  7.457e+00  1.713e+00
  39  1.461e+01  8.003e+01  1.942e+01  1.000e-03  1.000e-03  1.0000  0.000e+00  9.709e+00  4.743e+00
iter    cost       stop       grad       xreg       ureg      step   ||ffeas||   dV-exp       dV    
  40  8.279e+00  3.144e+03  1.668e+01  1.000e-04  1.000e-04  1.0000  0.000e+00  8.341e+00  6.329e+00
  41  6.316e+00  1.344e+03  5.658e+00  1.000e-04  1.000e-04  0.5000  0.000e+00  3.295e+00  1.963e+00
  42  5.819e+00  4.110e+02  1.814e+00  1.000e-04  1.000e-04  0.5000  0.000e+00  9.691e-01  4.967e-01
  43  5.544e+00  2.489e+03  1.049e+00  1.000e-05  1.000e-05  1.0000  0.000e+00  6.680e-01  2.746e-01
  44  5.425e+00  8.615e+02  1.210e+00  1.000e-05  1.000e-05  0.2500  0.000e+00  3.072e-01  1.197e-01
  45  5.115e+00  5.184e+02  1.040e+00  1.000e-06  1.000e-06  1.0000  0.000e+00  6.225e-01  3.099e-01
  46  5.108e+00  1.109e+03  7.585e-01  1.000e-06  1.000e-06  0.0156  0.000e+00  1.176e-02  6.312e-03
  47  4.858e+00  1.075e+03  7.416e-01  1.000e-06  1.000e-06  0.5000  0.000e+00  2.781e-01  2.507e-01
  48  4.824e+00  4.433e+02  2.701e-01  1.000e-06  1.000e-06  0.2500  0.000e+00  5.909e-02  3.416e-02
  49  4.723e+00  2.534e+02  2.022e-01  1.000e-07  1.000e-07  1.0000  0.000e+00  1.011e-01  1.001e-01
iter    cost       stop       grad       xreg       ureg      step   ||ffeas||   dV-exp       dV    
  50  4.723e+00  2.104e+01  4.650e-02  1.000e-06  1.000e-06  0.0039  0.000e+00  1.813e-04  7.460e-05
  51  4.721e+00  2.090e+01  4.352e-02  1.000e-06  1.000e-06  0.1250  0.000e+00  5.100e-03  2.446e-03
  52  4.704e+00  1.992e+01  3.613e-02  1.000e-07  1.000e-07  1.0000  0.000e+00  1.806e-02  1.681e-02
  53  4.695e+00  1.390e+00  2.382e-02  1.000e-08  1.000e-08  1.0000  0.000e+00  1.191e-02  9.604e-03
  54  4.690e+00  4.653e-01  1.041e-02  1.000e-09  1.000e-09  1.0000  0.000e+00  5.204e-03  4.996e-03
  55  4.688e+00  8.672e+00  1.070e-01  1.000e-09  1.000e-09  0.0156  0.000e+00  1.658e-03  1.935e-03
  56  4.686e+00  3.449e-01  1.031e-01  1.000e-09  1.000e-09  0.0156  0.000e+00  1.599e-03  1.263e-03
  57  4.686e+00  9.541e+00  1.007e-01  1.000e-09  1.000e-09  0.0156  0.000e+00  1.560e-03  7.578e-04
  58  4.685e+00  3.213e+01  9.917e-02  1.000e-09  1.000e-09  0.0156  0.000e+00  1.537e-03  3.082e-04
  59  4.685e+00  6.509e+01  9.858e-02  1.000e-08  1.000e-08  0.0078  0.000e+00  7.671e-04  4.403e-04
iter    cost       stop       grad       xreg       ureg      step   ||ffeas||   dV-exp       dV    
  60  4.684e+00  7.227e+01  9.771e-02  1.000e-07  1.000e-07  0.0078  0.000e+00  7.604e-04  4.240e-04
  61  4.684e+00  7.934e+01  9.683e-02  1.000e-06  1.000e-06  0.0078  0.000e+00  7.535e-04  4.097e-04
  62  4.684e+00  8.625e+01  9.553e-02  1.000e-05  1.000e-05  0.0078  0.000e+00  7.434e-04  3.991e-04
  63  4.683e+00  9.281e+01  9.094e-02  1.000e-04  1.000e-04  0.0078  0.000e+00  7.077e-04  4.052e-04
  64  4.683e+00  9.797e+01  7.030e-02  1.000e-04  1.000e-04  0.0156  0.000e+00  1.090e-03  5.443e-04
  65  4.682e+00  1.071e+02  6.981e-02  1.000e-04  1.000e-04  0.0156  0.000e+00  1.082e-03  5.267e-04
  66  4.682e+00  1.156e+02  6.934e-02  1.000e-04  1.000e-04  0.0156  0.000e+00  1.075e-03  5.132e-04
  67  4.681e+00  1.236e+02  6.888e-02  1.000e-04  1.000e-04  0.0156  0.000e+00  1.068e-03  5.007e-04
  68  4.681e+00  1.310e+02  6.844e-02  1.000e-04  1.000e-04  0.0156  0.000e+00  1.061e-03  4.914e-04
  69  4.680e+00  1.377e+02  6.801e-02  1.000e-04  1.000e-04  0.0156  0.000e+00  1.054e-03  4.852e-04
iter    cost       stop       grad       xreg       ureg      step   ||ffeas||   dV-exp       dV    
  70  4.680e+00  1.437e+02  6.758e-02  1.000e-04  1.000e-04  0.0156  0.000e+00  1.048e-03  4.805e-04
  71  4.679e+00  1.491e+02  6.715e-02  1.000e-04  1.000e-04  0.0156  0.000e+00  1.041e-03  4.770e-04
  72  4.679e+00  1.538e+02  6.916e-02  1.000e-04  1.000e-04  0.0156  0.000e+00  1.072e-03  5.141e-04
  73  4.678e+00  1.578e+02  6.865e-02  1.000e-04  1.000e-04  0.0156  0.000e+00  1.064e-03  5.149e-04
  74  4.678e+00  1.611e+02  6.811e-02  1.000e-04  1.000e-04  0.0156  0.000e+00  1.056e-03  5.113e-04
  75  4.677e+00  1.639e+02  6.758e-02  1.000e-04  1.000e-04  0.0156  0.000e+00  1.048e-03  5.118e-04
  76  4.677e+00  1.660e+02  6.704e-02  1.000e-04  1.000e-04  0.0156  0.000e+00  1.039e-03  5.137e-04
  77  4.676e+00  1.676e+02  6.647e-02  1.000e-04  1.000e-04  0.0156  0.000e+00  1.031e-03  5.150e-04
  78  4.676e+00  1.686e+02  6.591e-02  1.000e-04  1.000e-04  0.0156  0.000e+00  1.022e-03  5.180e-04
  79  4.675e+00  1.691e+02  6.532e-02  1.000e-04  1.000e-04  0.0156  0.000e+00  1.013e-03  5.200e-04
iter    cost       stop       grad       xreg       ureg      step   ||ffeas||   dV-exp       dV    
  80  4.675e+00  1.691e+02  6.472e-02  1.000e-04  1.000e-04  0.0156  0.000e+00  1.003e-03  5.236e-04
  81  4.674e+00  1.687e+02  6.410e-02  1.000e-04  1.000e-04  0.0156  0.000e+00  9.938e-04  5.254e-04
  82  4.673e+00  1.679e+02  6.347e-02  1.000e-04  1.000e-04  0.0156  0.000e+00  9.840e-04  5.285e-04
  83  4.673e+00  1.667e+02  6.284e-02  1.000e-04  1.000e-04  0.0156  0.000e+00  9.742e-04  5.338e-04
  84  4.672e+00  1.651e+02  6.216e-02  1.000e-04  1.000e-04  0.0156  0.000e+00  9.637e-04  5.339e-04
  85  4.672e+00  1.633e+02  6.149e-02  1.000e-04  1.000e-04  0.0156  0.000e+00  9.533e-04  5.367e-04
  86  4.671e+00  1.611e+02  6.080e-02  1.000e-04  1.000e-04  0.0156  0.000e+00  9.425e-04  5.387e-04
  87  4.671e+00  1.588e+02  6.010e-02  1.000e-04  1.000e-04  0.0156  0.000e+00  9.318e-04  5.419e-04
  88  4.671e+00  1.562e+02  5.938e-02  1.000e-04  1.000e-04  0.0312  0.000e+00  1.827e-03  1.846e-04
  89  4.670e+00  1.643e+02  5.978e-02  1.000e-04  1.000e-04  0.0312  0.000e+00  1.839e-03  2.721e-04
iter    cost       stop       grad       xreg       ureg      step   ||ffeas||   dV-exp       dV    
  90  4.670e+00  1.691e+02  5.985e-02  1.000e-04  1.000e-04  0.0312  0.000e+00  1.841e-03  3.181e-04
  91  4.670e+00  1.723e+02  5.986e-02  1.000e-04  1.000e-04  0.0312  0.000e+00  1.841e-03  3.913e-04
  92  4.669e+00  1.733e+02  6.174e-02  1.000e-04  1.000e-04  0.0312  0.000e+00  1.899e-03  5.294e-04
  93  4.668e+00  1.725e+02  6.128e-02  1.000e-04  1.000e-04  0.0312  0.000e+00  1.885e-03  5.969e-04
  94  4.668e+00  1.701e+02  6.066e-02  1.000e-04  1.000e-04  0.0312  0.000e+00  1.866e-03  6.609e-04
  95  4.667e+00  1.665e+02  5.989e-02  1.000e-04  1.000e-04  0.0312  0.000e+00  1.842e-03  7.201e-04
  96  4.666e+00  1.617e+02  5.898e-02  1.000e-04  1.000e-04  0.0312  0.000e+00  1.814e-03  7.772e-04
  97  4.666e+00  1.562e+02  5.793e-02  1.000e-04  1.000e-04  0.0312  0.000e+00  1.782e-03  8.207e-04
  98  4.665e+00  1.500e+02  5.677e-02  1.000e-04  1.000e-04  0.0312  0.000e+00  1.746e-03  8.652e-04
  99  4.664e+00  1.434e+02  5.549e-02  1.000e-04  1.000e-04  0.0312  0.000e+00  1.707e-03  8.917e-04
iter    cost       stop       grad       xreg       ureg      step   ||ffeas||   dV-exp       dV    
 100  4.663e+00  1.366e+02  5.415e-02  1.000e-04  1.000e-04  0.0312  0.000e+00  1.666e-03  9.195e-04
 101  4.662e+00  1.297e+02  5.275e-02  1.000e-04  1.000e-04  0.0312  0.000e+00  1.623e-03  9.485e-04
 102  4.662e+00  1.226e+02  5.297e-02  1.000e-04  1.000e-04  0.0625  0.000e+00  3.207e-03  3.759e-04
 103  4.661e+00  1.224e+02  5.300e-02  1.000e-04  1.000e-04  0.0625  0.000e+00  3.209e-03  8.163e-04
 104  4.660e+00  1.177e+02  5.203e-02  1.000e-04  1.000e-04  0.0625  0.000e+00  3.150e-03  1.077e-03
 105  4.658e+00  1.107e+02  5.200e-02  1.000e-04  1.000e-04  0.0625  0.000e+00  3.148e-03  1.422e-03
 106  4.656e+00  1.020e+02  5.316e-02  1.000e-04  1.000e-04  0.0625  0.000e+00  3.219e-03  1.798e-03
 107  4.654e+00  9.256e+01  5.102e-02  1.000e-04  1.000e-04  0.0625  0.000e+00  3.089e-03  1.946e-03
 108  4.654e+00  8.287e+01  4.843e-02  1.000e-04  1.000e-04  0.1250  0.000e+00  5.676e-03  8.869e-04
 109  4.653e+00  8.121e+01  5.963e-02  1.000e-04  1.000e-04  0.0625  0.000e+00  3.610e-03  9.011e-04
iter    cost       stop       grad       xreg       ureg      step   ||ffeas||   dV-exp       dV    
 110  4.652e+00  8.200e+01  5.832e-02  1.000e-04  1.000e-04  0.0625  0.000e+00  3.531e-03  1.032e-03
 111  4.650e+00  8.161e+01  5.670e-02  1.000e-04  1.000e-04  0.0625  0.000e+00  3.433e-03  1.157e-03
 112  4.649e+00  8.011e+01  5.480e-02  1.000e-04  1.000e-04  0.0625  0.000e+00  3.318e-03  1.265e-03
 113  4.648e+00  7.763e+01  5.265e-02  1.000e-04  1.000e-04  0.0625  0.000e+00  3.188e-03  1.352e-03
 114  4.646e+00  7.438e+01  5.030e-02  1.000e-04  1.000e-04  0.0625  0.000e+00  3.045e-03  1.415e-03
 115  4.645e+00  7.055e+01  4.779e-02  1.000e-04  1.000e-04  0.0625  0.000e+00  2.894e-03  1.454e-03
 116  4.644e+00  6.634e+01  4.519e-02  1.000e-04  1.000e-04  0.0625  0.000e+00  2.736e-03  1.472e-03
 117  4.643e+00  6.191e+01  4.252e-02  1.000e-04  1.000e-04  0.1250  0.000e+00  4.983e-03  6.274e-04
 118  4.641e+00  6.460e+01  4.178e-02  1.000e-04  1.000e-04  0.1250  0.000e+00  4.896e-03  1.400e-03
 119  4.640e+00  6.232e+01  3.943e-02  1.000e-04  1.000e-04  0.1250  0.000e+00  4.620e-03  1.905e-03
iter    cost       stop       grad       xreg       ureg      step   ||ffeas||   dV-exp       dV    
 120  4.637e+00  5.679e+01  3.600e-02  1.000e-04  1.000e-04  0.1250  0.000e+00  4.219e-03  2.157e-03
 121  4.624e+00  4.969e+01  2.924e-02  1.000e-04  1.000e-04  1.0000  0.000e+00  1.462e-02  1.306e-02
 122  4.624e+00  6.293e+00  6.755e-03  1.000e-04  1.000e-04  0.1250  0.000e+00  7.916e-04  4.362e-04
 123  4.624e+00  5.655e+00  6.081e-03  1.000e-04  1.000e-04  0.2500  0.000e+00  1.330e-03  2.775e-04
 124  4.623e+00  6.144e+00  5.873e-03  1.000e-04  1.000e-04  0.2500  0.000e+00  1.285e-03  6.618e-04
 125  4.622e+00  4.927e+00  4.831e-03  1.000e-04  1.000e-04  0.5000  0.000e+00  1.812e-03  5.498e-04
 126  4.621e+00  4.699e+00  4.176e-03  1.000e-05  1.000e-05  1.0000  0.000e+00  2.088e-03  1.476e-03
 127  4.620e+00  1.428e+00  2.329e-03  1.000e-05  1.000e-05  0.5000  0.000e+00  8.733e-04  8.357e-04
 128  4.620e+00  4.499e-01  1.004e-03  1.000e-05  1.000e-05  0.5000  0.000e+00  3.763e-04  3.472e-04
 129  4.620e+00  4.556e-01  5.215e-04  1.000e-06  1.000e-06  1.0000  0.000e+00  2.607e-04  2.772e-04
iter    cost       stop       grad       xreg       ureg      step   ||ffeas||   dV-exp       dV    
 130  4.619e+00  1.248e-01  2.482e-04  1.000e-07  1.000e-07  1.0000  0.000e+00  1.241e-04  8.712e-05
 131  4.619e+00  2.675e-02  1.386e-04  1.000e-08  1.000e-08  1.0000  0.000e+00  6.931e-05  7.568e-05
 132  4.619e+00  4.662e-04  9.860e-06  1.000e-09  1.000e-09  1.0000  0.000e+00  4.930e-06  8.200e-06
 133  4.619e+00  6.567e-06  4.872e-06  1.000e-09  1.000e-09  1.0000  0.000e+00  2.436e-06  4.145e-06
Finally reached = (0.400, 0.000, 1.200)
Distance between hand and target = 1.919E-05
Distance to default state = 1.638E+00
XY distance to CoM reference = 4.162E-02
