iter    cost       stop       grad       xreg       ureg      step   ||ffeas||   dV-exp       dV    
   0  1.631e+02  7.806e+00  3.451e+02  1.000e-09  1.000e-09  0.0625  9.095e-14  2.090e+01  1.585e+01
   1  1.415e+02  5.329e+04  3.146e+02  1.000e-09  1.000e-09  0.0625  8.527e-14  1.905e+01  2.165e+01
   2  1.304e+02  6.433e+03  2.706e+02  1.000e-09  1.000e-09  0.0625  7.994e-14  1.638e+01  1.108e+01
   3  1.269e+02  3.860e+04  2.479e+02  1.000e-09  1.000e-09  0.0312  7.494e-14  7.627e+00  3.552e+00
   4  1.252e+02  7.546e+04  2.409e+02  1.000e-08  1.000e-08  0.0078  7.260e-14  1.875e+00  1.666e+00
   5  1.218e+02  7.397e+04  2.376e+02  1.000e-08  1.000e-08  0.0156  7.203e-14  3.683e+00  3.409e+00
   6  1.207e+02  5.240e+04  2.307e+02  1.000e-07  1.000e-07  0.0078  7.091e-14  1.796e+00  1.093e+00
   7  1.184e+02  4.669e+04  2.283e+02  1.000e-07  1.000e-07  0.0156  7.035e-14  3.540e+00  2.290e+00
   8  1.182e+02  2.039e+04  2.237e+02  1.000e-06  1.000e-06  0.0078  6.926e-14  1.741e+00  1.891e-01
   9  1.182e+02  1.989e+04  2.227e+02  1.000e-05  1.000e-05  0.0020  6.872e-14  4.346e-01  3.978e-02
iter    cost       stop       grad       xreg       ureg      step   ||ffeas||   dV-exp       dV    
  10  1.170e+02  1.989e+04  2.202e+02  1.000e-05  1.000e-05  0.0312  6.872e-14  6.773e+00  1.243e+00
  11  1.170e+02  1.583e+04  2.173e+02  1.000e-04  1.000e-04  0.0020  6.657e-14  4.240e-01  3.129e-02
  12  1.117e+02  1.584e+04  2.135e+02  1.000e-04  1.000e-04  0.0625  6.657e-14  1.293e+01  5.245e+00
  13  1.103e+02  6.493e+03  2.030e+02  1.000e-04  1.000e-04  0.0625  6.241e-14  1.229e+01  1.429e+00
  14  1.103e+02  4.752e+03  1.999e+02  1.000e-03  1.000e-03  0.0020  5.851e-14  3.901e-01  3.297e-02
  15  1.048e+02  4.760e+03  1.915e+02  1.000e-03  1.000e-03  0.0625  5.851e-14  1.159e+01  5.504e+00
  16  9.940e+01  2.878e+03  1.796e+02  1.000e-03  1.000e-03  0.0625  5.486e-14  1.088e+01  5.396e+00
  17  9.671e+01  3.631e+03  1.675e+02  1.000e-03  1.000e-03  0.0625  5.143e-14  1.014e+01  2.684e+00
  18  9.319e+01  1.227e+04  1.589e+02  1.000e-03  1.000e-03  0.0312  4.821e-14  4.887e+00  3.526e+00
  19  9.090e+01  8.347e+03  1.511e+02  1.000e-03  1.000e-03  0.0312  4.671e-14  4.647e+00  2.293e+00
iter    cost       stop       grad       xreg       ureg      step   ||ffeas||   dV-exp       dV    
  20  8.986e+01  1.152e+04  1.454e+02  1.000e-03  1.000e-03  0.0156  4.525e-14  2.254e+00  1.033e+00
  21  8.893e+01  1.315e+04  1.423e+02  1.000e-03  1.000e-03  0.0156  4.454e-14  2.206e+00  9.368e-01
  22  8.814e+01  1.612e+04  1.392e+02  1.000e-03  1.000e-03  0.0156  4.385e-14  2.158e+00  7.831e-01
  23  8.750e+01  2.237e+04  1.361e+02  1.000e-03  1.000e-03  0.0156  4.316e-14  2.110e+00  6.419e-01
  24  8.726e+01  3.246e+04  1.330e+02  1.000e-02  1.000e-02  0.0078  4.249e-14  1.035e+00  2.406e-01
  25  8.420e+01  3.646e+04  9.158e+01  1.000e-02  1.000e-02  0.0625  4.215e-14  5.545e+00  3.057e+00
  26  8.258e+01  3.133e+04  8.682e+01  1.000e-02  1.000e-02  0.0625  3.952e-14  5.256e+00  1.619e+00
  27  8.123e+01  2.710e+04  8.168e+01  1.000e-02  1.000e-02  0.0625  3.705e-14  4.946e+00  1.354e+00
  28  7.506e+01  2.394e+04  7.843e+01  1.000e-02  1.000e-02  0.2500  3.474e-14  1.716e+01  6.171e+00
  29  6.702e+01  1.386e+04  7.001e+01  1.000e-02  1.000e-02  0.5000  2.605e-14  2.625e+01  8.041e+00
iter    cost       stop       grad       xreg       ureg      step   ||ffeas||   dV-exp       dV    
  30  6.311e+01  5.641e+03  7.217e+01  1.000e-02  1.000e-02  0.1250  1.303e-14  8.458e+00  3.909e+00
  31  5.946e+01  5.927e+03  7.049e+01  1.000e-02  1.000e-02  0.1250  1.141e-14  8.261e+00  3.650e+00
  32  5.586e+01  7.837e+03  6.805e+01  1.000e-02  1.000e-02  0.1250  9.978e-15  7.975e+00  3.604e+00
  33  4.989e+01  6.121e+03  6.493e+01  1.000e-02  1.000e-02  0.2500  8.729e-15  1.420e+01  5.969e+00
  34  4.901e+01  5.175e+03  6.181e+01  1.000e-02  1.000e-02  0.0625  6.550e-15  3.742e+00  8.757e-01
  35  3.999e+01  3.523e+03  6.039e+01  1.000e-02  1.000e-02  0.5000  6.141e-15  2.265e+01  9.023e+00
  36  3.484e+01  4.005e+03  4.909e+01  1.000e-02  1.000e-02  0.5000  3.074e-15  1.841e+01  5.148e+00
  37  3.164e+01  7.443e+02  4.049e+01  1.000e-03  1.000e-03  1.0000  1.537e-15  2.024e+01  3.202e+00
  38  2.348e+01  7.354e+02  3.837e+01  1.000e-03  1.000e-03  0.2500  0.000e+00  8.393e+00  8.154e+00
  39  1.497e+01  1.492e+03  2.314e+01  1.000e-03  1.000e-03  0.5000  0.000e+00  8.676e+00  8.517e+00
iter    cost       stop       grad       xreg       ureg      step   ||ffeas||   dV-exp       dV    
  40  1.107e+01  4.251e+02  7.403e+00  1.000e-04  1.000e-04  1.0000  0.000e+00  3.701e+00  3.894e+00
  41  1.017e+01  2.488e+02  2.799e+00  1.000e-04  1.000e-04  0.5000  0.000e+00  1.281e+00  8.992e-01
  42  9.820e+00  8.528e+02  1.683e+00  1.000e-04  1.000e-04  0.2500  0.000e+00  4.210e-01  3.538e-01
  43  9.554e+00  7.227e+02  1.185e+00  1.000e-04  1.000e-04  0.2500  0.000e+00  2.897e-01  2.660e-01
  44  9.358e+00  4.775e+02  8.635e-01  1.000e-04  1.000e-04  0.2500  0.000e+00  2.062e-01  1.957e-01
  45  9.213e+00  3.187e+02  6.347e-01  1.000e-04  1.000e-04  0.2500  0.000e+00  1.486e-01  1.455e-01
  46  8.946e+00  2.186e+02  6.565e-01  1.000e-04  1.000e-04  0.5000  0.000e+00  2.569e-01  2.672e-01
  47  8.659e+00  7.562e+01  5.518e-01  1.000e-05  1.000e-05  1.0000  0.000e+00  2.858e-01  2.865e-01
  48  8.581e+00  4.316e+01  1.526e+00  1.000e-05  1.000e-05  0.0625  0.000e+00  9.323e-02  7.863e-02
  49  8.516e+00  2.843e+02  1.444e+00  1.000e-05  1.000e-05  0.1250  0.000e+00  1.702e-01  6.482e-02
iter    cost       stop       grad       xreg       ureg      step   ||ffeas||   dV-exp       dV    
  50  8.365e+00  2.154e+03  1.516e+00  1.000e-05  1.000e-05  0.1250  0.000e+00  1.773e-01  1.513e-01
  51  8.230e+00  2.093e+03  1.367e+00  1.000e-05  1.000e-05  0.1250  0.000e+00  1.595e-01  1.342e-01
  52  8.045e+00  1.789e+03  1.242e+00  1.000e-05  1.000e-05  0.2500  0.000e+00  2.707e-01  1.858e-01
  53  7.632e+00  1.684e+03  1.133e+00  1.000e-05  1.000e-05  0.5000  0.000e+00  4.246e-01  4.131e-01
  54  7.587e+00  2.322e+02  7.247e-01  1.000e-05  1.000e-05  0.0625  0.000e+00  4.411e-02  4.479e-02
  55  7.556e+00  1.593e+02  6.665e-01  1.000e-05  1.000e-05  0.0625  0.000e+00  4.051e-02  3.032e-02
  56  7.533e+00  2.324e+02  6.415e-01  1.000e-05  1.000e-05  0.0625  0.000e+00  3.898e-02  2.345e-02
  57  7.512e+00  3.612e+02  6.285e-01  1.000e-05  1.000e-05  0.0625  0.000e+00  3.818e-02  2.070e-02
  58  7.492e+00  4.962e+02  6.197e-01  1.000e-05  1.000e-05  0.0625  0.000e+00  3.763e-02  1.981e-02
  59  7.473e+00  6.154e+02  6.112e-01  1.000e-05  1.000e-05  0.0625  0.000e+00  3.710e-02  1.929e-02
iter    cost       stop       grad       xreg       ureg      step   ||ffeas||   dV-exp       dV    
  60  7.454e+00  7.137e+02  6.024e-01  1.000e-05  1.000e-05  0.0625  0.000e+00  3.655e-02  1.947e-02
  61  7.432e+00  7.859e+02  5.919e-01  1.000e-05  1.000e-05  0.0625  0.000e+00  3.591e-02  2.123e-02
  62  7.418e+00  8.211e+02  5.766e-01  1.000e-05  1.000e-05  0.0312  0.000e+00  1.777e-02  1.470e-02
  63  7.396e+00  9.893e+02  5.604e-01  1.000e-05  1.000e-05  0.0625  0.000e+00  3.399e-02  2.160e-02
  64  7.374e+00  1.002e+03  5.427e-01  1.000e-05  1.000e-05  0.0625  0.000e+00  3.291e-02  2.198e-02
  65  7.352e+00  9.919e+02  5.266e-01  1.000e-05  1.000e-05  0.0625  0.000e+00  3.192e-02  2.263e-02
  66  7.338e+00  9.620e+02  5.047e-01  1.000e-05  1.000e-05  0.0625  0.000e+00  3.059e-02  1.357e-02
  67  7.299e+00  9.420e+02  4.998e-01  1.000e-05  1.000e-05  0.1250  0.000e+00  5.863e-02  3.862e-02
  68  7.262e+00  8.032e+02  4.649e-01  1.000e-05  1.000e-05  0.1250  0.000e+00  5.453e-02  3.710e-02
  69  7.222e+00  6.808e+02  4.324e-01  1.000e-05  1.000e-05  0.1250  0.000e+00  5.069e-02  3.996e-02
iter    cost       stop       grad       xreg       ureg      step   ||ffeas||   dV-exp       dV    
  70  7.184e+00  5.684e+02  3.879e-01  1.000e-05  1.000e-05  0.1250  0.000e+00  4.548e-02  3.795e-02
  71  7.149e+00  4.678e+02  3.445e-01  1.000e-05  1.000e-05  0.1250  0.000e+00  4.039e-02  3.495e-02
  72  7.125e+00  3.814e+02  3.067e-01  1.000e-05  1.000e-05  0.2500  0.000e+00  6.710e-02  2.493e-02
  73  7.068e+00  2.705e+02  3.122e-01  1.000e-05  1.000e-05  0.2500  0.000e+00  6.828e-02  5.694e-02
  74  6.993e+00  1.812e+02  2.428e-01  1.000e-05  1.000e-05  0.5000  0.000e+00  9.106e-02  7.428e-02
  75  6.932e+00  8.607e+01  1.674e-01  1.000e-06  1.000e-06  1.0000  0.000e+00  8.368e-02  6.165e-02
  76  6.851e+00  2.514e+01  1.819e-01  1.000e-07  1.000e-07  1.0000  0.000e+00  9.097e-02  8.105e-02
  77  6.830e+00  4.229e+01  4.236e-02  1.000e-08  1.000e-08  1.0000  0.000e+00  2.118e-02  2.092e-02
  78  6.827e+00  2.082e+00  4.490e-03  1.000e-09  1.000e-09  1.0000  0.000e+00  2.245e-03  2.182e-03
  79  6.827e+00  6.237e-01  2.607e-03  1.000e-09  1.000e-09  0.1250  0.000e+00  3.055e-04  1.689e-04
iter    cost       stop       grad       xreg       ureg      step   ||ffeas||   dV-exp       dV    
  80  6.826e+00  4.831e-01  2.949e-03  1.000e-09  1.000e-09  1.0000  0.000e+00  1.474e-03  1.610e-03
  81  6.825e+00  1.881e-03  1.273e-03  1.000e-09  1.000e-09  1.0000  0.000e+00  6.363e-04  7.049e-04
  82  6.824e+00  3.080e-02  1.016e-03  1.000e-09  1.000e-09  1.0000  0.000e+00  5.079e-04  5.484e-04
  83  6.824e+00  5.967e-04  8.276e-04  1.000e-09  1.000e-09  0.5000  0.000e+00  3.104e-04  3.831e-05
  84  6.823e+00  1.642e+00  3.040e-03  1.000e-09  1.000e-09  1.0000  0.000e+00  1.520e-03  1.513e-03
  85  6.823e+00  3.367e-04  5.048e-04  1.000e-09  1.000e-09  1.0000  0.000e+00  2.524e-04  2.069e-04
  86  6.822e+00  3.687e-01  8.683e-04  1.000e-09  1.000e-09  1.0000  0.000e+00  4.341e-04  4.297e-04
  87  6.821e+00  2.811e-04  2.359e-03  1.000e-09  1.000e-09  1.0000  0.000e+00  1.180e-03  1.124e-03
  88  6.821e+00  1.229e-02  4.677e-03  1.000e-09  1.000e-09  0.2500  0.000e+00  1.023e-03  2.612e-04
  89  6.820e+00  7.229e+00  4.305e-03  1.000e-09  1.000e-09  0.2500  0.000e+00  9.417e-04  5.514e-04
iter    cost       stop       grad       xreg       ureg      step   ||ffeas||   dV-exp       dV    
  90  6.820e+00  8.841e+00  3.349e-03  1.000e-09  1.000e-09  0.5000  0.000e+00  1.256e-03  1.528e-04
  91  6.820e+00  1.656e+01  3.249e-03  1.000e-09  1.000e-09  1.0000  0.000e+00  1.625e-03  5.539e-04
  92  6.819e+00  2.077e+00  2.335e-03  1.000e-09  1.000e-09  0.1250  0.000e+00  2.736e-04  1.268e-04
  93  6.819e+00  1.843e+00  2.089e-03  1.000e-09  1.000e-09  0.5000  0.000e+00  7.834e-04  1.032e-04
  94  6.819e+00  1.987e+00  1.909e-03  1.000e-09  1.000e-09  0.5000  0.000e+00  7.158e-04  7.588e-05
  95  6.819e+00  1.885e+00  1.772e-03  1.000e-09  1.000e-09  0.5000  0.000e+00  6.646e-04  2.517e-04
  96  6.819e+00  1.381e+00  1.277e-03  1.000e-09  1.000e-09  1.0000  0.000e+00  6.385e-04  2.462e-04
  97  6.818e+00  7.750e-01  7.905e-04  1.000e-09  1.000e-09  1.0000  0.000e+00  3.953e-04  3.569e-04
  98  6.818e+00  7.722e-02  7.786e-05  1.000e-09  1.000e-09  0.0625  0.000e+00  4.714e-06  2.415e-06
  99  6.818e+00  6.919e-02  7.300e-05  1.000e-09  1.000e-09  1.0000  0.000e+00  3.650e-05  3.639e-05
iter    cost       stop       grad       xreg       ureg      step   ||ffeas||   dV-exp       dV    
 100  6.818e+00  3.898e-04  3.936e-07  1.000e-08  1.000e-08  0.0078  0.000e+00  3.063e-09  1.233e-09
 101  6.818e+00  3.846e-04  3.829e-07  1.000e-09  1.000e-09  1.0000  0.000e+00  1.825e-07  1.947e-07
 102  6.818e+00  5.362e-07  2.909e-08  1.000e-09  1.000e-09  1.0000  0.000e+00  1.462e-08  2.083e-08
 103  6.818e+00  1.077e-07  1.927e-08  1.000e-09  1.000e-09  1.0000  0.000e+00  2.257e-09  5.401e-09
 104  6.818e+00  6.842e-08  1.256e-08  1.000e-09  1.000e-09  1.0000  0.000e+00  6.194e-09  7.829e-09
Finally reached = (0.400, 0.000, 1.200)
Distance between hand and target = 4.679E-05
Distance to default state = 1.605E+00
XY distance to CoM reference = 9.818E-02
