*** SOLVE initial ***
iter 	 cost 	      stop 	    grad 	  xreg 	      ureg 	 step 	 feas
   0  1.17752e+04  4.84898e+02  3.38333e+03  1.00000e-02  1.00000e-02   1.0000     1
   1  2.59198e+03  8.91627e+02  2.22041e+04  1.00000e-02  1.00000e-02   0.5000     1
   2  2.52588e+03  3.85175e+01  1.59079e+03  1.00000e-02  1.00000e-02   0.5000     1
   3  2.22078e+03  8.01951e+01  2.79656e+03  1.00000e-02  1.00000e-02   0.2500     1
   4  2.12391e+03  1.41535e+01  5.61665e+02  1.00000e-02  1.00000e-02   0.5000     1
   5  1.98989e+03  3.38612e+01  1.18231e+03  1.00000e-02  1.00000e-02   0.2500     1
   6  1.74753e+03  1.25645e+01  4.68305e+02  1.00000e-03  1.00000e-03   1.0000     1
   7  1.56686e+03  2.31277e+01  2.03268e+03  1.00000e-03  1.00000e-03   0.5000     1
   8  1.11406e+03  1.54722e+01  1.45534e+03  1.00000e-03  1.00000e-03   0.5000     1
   9  9.24579e+02  6.25448e+00  6.81984e+02  1.00000e-04  1.00000e-04   1.0000     1
iter 	 cost 	      stop 	    grad 	  xreg 	      ureg 	 step 	 feas
  10  7.70688e+02  4.17501e+00  6.04569e+02  1.00000e-04  1.00000e-04   0.5000     1
  11  6.81607e+02  1.27474e+00  2.25539e+02  1.00000e-05  1.00000e-05   1.0000     1
  12  6.57323e+02  9.02370e-01  1.80942e+02  1.00000e-05  1.00000e-05   0.2500     1
  13  6.18060e+02  5.77193e-01  7.95231e+01  1.00000e-06  1.00000e-06   1.0000     1
  14  6.15577e+02  1.74579e-01  4.69509e+01  1.00000e-07  1.00000e-07   1.0000     1
  15  5.98393e+02  2.54169e-01  7.78558e+01  1.00000e-07  1.00000e-07   0.5000     1
  16  5.94851e+02  4.53791e-02  1.23712e+01  1.00000e-08  1.00000e-08   1.0000     1
  17  5.90609e+02  5.83059e-02  1.82680e+01  1.00000e-08  1.00000e-08   0.5000     1
  18  5.88707e+02  9.50854e-03  4.02685e+00  1.00000e-09  1.00000e-09   1.0000     1
  19  5.87305e+02  1.56682e-02  5.30648e+00  1.00000e-09  1.00000e-09   0.5000     1
iter 	 cost 	      stop 	    grad 	  xreg 	      ureg 	 step 	 feas
  20  5.86186e+02  3.29302e-03  1.71856e+00  1.00000e-09  1.00000e-09   1.0000     1
  21  5.85649e+02  5.68570e-03  2.01966e+00  1.00000e-09  1.00000e-09   1.0000     1
  22  5.84804e+02  9.20968e-03  3.71051e+00  1.00000e-09  1.00000e-09   0.5000     1
  23  5.84323e+02  2.63734e-03  9.78989e-01  1.00000e-09  1.00000e-09   1.0000     1
  24  5.84190e+02  3.38475e-03  1.45292e+00  1.00000e-09  1.00000e-09   1.0000     1
  25  5.83573e+02  8.91393e-03  3.08348e+00  1.00000e-09  1.00000e-09   0.5000     1
  26  5.83379e+02  1.51379e-03  6.95037e-01  1.00000e-09  1.00000e-09   1.0000     1
  27  5.83088e+02  3.72776e-03  1.28498e+00  1.00000e-09  1.00000e-09   0.5000     1
  28  5.82922e+02  7.97361e-04  3.61190e-01  1.00000e-09  1.00000e-09   1.0000     1
  29  5.82776e+02  1.63845e-03  5.72074e-01  1.00000e-09  1.00000e-09   0.5000     1
iter 	 cost 	      stop 	    grad 	  xreg 	      ureg 	 step 	 feas
  30  5.82657e+02  5.02152e-04  2.10583e-01  1.00000e-09  1.00000e-09   1.0000     1
  31  5.82635e+02  7.81924e-04  3.08615e-01  1.00000e-09  1.00000e-09   1.0000     1
  32  5.82500e+02  1.82297e-03  7.87419e-01  1.00000e-09  1.00000e-09   0.5000     1
  33  5.82445e+02  4.71860e-04  2.43747e-01  1.00000e-09  1.00000e-09   0.5000     1
  34  5.82415e+02  2.97239e-04  1.20896e-01  1.00000e-09  1.00000e-09   1.0000     1
  35  5.82366e+02  4.50210e-04  3.16020e-01  1.00000e-09  1.00000e-09   0.5000     1
  36  5.82335e+02  3.12304e-04  1.48855e-01  1.00000e-09  1.00000e-09   0.5000     1
  37  5.82327e+02  1.28827e-04  7.99367e-02  1.00000e-09  1.00000e-09   1.0000     1
  38  5.82293e+02  4.31479e-04  2.46689e-01  1.00000e-09  1.00000e-09   0.5000     1
  39  5.82273e+02  1.52445e-04  1.12118e-01  1.00000e-09  1.00000e-09   0.5000     1
iter 	 cost 	      stop 	    grad 	  xreg 	      ureg 	 step 	 feas
  40  5.82259e+02  1.25807e-04  5.75219e-02  1.00000e-09  1.00000e-09   0.5000     1
  41  5.82250e+02  5.96223e-05  3.33275e-02  1.00000e-09  1.00000e-09   1.0000     1
*** SOLVE landing ***
iter 	 cost 	      stop 	    grad 	  xreg 	      ureg 	 step 	 feas
   0  1.86827e+05  1.07460e+07  1.40030e+06  1.00000e-09  1.00000e-09   0.5000     1
   1  2.95139e+03  2.76651e+06  3.71758e+05  1.00000e-09  1.00000e-09   1.0000     1
   2  1.62723e+03  6.40806e+03  4.07771e+03  1.00000e-09  1.00000e-09   0.5000     1
   3  1.15963e+03  2.45391e+03  1.36645e+03  1.00000e-09  1.00000e-09   0.5000     1
   4  1.05151e+03  8.61234e+02  4.31294e+02  1.00000e-09  1.00000e-09   0.5000     1
   5  1.00948e+03  6.79250e+02  2.31966e+02  1.00000e-09  1.00000e-09   0.2500     1
   6  9.85046e+02  4.97450e+02  1.45983e+02  1.00000e-09  1.00000e-09   0.5000     1
   7  9.60268e+02  4.54276e+02  1.10277e+02  1.00000e-09  1.00000e-09   1.0000     1
   8  9.32510e+02  2.43851e+02  7.66639e+01  1.00000e-09  1.00000e-09   1.0000     1
   9  9.28248e+02  3.86320e+01  2.90994e+01  1.00000e-09  1.00000e-09   1.0000     1
iter 	 cost 	      stop 	    grad 	  xreg 	      ureg 	 step 	 feas
  10  9.21381e+02  8.13315e+01  3.13978e+01  1.00000e-09  1.00000e-09   0.5000     1
  11  9.18130e+02  2.80699e+01  1.25958e+01  1.00000e-09  1.00000e-09   1.0000     1
  12  9.16084e+02  8.37433e+00  1.25066e+01  1.00000e-09  1.00000e-09   0.5000     1
  13  9.15492e+02  1.71348e+00  4.27717e+00  1.00000e-09  1.00000e-09   1.0000     1
  14  9.14697e+02  8.69146e-01  6.99189e+00  1.00000e-09  1.00000e-09   0.5000     1
  15  9.14525e+02  8.57991e-01  2.51343e+00  1.00000e-09  1.00000e-09   1.0000     1
  16  9.14008e+02  2.65982e-01  4.75149e+00  1.00000e-09  1.00000e-09   0.5000     1
  17  9.13614e+02  6.23063e-01  1.63771e+00  1.00000e-09  1.00000e-09   0.5000     1
  18  9.13481e+02  2.06679e-01  5.52966e-01  1.00000e-09  1.00000e-09   1.0000     1
  19  9.13302e+02  1.14951e-01  9.31494e-01  1.00000e-09  1.00000e-09   0.5000     1
iter 	 cost 	      stop 	    grad 	  xreg 	      ureg 	 step 	 feas
  20  9.13279e+02  4.64066e-02  3.13878e-01  1.00000e-09  1.00000e-09   1.0000     1
  21  9.13159e+02  6.14163e-02  7.32924e-01  1.00000e-09  1.00000e-09   0.5000     1
  22  9.13103e+02  3.66129e-02  2.38699e-01  1.00000e-09  1.00000e-09   0.5000     1
  23  9.13064e+02  2.06372e-02  1.02541e-01  1.00000e-09  1.00000e-09   1.0000     1
  24  9.13030e+02  4.52819e-03  1.69984e-01  1.00000e-09  1.00000e-09   0.5000     1
  25  9.13017e+02  4.00441e-03  6.34564e-02  1.00000e-09  1.00000e-09   1.0000     1
  26  9.12992e+02  3.03833e-03  1.43013e-01  1.00000e-09  1.00000e-09   0.5000     1
  27  9.12980e+02  2.79771e-03  4.73763e-02  1.00000e-09  1.00000e-09   0.5000     1
  28  9.12970e+02  1.47668e-03  2.20064e-02  1.00000e-09  1.00000e-09   1.0000     1
  29  9.12962e+02  1.29918e-03  3.82319e-02  1.00000e-09  1.00000e-09   0.5000     1
iter 	 cost 	      stop 	    grad 	  xreg 	      ureg 	 step 	 feas
  30  9.12958e+02  7.07313e-04  1.53743e-02  1.00000e-09  1.00000e-09   1.0000     1
  31  9.12952e+02  8.57280e-04  3.37954e-02  1.00000e-09  1.00000e-09   0.5000     1
  32  9.12951e+02  4.61936e-04  1.19190e-02  1.00000e-09  1.00000e-09   1.0000     1
*** SOLVE frontal ***
iter 	 cost 	      stop 	    grad 	  xreg 	      ureg 	 step 	 feas
   0  9.44027e+04  3.40239e+04  2.42552e+05  1.00000e-09  1.00000e-09   0.1250     1
   1  7.24062e+04  2.70410e+04  1.85835e+05  1.00000e-09  1.00000e-09   0.1250     1
   2  4.18640e+04  2.16616e+04  1.41971e+05  1.00000e-09  1.00000e-09   0.2500     1
   3  2.51360e+04  2.52628e+04  8.10848e+04  1.00000e-09  1.00000e-09   0.2500     1
   4  7.79881e+03  3.08851e+04  4.77399e+04  1.00000e-09  1.00000e-09   0.5000     1
   5  2.93505e+03  1.38763e+04  1.31081e+04  1.00000e-09  1.00000e-09   0.5000     1
   6  1.65231e+03  3.39480e+03  3.42307e+03  1.00000e-09  1.00000e-09   1.0000     1
   7  1.47421e+03  3.70819e+03  9.10681e+02  1.00000e-09  1.00000e-09   0.5000     1
   8  1.42975e+03  1.91884e+03  5.58536e+02  1.00000e-09  1.00000e-09   1.0000     1
   9  1.40226e+03  1.77830e+03  4.93753e+02  1.00000e-09  1.00000e-09   0.5000     1
iter 	 cost 	      stop 	    grad 	  xreg 	      ureg 	 step 	 feas
  10  1.27295e+03  1.46900e+03  4.33581e+02  1.00000e-09  1.00000e-09   1.0000     1
  11  1.26715e+03  1.66867e+02  2.06630e+02  1.00000e-09  1.00000e-09   0.2500     1
  12  1.22148e+03  1.34749e+02  1.55870e+02  1.00000e-09  1.00000e-09   1.0000     1
  13  1.21626e+03  1.80208e+02  7.64404e+01  1.00000e-09  1.00000e-09   0.5000     1
  14  1.20429e+03  9.79685e+01  5.76718e+01  1.00000e-09  1.00000e-09   0.5000     1
  15  1.19759e+03  3.45429e+01  3.28419e+01  1.00000e-09  1.00000e-09   0.5000     1
  16  1.19361e+03  1.46880e+01  1.83485e+01  1.00000e-09  1.00000e-09   0.5000     1
  17  1.19146e+03  6.89743e+00  1.06293e+01  1.00000e-09  1.00000e-09   0.5000     1
  18  1.19012e+03  3.76057e+00  6.18136e+00  1.00000e-09  1.00000e-09   0.5000     1
  19  1.18945e+03  1.92609e+00  3.79418e+00  1.00000e-09  1.00000e-09   0.5000     1
iter 	 cost 	      stop 	    grad 	  xreg 	      ureg 	 step 	 feas
  20  1.18900e+03  1.18508e+00  2.53851e+00  1.00000e-09  1.00000e-09   0.5000     1
  21  1.18874e+03  6.84372e-01  1.76607e+00  1.00000e-09  1.00000e-09   0.5000     1
  22  1.18853e+03  4.58315e-01  1.28142e+00  1.00000e-09  1.00000e-09   0.5000     1
  23  1.18840e+03  2.74825e-01  9.49972e-01  1.00000e-09  1.00000e-09   0.5000     1
  24  1.18828e+03  1.89092e-01  7.21792e-01  1.00000e-09  1.00000e-09   0.5000     1
  25  1.18820e+03  1.14304e-01  5.58220e-01  1.00000e-09  1.00000e-09   0.5000     1
  26  1.18813e+03  7.91012e-02  4.38953e-01  1.00000e-09  1.00000e-09   0.5000     1
  27  1.18808e+03  4.80243e-02  3.50799e-01  1.00000e-09  1.00000e-09   0.5000     1
  28  1.18803e+03  3.30413e-02  2.83650e-01  1.00000e-09  1.00000e-09   0.5000     1
  29  1.18799e+03  2.04122e-02  2.32481e-01  1.00000e-09  1.00000e-09   0.5000     1
iter 	 cost 	      stop 	    grad 	  xreg 	      ureg 	 step 	 feas
  30  1.18795e+03  1.38134e-02  1.92041e-01  1.00000e-09  1.00000e-09   0.5000     1
  31  1.18791e+03  8.96928e-03  1.60149e-01  1.00000e-09  1.00000e-09   0.5000     1
  32  1.18788e+03  5.90638e-03  1.34147e-01  1.00000e-09  1.00000e-09   0.5000     1
  33  1.18785e+03  4.23849e-03  1.12923e-01  1.00000e-09  1.00000e-09   0.5000     1
  34  1.18783e+03  2.69983e-03  9.52015e-02  1.00000e-09  1.00000e-09   0.5000     1
  35  1.18782e+03  2.23864e-03  8.03358e-02  1.00000e-09  1.00000e-09   1.0000     1
  36  1.18780e+03  7.62227e-03  3.15658e-01  1.00000e-09  1.00000e-09   0.5000     1
  37  1.18778e+03  1.27088e-02  2.62743e-01  1.00000e-09  1.00000e-09   0.5000     1
  38  1.18776e+03  1.49937e-02  2.08920e-01  1.00000e-09  1.00000e-09   0.5000     1
  39  1.18775e+03  1.26162e-02  1.69093e-01  1.00000e-09  1.00000e-09   0.5000     1
iter 	 cost 	      stop 	    grad 	  xreg 	      ureg 	 step 	 feas
  40  1.18773e+03  9.88622e-03  1.31385e-01  1.00000e-09  1.00000e-09   0.5000     1
  41  1.18772e+03  6.93926e-03  1.04195e-01  1.00000e-09  1.00000e-09   0.5000     1
  42  1.18771e+03  4.86158e-03  8.05034e-02  1.00000e-09  1.00000e-09   0.5000     1
  43  1.18770e+03  3.29813e-03  6.34401e-02  1.00000e-09  1.00000e-09   0.5000     1
  44  1.18770e+03  2.21882e-03  4.90608e-02  1.00000e-09  1.00000e-09   0.5000     1
  45  1.18769e+03  1.53734e-03  3.85828e-02  1.00000e-09  1.00000e-09   0.5000     1
  46  1.18769e+03  1.01677e-03  2.99055e-02  1.00000e-09  1.00000e-09   0.5000     1
  47  1.18769e+03  7.40856e-04  2.34958e-02  1.00000e-09  1.00000e-09   0.5000     1
  48  1.18768e+03  4.85873e-04  1.82512e-02  1.00000e-09  1.00000e-09   0.5000     1
*** SOLVE lateral ***
iter 	 cost 	      stop 	    grad 	  xreg 	      ureg 	 step 	 feas
   0  3.88331e+04  5.51190e+03  1.32978e+05  1.00000e-09  1.00000e-09   0.2500     1
   1  1.11703e+04  3.31780e+03  7.53525e+04  1.00000e-09  1.00000e-09   0.5000     1
   2  6.79508e+03  7.38119e+03  2.00796e+04  1.00000e-09  1.00000e-09   0.2500     1
   3  4.31764e+03  4.72105e+03  1.13671e+04  1.00000e-09  1.00000e-09   0.2500     1
   4  2.94201e+03  3.13351e+03  6.44994e+03  1.00000e-09  1.00000e-09   0.2500     1
   5  2.29465e+03  1.98730e+03  3.72940e+03  1.00000e-09  1.00000e-09   0.5000     1
   6  1.69299e+03  5.97648e+03  2.48989e+03  1.00000e-09  1.00000e-09   0.5000     1
   7  1.41475e+03  4.15269e+03  1.27296e+03  1.00000e-09  1.00000e-09   1.0000     1
   8  1.06550e+03  4.23439e+03  7.22801e+02  1.00000e-09  1.00000e-09   1.0000     1
   9  1.05489e+03  1.42975e+02  2.68814e+01  1.00000e-09  1.00000e-09   1.0000     1
iter 	 cost 	      stop 	    grad 	  xreg 	      ureg 	 step 	 feas
  10  1.05396e+03  1.41401e+00  8.38248e+00  1.00000e-09  1.00000e-09   0.5000     1
  11  1.05314e+03  9.50712e-01  3.09863e+00  1.00000e-09  1.00000e-09   1.0000     1
  12  1.05274e+03  7.10445e-01  2.44113e+00  1.00000e-09  1.00000e-09   0.5000     1
  13  1.05265e+03  1.83695e-01  4.36308e-01  1.00000e-09  1.00000e-09   0.5000     1
  14  1.05263e+03  5.04402e-02  8.40941e-02  1.00000e-09  1.00000e-09   1.0000     1
  15  1.05261e+03  9.22122e-04  1.19753e-01  1.00000e-09  1.00000e-09   0.5000     1
  16  1.05261e+03  3.31290e-04  1.81043e-02  1.00000e-09  1.00000e-09   0.5000     1
*** SOLVE twist ***
iter 	 cost 	      stop 	    grad 	  xreg 	      ureg 	 step 	 feas
   0  6.22969e+05  1.00927e+07  4.50669e+06  1.00000e-09  1.00000e-09   0.5000     1
   1  1.08426e+05  3.02685e+06  1.24408e+06  1.00000e-09  1.00000e-09   1.0000     1
   2  6.89242e+04  1.22580e+06  2.14523e+05  1.00000e-09  1.00000e-09   0.5000     1
   3  3.07861e+04  6.92457e+05  1.35429e+05  1.00000e-09  1.00000e-09   1.0000     1
   4  5.68255e+03  3.33430e+05  5.94621e+04  1.00000e-09  1.00000e-09   0.5000     1
   5  4.08199e+03  4.85226e+04  9.36916e+03  1.00000e-09  1.00000e-09   0.2500     1
   6  2.45310e+03  3.14501e+04  6.15714e+03  1.00000e-09  1.00000e-09   0.5000     1
   7  1.38366e+03  1.49106e+04  2.92209e+03  1.00000e-09  1.00000e-09   1.0000     1
   8  1.07504e+03  4.43455e+03  8.10860e+02  1.00000e-09  1.00000e-09   1.0000     1
   9  9.94690e+02  6.95521e+02  2.19863e+02  1.00000e-09  1.00000e-09   0.5000     1
iter 	 cost 	      stop 	    grad 	  xreg 	      ureg 	 step 	 feas
  10  9.84237e+02  1.42671e+02  4.43064e+01  1.00000e-09  1.00000e-09   0.5000     1
  11  9.83124e+02  4.60607e+01  2.16271e+01  1.00000e-09  1.00000e-09   1.0000     1
  12  9.78410e+02  2.76232e+01  3.40236e+01  1.00000e-09  1.00000e-09   0.2500     1
  13  9.75193e+02  1.76926e+01  7.57594e+00  1.00000e-09  1.00000e-09   1.0000     1
  14  9.74938e+02  8.52533e-01  2.61818e+00  1.00000e-09  1.00000e-09   0.5000     1
  15  9.74811e+02  2.68166e-01  1.35154e+00  1.00000e-09  1.00000e-09   0.5000     1
  16  9.74729e+02  9.71012e-02  8.18081e-01  1.00000e-09  1.00000e-09   0.5000     1
  17  9.74675e+02  4.80217e-02  4.85031e-01  1.00000e-09  1.00000e-09   0.5000     1
  18  9.74639e+02  1.89536e-02  3.01566e-01  1.00000e-09  1.00000e-09   0.5000     1
  19  9.74614e+02  1.00842e-02  1.83609e-01  1.00000e-09  1.00000e-09   0.5000     1
iter 	 cost 	      stop 	    grad 	  xreg 	      ureg 	 step 	 feas
  20  9.74597e+02  4.19655e-03  1.16278e-01  1.00000e-09  1.00000e-09   0.5000     1
  21  9.74586e+02  2.34697e-03  7.31736e-02  1.00000e-09  1.00000e-09   0.5000     1
  22  9.74577e+02  1.06761e-03  4.75507e-02  1.00000e-09  1.00000e-09   0.5000     1
  23  9.74571e+02  7.01144e-04  3.09683e-02  1.00000e-09  1.00000e-09   0.5000     1
  24  9.74567e+02  3.62080e-04  2.06915e-02  1.00000e-09  1.00000e-09   0.5000     1
