*** SOLVE walking ***
iter    cost       stop       grad       xreg       ureg      step   ||ffeas||  ||hfeas||   dV-exp       dV    
   0  2.617e+04  7.989e+05  1.598e+06  1.000e-09  1.000e-09  1.0000  0.000e+00  3.960e+01  7.989e+05  7.734e+05
   1  1.390e+04  2.559e+04  5.128e+04  1.000e-09  1.000e-09  1.0000  0.000e+00  1.907e+00  2.559e+04  1.227e+04
   2  7.369e+03  1.331e+04  2.662e+04  1.000e-09  1.000e-09  1.0000  0.000e+00  9.017e-01  1.331e+04  6.529e+03
   3  1.248e+03  6.780e+03  1.356e+04  1.000e-09  1.000e-09  1.0000  0.000e+00  4.396e-01  6.780e+03  6.121e+03
   4  5.962e+02  6.594e+02  1.319e+03  1.000e-09  1.000e-09  1.0000  0.000e+00  2.845e-02  6.594e+02  6.518e+02
   5  5.886e+02  7.590e+00  1.518e+01  1.000e-09  1.000e-09  1.0000  0.000e+00  2.789e-03  7.590e+00  7.590e+00
   6  5.885e+02  4.609e-02  9.222e-02  1.000e-09  1.000e-09  1.0000  0.000e+00  2.240e-03  4.609e-02  4.610e-02
   7  5.885e+02  3.295e-04  6.270e-04  1.000e-09  1.000e-09  1.0000  0.000e+00  2.962e-05  3.295e-04  3.295e-04
   8  5.885e+02  3.651e-08  3.355e-09  1.000e-09  1.000e-09  1.0000  0.000e+00  4.418e-10  -3.651e-08  -3.649e-08
   9  5.885e+02  5.941e-12  1.004e-12  1.000e-03  1.000e-03  1.0000  0.000e+00  2.132e-13  -5.941e-12  -7.617e-12
*** SOLVE trotting ***
iter    cost       stop       grad       xreg       ureg      step   ||ffeas||  ||hfeas||   dV-exp       dV    
   0  2.244e+04  4.592e+05  9.187e+05  1.000e-09  1.000e-09  1.0000  6.323e-02  5.140e+01  4.592e+05  4.372e+05
   1  1.228e+03  2.202e+04  4.408e+04  1.000e-09  1.000e-09  1.0000  0.000e+00  2.894e+00  2.202e+04  2.122e+04
   2  4.482e+02  8.002e+02  1.600e+03  1.000e-09  1.000e-09  1.0000  0.000e+00  2.909e-01  8.002e+02  7.802e+02
   3  4.280e+02  2.149e+01  4.296e+01  1.000e-09  1.000e-09  1.0000  0.000e+00  6.777e-02  2.149e+01  2.021e+01
   4  4.266e+02  1.577e+00  3.154e+00  1.000e-09  1.000e-09  1.0000  0.000e+00  3.002e-02  1.577e+00  1.391e+00
   5  4.264e+02  1.859e-01  3.726e-01  1.000e-09  1.000e-09  1.0000  0.000e+00  2.843e-05  1.859e-01  1.859e-01
   6  4.264e+02  6.103e-08  7.654e-08  1.000e-09  1.000e-09  1.0000  0.000e+00  5.251e-09  -6.103e-08  -6.086e-08
   7  4.264e+02  8.283e-11  7.368e-11  1.000e-03  1.000e-03  1.0000  0.000e+00  1.933e-12  8.283e-11  9.669e-11
*** SOLVE pacing ***
iter    cost       stop       grad       xreg       ureg      step   ||ffeas||  ||hfeas||   dV-exp       dV    
   0  5.714e+04  4.588e+05  9.348e+05  1.000e-09  1.000e-09  1.0000  1.910e-01  2.754e+02  4.588e+05  4.024e+05
   1  3.791e+03  5.639e+04  1.128e+05  1.000e-09  1.000e-09  1.0000  0.000e+00  6.490e+00  5.639e+04  5.335e+04
   2  1.172e+03  3.034e+03  6.068e+03  1.000e-09  1.000e-09  1.0000  0.000e+00  5.806e-01  3.034e+03  2.619e+03
   3  7.856e+02  4.154e+02  8.309e+02  1.000e-09  1.000e-09  1.0000  0.000e+00  4.862e-02  4.154e+02  3.866e+02
   4  7.567e+02  2.888e+01  5.776e+01  1.000e-09  1.000e-09  1.0000  0.000e+00  4.089e-03  2.888e+01  2.888e+01
   5  7.567e+02  1.767e-02  3.519e-02  1.000e-09  1.000e-09  1.0000  0.000e+00  3.139e-03  1.767e-02  1.770e-02
   6  7.567e+02  6.439e-05  8.502e-05  1.000e-09  1.000e-09  1.0000  0.000e+00  1.024e-07  6.439e-05  6.439e-05
   7  7.567e+02  4.708e-08  3.707e-09  1.000e-03  1.000e-03  1.0000  0.000e+00  4.252e-11  4.708e-08  4.807e-08
   8  7.567e+02  5.228e-11  2.889e-14  1.000e+02  1.000e+02  1.0000  0.000e+00  2.274e-13  5.228e-11  4.354e-11
*** SOLVE bounding ***
iter    cost       stop       grad       xreg       ureg      step   ||ffeas||  ||hfeas||   dV-exp       dV    
   0  1.957e+05  4.579e+05  9.510e+05  1.000e-09  1.000e-09  1.0000  8.396e-01  1.837e+02  4.579e+05  2.640e+05
   1  7.790e+04  1.938e+05  3.875e+05  1.000e-09  1.000e-09  1.0000  0.000e+00  4.059e+01  1.938e+05  1.178e+05
   2  3.294e+03  7.594e+04  1.519e+05  1.000e-09  1.000e-09  1.0000  0.000e+00  3.879e+00  7.594e+04  7.461e+04
   3  2.044e+03  1.328e+03  2.655e+03  1.000e-09  1.000e-09  1.0000  0.000e+00  2.340e-01  1.328e+03  1.250e+03
   4  1.973e+03  7.884e+01  1.576e+02  1.000e-09  1.000e-09  1.0000  0.000e+00  3.170e-02  7.884e+01  7.113e+01
   5  1.967e+03  8.091e+00  1.618e+01  1.000e-09  1.000e-09  0.5000  0.000e+00  2.747e-02  6.068e+00  6.068e+00
   6  1.966e+03  2.026e+00  4.048e+00  1.000e-09  1.000e-09  1.0000  0.000e+00  2.198e-02  2.026e+00  7.488e-01
   7  1.965e+03  1.291e+00  2.582e+00  1.000e-09  1.000e-09  1.0000  0.000e+00  1.080e-03  1.291e+00  1.291e+00
   8  1.965e+03  7.910e-05  1.109e-04  1.000e-09  1.000e-09  1.0000  0.000e+00  2.013e-07  7.910e-05  7.909e-05
   9  1.965e+03  5.082e-07  2.258e-07  1.000e-09  1.000e-09  1.0000  0.000e+00  2.669e-08  5.082e-07  5.080e-07
iter    cost       stop       grad       xreg       ureg      step   ||ffeas||  ||hfeas||   dV-exp       dV    
  10  1.965e+03  3.474e-08  3.248e-09  1.000e-03  1.000e-03  1.0000  0.000e+00  1.790e-11  3.474e-08  3.588e-08
  11  1.965e+03  9.259e-11  3.607e-14  1.000e+02  1.000e+02  1.0000  0.000e+00  2.274e-13  9.259e-11  1.000e-10
*** SOLVE jumping ***
iter    cost       stop       grad       xreg       ureg      step   ||ffeas||  ||hfeas||   dV-exp       dV    
   0  4.146e+05  1.870e+06  4.002e+06  1.000e-09  1.000e-09  1.0000  1.687e+00  1.086e+03  1.870e+06  1.459e+06
   1  4.537e+05  4.110e+05  8.254e+05  1.000e-09  1.000e-09  1.0000  0.000e+00  1.758e+02  4.110e+05  -3.910e+04
   2  1.553e+05  4.499e+05  8.999e+05  1.000e-09  1.000e-09  1.0000  0.000e+00  3.068e+01  4.499e+05  2.983e+05
   3  1.184e+04  1.516e+05  3.031e+05  1.000e-09  1.000e-09  1.0000  0.000e+00  3.427e+00  1.516e+05  1.435e+05
   4  3.817e+03  8.042e+03  1.608e+04  1.000e-09  1.000e-09  1.0000  0.000e+00  1.115e+00  8.042e+03  8.020e+03
   5  3.793e+03  2.313e+01  4.606e+01  1.000e-09  1.000e-09  1.0000  0.000e+00  1.296e-01  2.313e+01  2.310e+01
   6  3.793e+03  9.935e-02  2.140e-01  1.000e-09  1.000e-09  1.0000  0.000e+00  1.686e-03  9.935e-02  9.944e-02
   7  3.793e+03  1.513e-02  3.048e-02  1.000e-09  1.000e-09  0.5000  0.000e+00  1.501e-03  1.137e-02  1.136e-02
   8  3.793e+03  3.875e-03  7.764e-03  1.000e-09  1.000e-09  0.5000  0.000e+00  1.235e-03  2.908e-03  2.905e-03
   9  3.793e+03  9.986e-04  1.979e-03  1.000e-09  1.000e-09  1.0000  0.000e+00  4.924e-04  9.986e-04  9.954e-04
iter    cost       stop       grad       xreg       ureg      step   ||ffeas||  ||hfeas||   dV-exp       dV    
  10  3.793e+03  1.325e-05  4.046e-07  1.000e-09  1.000e-09  1.0000  0.000e+00  3.514e-08  1.325e-05  1.324e-05
  11  3.793e+03  1.642e-08  1.728e-10  1.000e-03  1.000e-03  1.0000  0.000e+00  6.475e-12  1.642e-08  1.640e-08
  12  3.793e+03  5.516e-12  1.345e-15  1.000e+02  1.000e+02  1.0000  0.000e+00  4.547e-13  5.516e-12  5.275e-11
