*** SOLVE walking ***
iter 	 cost 	      stop 	    grad 	  xreg 	      ureg 	 step 	 feas
   0  1.37485e+04  1.85164e+07  7.91406e+05  1.00000e-02  1.00000e-02   1.0000     1
   1  6.98715e+03  2.91164e+09  1.61165e+04  1.00000e-03  1.00000e-03   1.0000     1
   2  5.00494e+03  9.61535e+08  3.87659e+03  1.00000e-04  1.00000e-04   1.0000     1
   3  4.87427e+03  1.62571e+06  2.83792e+02  1.00000e-05  1.00000e-05   1.0000     1
   4  4.83018e+03  1.66146e+07  8.69937e+01  1.00000e-06  1.00000e-06   1.0000     1
   5  4.83003e+03  4.89373e+04  3.02862e-01  1.00000e-07  1.00000e-07   1.0000     1
   6  4.83003e+03  3.25805e-01  5.72241e-04  1.00000e-08  1.00000e-08   1.0000     1
   7  4.83003e+03  6.23636e-05  2.00015e-05  1.00000e-09  1.00000e-09   1.0000     1
   8  4.83003e+03  9.24955e-07  7.58347e-07  1.00000e-09  1.00000e-09   1.0000     1
   9  4.83003e+03  3.04039e-08  2.94413e-08  1.00000e-09  1.00000e-09   1.0000     1
iter 	 cost 	      stop 	    grad 	  xreg 	      ureg 	 step 	 feas
  10  4.83003e+03  1.10821e-09  1.16218e-09  1.00000e-09  1.00000e-09   1.0000     1
  11  4.83003e+03  4.21575e-11  4.65054e-11  1.00000e-09  1.00000e-09   1.0000     1
*** SOLVE trotting ***
iter 	 cost 	      stop 	    grad 	  xreg 	      ureg 	 step 	 feas
   0  2.68468e+04  4.69817e+09  4.25814e+06  1.00000e-02  1.00000e-02   1.0000     1
   1  1.14296e+04  1.52301e+09  4.16464e+04  1.00000e-03  1.00000e-03   1.0000     1
   2  5.59099e+03  2.13557e+09  1.26334e+04  1.00000e-04  1.00000e-04   1.0000     1
   3  4.93701e+03  2.51384e+08  1.32067e+03  1.00000e-05  1.00000e-05   1.0000     1
   4  4.91198e+03  1.73224e+06  4.93214e+01  1.00000e-06  1.00000e-06   1.0000     1
   5  4.91188e+03  1.22601e+04  1.90307e-01  1.00000e-07  1.00000e-07   1.0000     1
   6  4.91188e+03  8.56282e-01  1.51564e-03  1.00000e-08  1.00000e-08   1.0000     1
   7  4.91188e+03  4.61494e-04  6.35170e-05  1.00000e-09  1.00000e-09   1.0000     1
   8  4.91188e+03  4.32638e-06  2.75983e-06  1.00000e-09  1.00000e-09   1.0000     1
   9  4.91188e+03  1.80931e-07  1.22063e-07  1.00000e-09  1.00000e-09   1.0000     1
iter 	 cost 	      stop 	    grad 	  xreg 	      ureg 	 step 	 feas
  10  4.91188e+03  8.05125e-09  5.47444e-09  1.00000e-09  1.00000e-09   1.0000     1
  11  4.91188e+03  3.38053e-10  2.58350e-10  1.00000e-09  1.00000e-09   1.0000     1
*** SOLVE pacing ***
iter 	 cost 	      stop 	    grad 	  xreg 	      ureg 	 step 	 feas
   0  7.15118e+05  4.40102e+11  1.92790e+07  1.00000e-02  1.00000e-02   1.0000     1
   1  4.31583e+05  4.96153e+11  1.40778e+06  1.00000e-03  1.00000e-03   1.0000     1
   2  8.39776e+03  3.16015e+11  8.47409e+05  1.00000e-04  1.00000e-04   1.0000     1
   3  7.29461e+03  3.68041e+08  2.49227e+03  1.00000e-05  1.00000e-05   1.0000     1
   4  7.05636e+03  1.07475e+08  4.75721e+02  1.00000e-06  1.00000e-06   1.0000     1
   5  7.05482e+03  6.63227e+05  3.05895e+00  1.00000e-07  1.00000e-07   1.0000     1
   6  7.05482e+03  8.99408e+00  3.95375e-03  1.00000e-08  1.00000e-08   1.0000     1
   7  7.05482e+03  1.05298e-03  8.52418e-05  1.00000e-09  1.00000e-09   1.0000     1
   8  7.05482e+03  6.22670e-06  2.21452e-06  1.00000e-09  1.00000e-09   1.0000     1
   9  7.05482e+03  3.78026e-07  6.75325e-08  1.00000e-09  1.00000e-09   1.0000     1
iter 	 cost 	      stop 	    grad 	  xreg 	      ureg 	 step 	 feas
  10  7.05482e+03  2.17714e-09  2.35974e-09  1.00000e-09  1.00000e-09   1.0000     1
  11  7.05482e+03  4.50045e-10  9.12352e-11  1.00000e-09  1.00000e-09   1.0000     1
*** SOLVE bounding ***
iter 	 cost 	      stop 	    grad 	  xreg 	      ureg 	 step 	 feas
   0  8.18722e+05  1.08687e+11  2.00020e+07  1.00000e-02  1.00000e-02   1.0000     1
   1  7.79387e+04  6.04524e+11  1.60133e+06  1.00000e-03  1.00000e-03   1.0000     1
   2  1.84906e+04  2.28056e+10  1.32379e+05  1.00000e-04  1.00000e-04   1.0000     1
   3  1.08699e+04  2.65616e+09  1.52839e+04  1.00000e-05  1.00000e-05   1.0000     1
   4  1.07031e+04  6.33626e+07  3.27233e+02  1.00000e-06  1.00000e-06   1.0000     1
   5  1.07025e+04  8.21708e+04  1.43045e+00  1.00000e-07  1.00000e-07   1.0000     1
   6  1.07025e+04  2.70740e+03  8.84330e-02  1.00000e-08  1.00000e-08   1.0000     1
   7  1.07025e+04  2.55970e+00  1.16696e-02  1.00000e-09  1.00000e-09   1.0000     1
   8  1.07025e+04  1.15859e-01  1.93454e-03  1.00000e-09  1.00000e-09   1.0000     1
   9  1.07025e+04  6.44471e-03  3.24309e-04  1.00000e-09  1.00000e-09   1.0000     1
iter 	 cost 	      stop 	    grad 	  xreg 	      ureg 	 step 	 feas
  10  1.07025e+04  7.54970e-04  5.44404e-05  1.00000e-09  1.00000e-09   1.0000     1
  11  1.07025e+04  1.30345e-04  9.14194e-06  1.00000e-09  1.00000e-09   1.0000     1
  12  1.07025e+04  2.10326e-05  1.53515e-06  1.00000e-09  1.00000e-09   1.0000     1
  13  1.07025e+04  3.57494e-06  2.57797e-07  1.00000e-09  1.00000e-09   1.0000     1
  14  1.07025e+04  5.96885e-07  4.32913e-08  1.00000e-09  1.00000e-09   1.0000     1
  15  1.07025e+04  1.00464e-07  7.26984e-09  1.00000e-09  1.00000e-09   1.0000     1
  16  1.07025e+04  1.68545e-08  1.22108e-09  1.00000e-09  1.00000e-09   1.0000     1
  17  1.07025e+04  2.83163e-09  2.05503e-10  1.00000e-09  1.00000e-09   1.0000     1
  18  1.07025e+04  4.75455e-10  3.45778e-11  1.00000e-09  1.00000e-09   1.0000     1
*** SOLVE jumping ***
iter 	 cost 	      stop 	    grad 	  xreg 	      ureg 	 step 	 feas
   0  1.18138e+05  1.07909e+04  8.62193e+04  1.00000e-02  1.00000e-02   1.0000     1
   1  2.18963e+04  8.42151e+05  2.15921e+05  1.00000e-03  1.00000e-03   1.0000     1
   2  1.65014e+04  1.09570e+04  3.18265e+04  1.00000e-03  1.00000e-03   0.5000     1
   3  6.98607e+03  4.92609e+03  2.01180e+04  1.00000e-04  1.00000e-04   1.0000     1
   4  5.22205e+03  8.08190e+02  3.43545e+03  1.00000e-05  1.00000e-05   1.0000     1
   5  5.19468e+03  6.44125e+00  4.90813e+01  1.00000e-06  1.00000e-06   1.0000     1
   6  5.19331e+03  1.22269e-02  2.09810e+00  1.00000e-07  1.00000e-07   1.0000     1
   7  5.19316e+03  2.12864e-04  2.26843e-01  1.00000e-08  1.00000e-08   1.0000     1
   8  5.19314e+03  2.02211e-05  2.62528e-02  1.00000e-09  1.00000e-09   1.0000     1
   9  5.19314e+03  3.25289e-06  3.05574e-03  1.00000e-09  1.00000e-09   1.0000     1
iter 	 cost 	      stop 	    grad 	  xreg 	      ureg 	 step 	 feas
  10  5.19314e+03  3.51999e-07  3.56665e-04  1.00000e-09  1.00000e-09   1.0000     1
  11  5.19314e+03  4.48864e-08  4.16925e-05  1.00000e-09  1.00000e-09   1.0000     1
  12  5.19314e+03  5.00860e-09  4.87735e-06  1.00000e-09  1.00000e-09   1.0000     1
  13  5.19314e+03  6.08270e-10  5.70761e-07  1.00000e-09  1.00000e-09   1.0000     1
