*** SOLVE walking ***
iter    cost       stop       grad       xreg       ureg      step   ||ffeas||  ||gfeas||  ||hfeas||   dV-exp       dV    
   0  2.048e+05  7.989e+05  1.598e+06  1.000e-09  1.000e-09  0.5000  2.109e-14  0.000e+00  0.000e+00  5.992e+05  5.948e+05
   1  1.514e+04  2.042e+05  4.083e+05  1.000e-09  1.000e-09  1.0000  1.066e-14  0.000e+00  0.000e+00  2.042e+05  1.896e+05
   2  7.296e+03  1.455e+04  2.909e+04  1.000e-09  1.000e-09  0.5000  0.000e+00  0.000e+00  0.000e+00  1.091e+04  7.839e+03
   3  2.589e+03  6.707e+03  1.341e+04  1.000e-09  1.000e-09  1.0000  0.000e+00  0.000e+00  0.000e+00  6.707e+03  4.707e+03
   4  1.569e+03  2.000e+03  4.000e+03  1.000e-09  1.000e-09  0.5000  0.000e+00  0.000e+00  0.000e+00  1.500e+03  1.020e+03
   5  5.960e+02  9.795e+02  1.959e+03  1.000e-09  1.000e-09  1.0000  0.000e+00  0.000e+00  0.000e+00  9.795e+02  9.732e+02
   6  5.960e+02  7.996e+00  1.599e+01  1.000e-08  1.000e-08  0.0020  0.000e+00  0.000e+00  0.000e+00  3.120e-02  1.338e-02
   7  5.889e+02  7.085e+00  1.417e+01  1.000e-09  1.000e-09  1.0000  0.000e+00  0.000e+00  0.000e+00  7.085e+00  7.085e+00
   8  5.889e+02  4.529e-02  9.059e-02  1.000e-09  1.000e-09  1.0000  0.000e+00  0.000e+00  0.000e+00  4.529e-02  4.060e-02
   9  5.889e+02  7.955e-03  1.591e-02  1.000e-09  1.000e-09  1.0000  0.000e+00  0.000e+00  0.000e+00  7.955e-03  7.955e-03
iter    cost       stop       grad       xreg       ureg      step   ||ffeas||  ||gfeas||  ||hfeas||   dV-exp       dV    
  10  5.889e+02  1.013e-06  2.025e-06  1.000e-09  1.000e-09  1.0000  0.000e+00  0.000e+00  0.000e+00  1.013e-06  1.013e-06
  11  5.889e+02  7.441e-11  1.488e-10  1.000e-09  1.000e-09  1.0000  0.000e+00  0.000e+00  0.000e+00  7.441e-11  8.185e-11
*** SOLVE trotting ***
iter    cost       stop       grad       xreg       ureg      step   ||ffeas||  ||gfeas||  ||hfeas||   dV-exp       dV    
   0  1.997e+04  4.592e+05  9.184e+05  1.000e-09  1.000e-09  1.0000  1.179e-01  0.000e+00  0.000e+00  4.592e+05  4.397e+05
   1  1.173e+03  1.954e+04  3.909e+04  1.000e-09  1.000e-09  1.0000  0.000e+00  0.000e+00  0.000e+00  1.954e+04  1.880e+04
   2  4.483e+02  7.433e+02  1.487e+03  1.000e-09  1.000e-09  1.0000  0.000e+00  0.000e+00  0.000e+00  7.433e+02  7.250e+02
   3  4.307e+02  1.887e+01  3.774e+01  1.000e-09  1.000e-09  1.0000  0.000e+00  0.000e+00  0.000e+00  1.887e+01  1.755e+01
   4  4.292e+02  1.522e+00  3.045e+00  1.000e-09  1.000e-09  1.0000  0.000e+00  0.000e+00  0.000e+00  1.522e+00  1.522e+00
   5  4.291e+02  1.304e-01  2.608e-01  1.000e-09  1.000e-09  1.0000  0.000e+00  0.000e+00  0.000e+00  1.304e-01  1.304e-01
   6  4.291e+02  7.446e-05  1.489e-04  1.000e-09  1.000e-09  1.0000  0.000e+00  0.000e+00  0.000e+00  7.446e-05  7.445e-05
   7  4.291e+02  7.304e-10  1.461e-09  1.000e-09  1.000e-09  1.0000  0.000e+00  0.000e+00  0.000e+00  7.304e-10  7.227e-10
*** SOLVE pacing ***
iter    cost       stop       grad       xreg       ureg      step   ||ffeas||  ||gfeas||  ||hfeas||   dV-exp       dV    
   0  7.878e+04  4.588e+05  9.249e+05  1.000e-09  1.000e-09  1.0000  1.622e+00  0.000e+00  0.000e+00  4.588e+05  3.809e+05
   1  6.042e+03  7.798e+04  1.560e+05  1.000e-09  1.000e-09  1.0000  0.000e+00  0.000e+00  0.000e+00  7.798e+04  7.274e+04
   2  5.448e+03  5.255e+03  1.051e+04  1.000e-09  1.000e-09  0.2500  0.000e+00  0.000e+00  0.000e+00  2.299e+03  5.941e+02
   3  1.555e+03  4.647e+03  9.295e+03  1.000e-09  1.000e-09  1.0000  0.000e+00  0.000e+00  0.000e+00  4.647e+03  3.893e+03
   4  1.464e+03  7.561e+02  1.512e+03  1.000e-09  1.000e-09  0.1250  0.000e+00  0.000e+00  0.000e+00  1.772e+02  9.084e+01
   5  8.149e+02  6.635e+02  1.327e+03  1.000e-09  1.000e-09  1.0000  0.000e+00  0.000e+00  0.000e+00  6.635e+02  6.488e+02
   6  8.087e+02  1.596e+01  3.192e+01  1.000e-09  1.000e-09  0.5000  0.000e+00  0.000e+00  0.000e+00  1.197e+01  6.183e+00
   7  7.990e+02  9.703e+00  1.941e+01  1.000e-09  1.000e-09  1.0000  0.000e+00  0.000e+00  0.000e+00  9.703e+00  9.702e+00
   8  7.990e+02  1.797e-02  3.594e-02  1.000e-09  1.000e-09  1.0000  0.000e+00  0.000e+00  0.000e+00  1.797e-02  1.801e-02
   9  7.990e+02  3.646e-04  7.292e-04  1.000e-09  1.000e-09  1.0000  0.000e+00  0.000e+00  0.000e+00  3.646e-04  3.650e-04
iter    cost       stop       grad       xreg       ureg      step   ||ffeas||  ||gfeas||  ||hfeas||   dV-exp       dV    
  10  7.990e+02  1.106e-04  2.212e-04  1.000e-09  1.000e-09  1.0000  0.000e+00  0.000e+00  0.000e+00  1.106e-04  1.106e-04
  11  7.990e+02  4.257e-09  8.515e-09  1.000e-09  1.000e-09  1.0000  0.000e+00  0.000e+00  0.000e+00  4.257e-09  4.458e-09
  12  7.990e+02  3.517e-11  7.035e-11  1.000e-09  1.000e-09  1.0000  0.000e+00  0.000e+00  0.000e+00  3.517e-11  3.467e-11
*** SOLVE bounding ***
iter    cost       stop       grad       xreg       ureg      step   ||ffeas||  ||gfeas||  ||hfeas||   dV-exp       dV    
   0  2.148e+05  4.579e+05  9.258e+05  1.000e-09  1.000e-09  1.0000  1.176e+00  0.000e+00  0.000e+00  4.579e+05  2.450e+05
   1  1.052e+05  2.128e+05  4.256e+05  1.000e-09  1.000e-09  1.0000  0.000e+00  0.000e+00  0.000e+00  2.128e+05  1.096e+05
   2  8.085e+04  1.032e+05  2.064e+05  1.000e-09  1.000e-09  0.5000  0.000e+00  0.000e+00  0.000e+00  7.741e+04  2.435e+04
   3  1.514e+04  7.880e+04  1.576e+05  1.000e-09  1.000e-09  1.0000  0.000e+00  0.000e+00  0.000e+00  7.880e+04  6.571e+04
   4  1.352e+04  1.311e+04  2.622e+04  1.000e-09  1.000e-09  0.2500  0.000e+00  0.000e+00  0.000e+00  5.735e+03  1.620e+03
   5  2.435e+03  1.147e+04  2.294e+04  1.000e-09  1.000e-09  1.0000  0.000e+00  0.000e+00  0.000e+00  1.147e+04  1.108e+04
   6  2.426e+03  3.908e+02  7.816e+02  1.000e-09  1.000e-09  0.0625  0.000e+00  0.000e+00  0.000e+00  4.732e+01  8.903e+00
   7  2.070e+03  3.793e+02  7.586e+02  1.000e-09  1.000e-09  1.0000  0.000e+00  0.000e+00  0.000e+00  3.793e+02  3.563e+02
   8  2.057e+03  2.313e+01  4.625e+01  1.000e-09  1.000e-09  0.5000  0.000e+00  0.000e+00  0.000e+00  1.735e+01  1.236e+01
   9  2.047e+03  1.112e+01  2.223e+01  1.000e-09  1.000e-09  1.0000  0.000e+00  0.000e+00  0.000e+00  1.112e+01  9.920e+00
iter    cost       stop       grad       xreg       ureg      step   ||ffeas||  ||gfeas||  ||hfeas||   dV-exp       dV    
  10  2.046e+03  1.191e+00  2.381e+00  1.000e-09  1.000e-09  1.0000  0.000e+00  0.000e+00  0.000e+00  1.191e+00  1.191e+00
  11  2.046e+03  4.647e-04  9.295e-04  1.000e-09  1.000e-09  1.0000  0.000e+00  0.000e+00  0.000e+00  4.647e-04  4.722e-04
  12  2.046e+03  1.838e-05  3.675e-05  1.000e-09  1.000e-09  1.0000  0.000e+00  0.000e+00  0.000e+00  1.838e-05  2.215e-05
  13  2.046e+03  5.073e-04  1.015e-03  1.000e-09  1.000e-09  1.0000  0.000e+00  0.000e+00  0.000e+00  5.073e-04  5.083e-04
  14  2.046e+03  6.516e-08  1.303e-07  1.000e-09  1.000e-09  1.0000  0.000e+00  0.000e+00  0.000e+00  6.516e-08  7.180e-08
  15  2.046e+03  2.102e-09  4.203e-09  1.000e-09  1.000e-09  1.0000  0.000e+00  0.000e+00  0.000e+00  2.102e-09  2.649e-09
  16  2.046e+03  1.755e-10  3.510e-10  1.000e-09  1.000e-09  1.0000  0.000e+00  0.000e+00  0.000e+00  1.755e-10  2.365e-10
*** SOLVE jumping ***
iter    cost       stop       grad       xreg       ureg      step   ||ffeas||  ||gfeas||  ||hfeas||   dV-exp       dV    
   0  1.436e+06  1.871e+06  3.879e+06  1.000e-09  1.000e-09  0.1250  1.171e+00  0.000e+00  0.000e+00  4.460e+05  4.381e+05
   1  1.105e+06  1.433e+06  2.979e+06  1.000e-09  1.000e-09  0.1250  1.025e+00  0.000e+00  0.000e+00  3.420e+05  3.316e+05
   2  8.493e+05  1.101e+06  2.293e+06  1.000e-09  1.000e-09  0.1250  8.966e-01  0.000e+00  0.000e+00  2.631e+05  2.555e+05
   3  4.956e+05  8.456e+05  1.756e+06  1.000e-09  1.000e-09  0.2500  7.845e-01  0.000e+00  0.000e+00  3.760e+05  3.537e+05
   4  1.661e+05  4.917e+05  1.014e+06  1.000e-09  1.000e-09  0.5000  5.884e-01  0.000e+00  0.000e+00  3.727e+05  3.294e+05
   5  4.552e+04  1.622e+05  3.354e+05  1.000e-09  1.000e-09  0.5000  2.942e-01  0.000e+00  0.000e+00  1.230e+05  1.206e+05
   6  1.911e+04  4.160e+04  8.480e+04  1.000e-09  1.000e-09  1.0000  1.471e-01  0.000e+00  0.000e+00  4.160e+04  2.641e+04
   7  4.070e+03  1.522e+04  3.043e+04  1.000e-09  1.000e-09  1.0000  0.000e+00  0.000e+00  0.000e+00  1.522e+04  1.504e+04
   8  4.043e+03  1.802e+02  3.604e+02  1.000e-09  1.000e-09  0.1250  0.000e+00  0.000e+00  0.000e+00  4.224e+01  2.685e+01
   9  3.892e+03  1.528e+02  3.057e+02  1.000e-09  1.000e-09  1.0000  0.000e+00  0.000e+00  0.000e+00  1.528e+02  1.505e+02
iter    cost       stop       grad       xreg       ureg      step   ||ffeas||  ||gfeas||  ||hfeas||   dV-exp       dV    
  10  3.892e+03  2.334e+00  4.668e+00  1.000e-09  1.000e-09  0.0625  0.000e+00  0.000e+00  0.000e+00  2.827e-01  9.651e-02
  11  3.891e+03  2.212e+00  4.425e+00  1.000e-09  1.000e-09  1.0000  0.000e+00  0.000e+00  0.000e+00  2.212e+00  1.698e+00
  12  3.890e+03  5.405e-01  1.081e+00  1.000e-09  1.000e-09  1.0000  0.000e+00  0.000e+00  0.000e+00  5.405e-01  4.735e-01
  13  3.890e+03  6.314e-02  1.263e-01  1.000e-09  1.000e-09  1.0000  0.000e+00  0.000e+00  0.000e+00  6.314e-02  6.383e-02
  14  3.890e+03  2.041e-03  4.082e-03  1.000e-09  1.000e-09  1.0000  0.000e+00  0.000e+00  0.000e+00  2.041e-03  2.039e-03
  15  3.890e+03  2.047e-06  4.094e-06  1.000e-09  1.000e-09  1.0000  0.000e+00  0.000e+00  0.000e+00  2.047e-06  2.046e-06
  16  3.890e+03  3.131e-10  6.262e-10  1.000e-09  1.000e-09  1.0000  0.000e+00  0.000e+00  0.000e+00  3.131e-10  2.956e-10
