*** SOLVE walking ***
iter     cost         stop         grad         xreg         ureg       step    ||ffeas||    ||hfeas||
   0  2.11167e+05  7.94940e+05  1.58990e+06  1.00000e-09  1.00000e-09  1.0000  0.00000e+00  5.91902e+01
   1  8.70498e+04  2.09590e+05  4.19368e+05  1.00000e-09  1.00000e-09  1.0000  0.00000e+00  8.75586e+00
   2  3.61912e+04  8.54605e+04  1.70933e+05  1.00000e-09  1.00000e-09  1.0000  0.00000e+00  2.90910e+00
   3  1.07336e+04  3.45917e+04  6.91830e+04  1.00000e-09  1.00000e-09  1.0000  0.00000e+00  1.01701e+00
   4  1.99715e+03  9.13329e+03  1.82667e+04  1.00000e-09  1.00000e-09  1.0000  0.00000e+00  3.01525e-01
   5  1.60608e+03  3.97146e+02  7.94297e+02  1.00000e-09  1.00000e-09  1.0000  0.00000e+00  1.64848e-02
   6  1.60003e+03  6.06183e+00  1.21239e+01  1.00000e-09  1.00000e-09  1.0000  0.00000e+00  5.40273e-05
   7  1.60002e+03  7.31675e-03  1.46385e-02  1.00000e-09  1.00000e-09  1.0000  0.00000e+00  3.05342e-07
   8  1.60002e+03  7.07681e-09  2.56858e-08  1.00000e-09  1.00000e-09  1.0000  0.00000e+00  6.66944e-10
   9  1.60002e+03  1.02431e-10  3.46832e-10  1.00000e-09  1.00000e-09  1.0000  0.00000e+00  5.75540e-12
*** SOLVE trotting ***
iter     cost         stop         grad         xreg         ureg       step    ||ffeas||    ||hfeas||
   0  1.58125e+04  4.56805e+05  9.14025e+05  1.00000e-09  1.00000e-09  1.0000  1.16167e-01  7.69469e+01
   1  1.20958e+04  1.50486e+04  3.01957e+04  1.00000e-09  1.00000e-09  1.0000  0.00000e+00  3.97289e+00
   2  2.00693e+03  1.13276e+04  2.26557e+04  1.00000e-09  1.00000e-09  1.0000  0.00000e+00  8.01657e-01
   3  7.79668e+02  1.23926e+03  2.47846e+03  1.00000e-09  1.00000e-09  1.0000  0.00000e+00  3.27828e-01
   4  7.67402e+02  1.63472e+01  3.27023e+01  1.00000e-09  1.00000e-09  0.5000  0.00000e+00  1.35471e-01
   5  7.64330e+02  4.09477e+00  8.19834e+00  1.00000e-09  1.00000e-09  0.5000  0.00000e+00  1.19394e-01
   6  7.63290e+02  1.03868e+00  2.08081e+00  1.00000e-09  1.00000e-09  1.0000  0.00000e+00  5.00690e-02
   7  7.63288e+02  1.46455e-03  3.07850e-03  1.00000e-09  1.00000e-09  1.0000  0.00000e+00  5.39721e-04
   8  7.63288e+02  6.12846e-07  9.22461e-07  1.00000e-09  1.00000e-09  1.0000  0.00000e+00  4.45265e-08
   9  7.63288e+02  1.08455e-08  4.55358e-09  1.00000e-09  1.00000e-09  1.0000  0.00000e+00  1.09708e-10
iter     cost         stop         grad         xreg         ureg       step    ||ffeas||    ||hfeas||
  10  7.63288e+02  2.65768e-11  3.52858e-11  1.00000e-09  1.00000e-09  1.0000  0.00000e+00  4.66738e-12
*** SOLVE pacing ***
iter     cost         stop         grad         xreg         ureg       step    ||ffeas||    ||hfeas||
   0  2.28197e+05  4.55837e+05  9.29409e+05  1.00000e-09  1.00000e-09  1.0000  1.74988e-01  2.74954e+02
   1  2.58935e+05  2.26977e+05  4.54144e+05  1.00000e-09  1.00000e-09  1.0000  0.00000e+00  1.56793e+01
   2  2.07376e+05  2.57699e+05  5.15407e+05  1.00000e-09  1.00000e-09  1.0000  0.00000e+00  4.68046e+00
   3  5.29957e+04  2.06017e+05  4.12035e+05  1.00000e-09  1.00000e-09  0.5000  0.00000e+00  2.82134e+00
   4  1.43919e+04  5.16338e+04  1.03271e+05  1.00000e-09  1.00000e-09  0.5000  0.00000e+00  1.53315e+00
   5  1.40020e+03  1.30287e+04  2.60598e+04  1.00000e-09  1.00000e-09  1.0000  0.00000e+00  6.42126e-01
   6  1.37215e+03  5.72882e+01  1.15279e+02  1.00000e-09  1.00000e-09  1.0000  0.00000e+00  4.51401e-01
   7  1.34326e+03  2.90894e+01  5.82648e+01  1.00000e-09  1.00000e-09  1.0000  0.00000e+00  1.34760e-02
   8  1.34307e+03  1.88240e-01  3.77420e-01  1.00000e-09  1.00000e-09  1.0000  0.00000e+00  9.09316e-03
   9  1.34307e+03  6.50845e-05  9.50554e-05  1.00000e-09  1.00000e-09  1.0000  0.00000e+00  6.68580e-06
iter     cost         stop         grad         xreg         ureg       step    ||ffeas||    ||hfeas||
  10  1.34307e+03  7.68331e-08  4.58247e-07  1.00000e-09  1.00000e-09  1.0000  0.00000e+00  7.68331e-08
  11  1.34307e+03  1.36009e-08  6.61441e-09  1.00000e-09  1.00000e-09  1.0000  0.00000e+00  1.47156e-09
  12  1.34307e+03  3.75366e-10  1.19073e-10  1.00000e-09  1.00000e-09  1.0000  0.00000e+00  2.85212e-11
*** SOLVE bounding ***
iter     cost         stop         grad         xreg         ureg       step    ||ffeas||    ||hfeas||
   0  4.03432e+05  4.56949e+05  9.52173e+05  1.00000e-09  1.00000e-09  1.0000  1.07669e+00  2.73765e+02
   1  2.95624e+04  4.00890e+05  8.02659e+05  1.00000e-09  1.00000e-09  1.0000  0.00000e+00  6.02053e+01
   2  1.35554e+04  2.69987e+04  5.40531e+04  1.00000e-09  1.00000e-09  1.0000  0.00000e+00  1.88897e+00
   3  3.54718e+03  1.09899e+04  2.19829e+04  1.00000e-09  1.00000e-09  1.0000  0.00000e+00  1.50615e+00
   4  2.82714e+03  9.85698e+02  1.97108e+03  1.00000e-09  1.00000e-09  1.0000  0.00000e+00  4.48172e-01
   5  2.57530e+03  2.66554e+02  5.32872e+02  1.00000e-09  1.00000e-09  1.0000  0.00000e+00  7.50420e-02
   6  2.65856e+03  1.47866e+01  2.95734e+01  1.00000e-09  1.00000e-09  1.0000  0.00000e+00  9.80754e-03
   7  2.58664e+03  9.80267e+01  1.96056e+02  1.00000e-09  1.00000e-09  1.0000  0.00000e+00  3.08378e-03
   8  2.56443e+03  2.60948e+01  5.21900e+01  1.00000e-09  1.00000e-09  1.0000  0.00000e+00  9.51378e-04
   9  2.56054e+03  3.89025e+00  7.78059e+00  1.00000e-09  1.00000e-09  1.0000  0.00000e+00  1.42519e-04
iter     cost         stop         grad         xreg         ureg       step    ||ffeas||    ||hfeas||
  10  2.56054e+03  1.73620e-04  3.61269e-04  1.00000e-09  1.00000e-09  1.0000  0.00000e+00  7.60498e-08
  11  2.56054e+03  1.25677e-05  2.51215e-05  1.00000e-09  1.00000e-09  1.0000  0.00000e+00  3.91786e-09
  12  2.56054e+03  1.39691e-10  4.20946e-10  1.00000e-09  1.00000e-09  1.0000  0.00000e+00  3.10720e-11
*** SOLVE jumping ***
iter     cost         stop         grad         xreg         ureg       step    ||ffeas||    ||hfeas||
   0  1.26841e+05  1.81297e+06  3.94818e+06  1.00000e-09  1.00000e-09  1.0000  1.99359e+00  3.12115e+02
   1  4.21500e+05  1.19715e+05  3.05795e+05  1.00000e-09  1.00000e-09  1.0000  0.00000e+00  9.37209e+01
   2  4.02122e+04  4.14404e+05  8.32130e+05  1.00000e-09  1.00000e-09  1.0000  0.00000e+00  7.78308e+01
   3  5.08185e+04  3.28312e+04  6.67256e+04  1.00000e-09  1.00000e-09  1.0000  0.00000e+00  2.09404e+01
   4  7.41201e+03  4.34138e+04  8.69473e+04  1.00000e-09  1.00000e-09  1.0000  0.00000e+00  1.18100e+01
   5  2.77713e+04  4.69325e+01  1.66428e+02  1.00000e-09  1.00000e-09  0.2500  0.00000e+00  9.06000e+00
   6  1.17353e+04  2.03570e+04  4.07689e+04  1.00000e-09  1.00000e-09  1.0000  0.00000e+00  1.12806e+00
   7  7.41751e+03  4.31790e+03  8.63696e+03  1.00000e-09  1.00000e-09  1.0000  0.00000e+00  3.56659e-01
   8  7.41770e+03  1.70602e-01  8.68453e-01  1.00000e-09  1.00000e-09  1.0000  0.00000e+00  3.96564e-02
   9  7.41769e+03  1.31351e-02  4.38453e-01  1.00000e-09  1.00000e-09  1.0000  0.00000e+00  1.16578e-02
iter     cost         stop         grad         xreg         ureg       step    ||ffeas||    ||hfeas||
  10  7.41772e+03  2.71243e-02  7.81854e-02  1.00000e-09  1.00000e-09  1.0000  0.00000e+00  4.29973e-03
  11  7.41773e+03  8.49845e-03  2.61765e-02  1.00000e-09  1.00000e-09  1.0000  0.00000e+00  1.42913e-03
  12  7.41773e+03  2.88744e-03  8.78555e-03  1.00000e-09  1.00000e-09  1.0000  0.00000e+00  4.82157e-04
  13  7.41773e+03  9.63079e-04  2.94958e-03  1.00000e-09  1.00000e-09  1.0000  0.00000e+00  1.61681e-04
  14  7.41773e+03  3.24554e-04  9.90155e-04  1.00000e-09  1.00000e-09  1.0000  0.00000e+00  5.43489e-05
  15  7.41773e+03  1.08709e-04  3.32414e-04  1.00000e-09  1.00000e-09  1.0000  0.00000e+00  1.82356e-05
  16  7.41773e+03  3.65427e-05  1.11593e-04  1.00000e-09  1.00000e-09  1.0000  0.00000e+00  6.12433e-06
  17  7.41773e+03  1.22584e-05  3.74633e-05  1.00000e-09  1.00000e-09  1.0000  0.00000e+00  2.05558e-06
  18  7.41773e+03  4.11709e-06  1.25768e-05  1.00000e-09  1.00000e-09  1.0000  0.00000e+00  6.90170e-07
  19  7.41773e+03  1.38180e-06  4.22216e-06  1.00000e-09  1.00000e-09  1.0000  0.00000e+00  2.31682e-07
iter     cost         stop         grad         xreg         ureg       step    ||ffeas||    ||hfeas||
  20  7.41773e+03  4.63952e-07  1.41742e-06  1.00000e-09  1.00000e-09  1.0000  0.00000e+00  7.77833e-08
  21  7.41773e+03  1.55737e-07  4.75844e-07  1.00000e-09  1.00000e-09  1.0000  0.00000e+00  2.61125e-08
  22  7.41773e+03  5.22843e-08  1.59745e-07  1.00000e-09  1.00000e-09  1.0000  0.00000e+00  8.76609e-09
  23  7.41773e+03  1.75510e-08  5.36284e-08  1.00000e-09  1.00000e-09  1.0000  0.00000e+00  2.94250e-09
  24  7.41773e+03  5.89307e-09  1.80038e-08  1.00000e-09  1.00000e-09  1.0000  0.00000e+00  9.85480e-10
  25  7.41773e+03  1.98351e-09  6.04420e-09  1.00000e-09  1.00000e-09  1.0000  0.00000e+00  3.32420e-10
  26  7.41773e+03  6.67513e-10  2.02958e-09  1.00000e-09  1.00000e-09  1.0000  0.00000e+00  1.12095e-10
