*** SOLVE walking ***
iter    cost       stop       grad       xreg       ureg      step   ||ffeas||  ||hfeas||   dV-exp       dV    
   0  2.032e+05  1.006e+08  1.592e+06  1.000e-09  1.000e-09  0.5000  1.819e-14  0.000e+00  5.969e+05  5.934e+05
   1  1.366e+04  2.767e+07  4.052e+05  1.000e-09  1.000e-09  1.0000  9.104e-15  0.000e+00  2.026e+05  1.895e+05
   2  6.489e+03  3.528e+05  2.618e+04  1.000e-09  1.000e-09  0.5000  0.000e+00  0.000e+00  9.816e+03  7.172e+03
   3  3.020e+03  1.578e+05  1.183e+04  1.000e-09  1.000e-09  1.0000  0.000e+00  0.000e+00  5.917e+03  3.469e+03
   4  2.708e+03  5.468e+04  4.897e+03  1.000e-09  1.000e-09  0.5000  0.000e+00  0.000e+00  1.837e+03  3.120e+02
   5  6.054e+02  5.409e+04  4.270e+03  1.000e-09  1.000e-09  1.0000  0.000e+00  0.000e+00  2.135e+03  2.102e+03
   6  6.048e+02  6.646e+02  6.652e+01  1.000e-09  1.000e-09  0.0312  0.000e+00  0.000e+00  2.046e+00  6.127e-01
   7  5.738e+02  6.590e+02  6.444e+01  1.000e-09  1.000e-09  1.0000  0.000e+00  0.000e+00  3.222e+01  3.096e+01
   8  5.725e+02  1.928e+01  2.577e+00  1.000e-09  1.000e-09  1.0000  0.000e+00  0.000e+00  1.288e+00  1.283e+00
   9  5.725e+02  2.643e-02  2.521e-02  1.000e-09  1.000e-09  1.0000  0.000e+00  0.000e+00  1.261e-02  1.261e-02
iter    cost       stop       grad       xreg       ureg      step   ||ffeas||  ||hfeas||   dV-exp       dV    
  10  5.725e+02  5.016e-06  3.483e-06  1.000e-09  1.000e-09  1.0000  0.000e+00  0.000e+00  1.742e-06  1.743e-06
  11  5.725e+02  2.164e-11  1.671e-10  1.000e-09  1.000e-09  1.0000  0.000e+00  0.000e+00  8.353e-11  8.197e-11
*** SOLVE trotting ***
iter    cost       stop       grad       xreg       ureg      step   ||ffeas||  ||hfeas||   dV-exp       dV    
   0  1.762e+04  5.460e+07  9.157e+05  1.000e-09  1.000e-09  1.0000  1.171e-01  0.000e+00  4.579e+05  4.407e+05
   1  9.189e+02  4.960e+05  3.442e+04  1.000e-09  1.000e-09  1.0000  0.000e+00  0.000e+00  1.721e+04  1.670e+04
   2  6.818e+02  3.994e+03  1.014e+03  1.000e-09  1.000e-09  0.5000  0.000e+00  0.000e+00  3.802e+02  2.371e+02
   3  4.133e+02  2.560e+03  5.370e+02  1.000e-09  1.000e-09  1.0000  0.000e+00  0.000e+00  2.685e+02  2.685e+02
   4  4.128e+02  1.198e-01  3.814e+00  1.000e-09  1.000e-09  0.2500  0.000e+00  0.000e+00  8.342e-01  4.312e-01
   5  4.120e+02  1.716e+00  2.931e+00  1.000e-09  1.000e-09  1.0000  0.000e+00  0.000e+00  1.465e+00  7.826e-01
   6  4.119e+02  6.071e+00  1.725e+00  1.000e-09  1.000e-09  0.5000  0.000e+00  0.000e+00  6.469e-01  1.915e-01
   7  4.112e+02  3.511e+00  1.338e+00  1.000e-09  1.000e-09  1.0000  0.000e+00  0.000e+00  6.688e-01  6.688e-01
   8  4.112e+02  1.537e-05  9.711e-06  1.000e-09  1.000e-09  1.0000  0.000e+00  0.000e+00  4.855e-06  4.846e-06
   9  4.112e+02  1.492e-10  2.290e-09  1.000e-09  1.000e-09  1.0000  0.000e+00  0.000e+00  1.145e-09  1.140e-09
*** SOLVE pacing ***
iter    cost       stop       grad       xreg       ureg      step   ||ffeas||  ||hfeas||   dV-exp       dV    
   0  6.917e+04  5.562e+07  9.212e+05  1.000e-09  1.000e-09  1.0000  1.602e+00  0.000e+00  4.575e+05  3.891e+05
   1  3.223e+03  1.709e+06  1.368e+05  1.000e-09  1.000e-09  1.0000  0.000e+00  0.000e+00  6.842e+04  6.595e+04
   2  2.895e+03  5.307e+04  4.957e+03  1.000e-09  1.000e-09  0.1250  0.000e+00  0.000e+00  5.809e+02  3.285e+02
   3  9.726e+02  4.674e+04  4.283e+03  1.000e-09  1.000e-09  1.0000  0.000e+00  0.000e+00  2.142e+03  1.922e+03
   4  8.983e+02  2.494e+03  4.423e+02  1.000e-09  1.000e-09  1.0000  0.000e+00  0.000e+00  2.212e+02  7.429e+01
   5  8.453e+02  2.649e+03  2.943e+02  1.000e-09  1.000e-09  1.0000  0.000e+00  0.000e+00  1.472e+02  5.296e+01
   6  7.591e+02  1.786e+03  1.882e+02  1.000e-09  1.000e-09  1.0000  0.000e+00  0.000e+00  9.412e+01  8.619e+01
   7  7.517e+02  5.107e+01  1.614e+01  1.000e-09  1.000e-09  1.0000  0.000e+00  0.000e+00  8.071e+00  7.473e+00
   8  7.511e+02  3.533e+00  1.228e+00  1.000e-09  1.000e-09  1.0000  0.000e+00  0.000e+00  6.142e-01  6.142e-01
   9  7.511e+02  6.092e-06  1.426e-05  1.000e-09  1.000e-09  1.0000  0.000e+00  0.000e+00  7.128e-06  7.991e-06
iter    cost       stop       grad       xreg       ureg      step   ||ffeas||  ||hfeas||   dV-exp       dV    
  10  7.511e+02  4.745e-09  3.292e-07  1.000e-09  1.000e-09  1.0000  0.000e+00  0.000e+00  1.646e-07  1.953e-07
  11  7.511e+02  1.663e-10  1.191e-08  1.000e-09  1.000e-09  1.0000  0.000e+00  0.000e+00  5.953e-09  7.115e-09
*** SOLVE bounding ***
iter    cost       stop       grad       xreg       ureg      step   ||ffeas||  ||hfeas||   dV-exp       dV    
   0  1.884e+05  5.698e+07  9.214e+05  1.000e-09  1.000e-09  1.0000  1.189e+00  0.000e+00  4.566e+05  2.701e+05
   1  8.181e+04  5.033e+06  3.728e+05  1.000e-09  1.000e-09  1.0000  0.000e+00  0.000e+00  1.864e+05  1.066e+05
   2  2.123e+04  2.114e+06  1.597e+05  1.000e-09  1.000e-09  1.0000  0.000e+00  0.000e+00  7.983e+04  6.057e+04
   3  2.772e+03  5.006e+05  3.850e+04  1.000e-09  1.000e-09  1.0000  0.000e+00  0.000e+00  1.925e+04  1.846e+04
   4  2.475e+03  1.538e+04  1.580e+03  1.000e-09  1.000e-09  1.0000  0.000e+00  0.000e+00  7.898e+02  2.974e+02
   5  1.988e+03  1.320e+04  9.849e+02  1.000e-09  1.000e-09  1.0000  0.000e+00  0.000e+00  4.924e+02  4.867e+02
   6  1.983e+03  5.884e+01  1.149e+01  1.000e-09  1.000e-09  1.0000  0.000e+00  0.000e+00  5.743e+00  5.295e+00
   7  1.982e+03  1.928e+00  8.960e-01  1.000e-09  1.000e-09  1.0000  0.000e+00  0.000e+00  4.480e-01  4.481e-01
   8  1.982e+03  7.309e-04  1.758e-02  1.000e-09  1.000e-09  1.0000  0.000e+00  0.000e+00  8.792e-03  8.786e-03
   9  1.982e+03  4.929e-07  3.300e-06  1.000e-09  1.000e-09  1.0000  0.000e+00  0.000e+00  1.650e-06  1.866e-06
iter    cost       stop       grad       xreg       ureg      step   ||ffeas||  ||hfeas||   dV-exp       dV    
  10  1.982e+03  1.229e-08  1.515e-07  1.000e-09  1.000e-09  1.0000  0.000e+00  0.000e+00  7.573e-08  9.871e-08
  11  1.982e+03  8.834e-10  1.474e-08  1.000e-09  1.000e-09  1.0000  0.000e+00  0.000e+00  7.370e-09  9.708e-09
*** SOLVE jumping ***
iter    cost       stop       grad       xreg       ureg      step   ||ffeas||  ||hfeas||   dV-exp       dV    
   0  1.422e+06  3.344e+07  3.877e+06  1.000e-09  1.000e-09  0.1250  1.730e+00  0.000e+00  4.437e+05  4.341e+05
   1  1.093e+06  2.536e+07  2.976e+06  1.000e-09  1.000e-09  0.1250  1.514e+00  0.000e+00  3.401e+05  3.292e+05
   2  8.407e+05  1.935e+07  2.290e+06  1.000e-09  1.000e-09  0.1250  1.325e+00  0.000e+00  2.614e+05  2.523e+05
   3  4.861e+05  1.478e+07  1.753e+06  1.000e-09  1.000e-09  0.2500  1.159e+00  0.000e+00  3.736e+05  3.546e+05
   4  1.533e+05  8.487e+06  1.001e+06  1.000e-09  1.000e-09  0.5000  8.694e-01  0.000e+00  3.663e+05  3.328e+05
   5  4.090e+04  2.785e+06  3.114e+05  1.000e-09  1.000e-09  0.5000  4.347e-01  0.000e+00  1.137e+05  1.124e+05
   6  5.854e+03  6.969e+05  7.588e+04  1.000e-09  1.000e-09  1.0000  2.173e-01  0.000e+00  3.714e+04  3.505e+04
   7  4.633e+03  2.700e+04  4.248e+03  1.000e-09  1.000e-09  0.5000  0.000e+00  0.000e+00  1.593e+03  1.221e+03
   8  3.733e+03  1.461e+04  1.806e+03  1.000e-09  1.000e-09  1.0000  0.000e+00  0.000e+00  9.029e+02  9.006e+02
   9  3.732e+03  1.773e+02  9.975e+00  1.000e-08  1.000e-08  0.0078  0.000e+00  0.000e+00  7.763e-02  1.412e-02
iter    cost       stop       grad       xreg       ureg      step   ||ffeas||  ||hfeas||   dV-exp       dV    
  10  3.728e+03  1.759e+02  9.216e+00  1.000e-09  1.000e-09  1.0000  0.000e+00  0.000e+00  4.608e+00  4.610e+00
  11  3.728e+03  3.258e+00  3.603e-01  1.000e-09  1.000e-09  1.0000  0.000e+00  0.000e+00  1.802e-01  1.323e-01
  12  3.728e+03  2.965e-01  9.872e-02  1.000e-09  1.000e-09  1.0000  0.000e+00  0.000e+00  4.936e-02  4.936e-02
  13  3.728e+03  9.775e-06  1.657e-06  1.000e-09  1.000e-09  1.0000  0.000e+00  0.000e+00  8.286e-07  9.069e-07
  14  3.728e+03  2.817e-07  2.675e-08  1.000e-09  1.000e-09  1.0000  0.000e+00  0.000e+00  1.338e-08  1.472e-08
  15  3.728e+03  2.081e-09  4.715e-10  1.000e-09  1.000e-09  1.0000  0.000e+00  0.000e+00  2.358e-10  3.006e-10
  16  3.728e+03  7.094e-11  9.481e-12  1.000e-09  1.000e-09  1.0000  0.000e+00  0.000e+00  4.741e-12  6.730e-11
