*** SOLVE initial ***
iter 	 cost 	      stop 	    grad 	  xreg 	      ureg 	 step 	 feas
   0  7.74992e+04  3.10233e+03  2.07506e+04  1.00000e-02  1.00000e-02   1.0000     1
   1  6.06391e+04  6.73656e+03  1.38256e+05  1.00000e-02  1.00000e-02   0.2500     1
   2  3.43548e+04  7.65794e+03  1.10919e+05  1.00000e-02  1.00000e-02   0.2500     1
   3  2.42693e+04  1.58904e+04  6.60622e+04  1.00000e-02  1.00000e-02   0.2500     1
   4  1.37815e+04  1.45699e+04  4.61391e+04  1.00000e-02  1.00000e-02   0.2500     1
   5  1.30124e+04  3.52157e+03  1.90632e+04  1.00000e-02  1.00000e-02   0.0625     1
   6  1.23470e+04  2.19969e+03  1.36534e+04  1.00000e-02  1.00000e-02   0.0625     1
   7  7.89279e+03  1.38681e+03  1.22363e+04  1.00000e-03  1.00000e-03   1.0000     1
   8  5.15620e+03  2.86012e+02  1.35627e+04  1.00000e-03  1.00000e-03   0.2500     1
   9  3.28721e+03  1.74786e+02  7.81962e+03  1.00000e-04  1.00000e-04   1.0000     1
iter 	 cost 	      stop 	    grad 	  xreg 	      ureg 	 step 	 feas
  10  1.32104e+03  4.59831e+01  5.52519e+03  1.00000e-05  1.00000e-05   1.0000     1
  11  1.07469e+03  2.17516e+01  1.20063e+03  1.00000e-05  1.00000e-05   0.2500     1
  12  8.95169e+02  1.18350e+01  5.35941e+02  1.00000e-06  1.00000e-06   1.0000     1
  13  8.52667e+02  2.12320e+00  2.56721e+02  1.00000e-06  1.00000e-06   0.2500     1
  14  8.43908e+02  7.38540e-01  5.41776e+01  1.00000e-06  1.00000e-06   0.2500     1
  15  8.42706e+02  2.62610e-01  3.21988e+01  1.00000e-06  1.00000e-06   0.2500     1
  16  8.39255e+02  5.04143e-01  4.33480e+01  1.00000e-06  1.00000e-06   0.2500     1
  17  8.38156e+02  1.60963e-01  2.34549e+01  1.00000e-06  1.00000e-06   0.0625     1
  18  8.36818e+02  1.22567e-01  9.57290e+00  1.00000e-06  1.00000e-06   0.2500     1
  19  8.36236e+02  2.48750e-01  1.27691e+01  1.00000e-06  1.00000e-06   0.0625     1
iter 	 cost 	      stop 	    grad 	  xreg 	      ureg 	 step 	 feas
  20  8.35450e+02  1.15014e-01  4.65716e+00  1.00000e-06  1.00000e-06   0.2500     1
  21  8.35136e+02  6.36169e-02  7.20834e+00  1.00000e-06  1.00000e-06   0.0625     1
  22  8.33428e+02  5.26118e-02  2.63265e+00  1.00000e-07  1.00000e-07   1.0000     1
  23  8.33276e+02  6.95288e-02  4.18216e+00  1.00000e-07  1.00000e-07   0.0625     1
  24  8.32783e+02  9.45136e-03  7.54493e-01  1.00000e-08  1.00000e-08   1.0000     1
  25  8.32701e+02  3.37128e-02  2.05902e+00  1.00000e-08  1.00000e-08   0.0625     1
  26  8.32593e+02  5.26073e-03  5.44518e-01  1.00000e-08  1.00000e-08   0.2500     1
  27  8.32367e+02  4.26425e-03  3.11534e-01  1.00000e-09  1.00000e-09   1.0000     1
  28  8.32322e+02  8.89973e-03  1.37720e+00  1.00000e-09  1.00000e-09   0.0625     1
  29  8.32290e+02  2.92640e-03  2.14130e-01  1.00000e-09  1.00000e-09   1.0000     1
iter 	 cost 	      stop 	    grad 	  xreg 	      ureg 	 step 	 feas
  30  8.32171e+02  3.15835e-02  3.82190e+00  1.00000e-09  1.00000e-09   0.0625     1
  31  8.32141e+02  3.53417e-03  2.74405e-01  1.00000e-09  1.00000e-09   0.2500     1
  32  8.32124e+02  2.83096e-03  4.99737e-01  1.00000e-09  1.00000e-09   0.0625     1
  33  8.32093e+02  1.49339e-03  1.02812e-01  1.00000e-09  1.00000e-09   1.0000     1
  34  8.32040e+02  1.56625e-02  1.80450e+00  1.00000e-09  1.00000e-09   0.0625     1
  35  8.32034e+02  1.87506e-03  1.07823e-01  1.00000e-09  1.00000e-09   0.2500     1
  36  8.32020e+02  2.81712e-03  4.19241e-01  1.00000e-09  1.00000e-09   0.0625     1
  37  8.32010e+02  9.23055e-04  5.65709e-02  1.00000e-09  1.00000e-09   0.2500     1
  38  8.32005e+02  5.63725e-04  1.27424e-01  1.00000e-09  1.00000e-09   0.0625     1
  39  8.31980e+02  6.51118e-04  4.47473e-02  1.00000e-09  1.00000e-09   1.0000     1
iter 	 cost 	      stop 	    grad 	  xreg 	      ureg 	 step 	 feas
  40  8.31965e+02  4.20040e-03  5.06201e-01  1.00000e-09  1.00000e-09   0.0625     1
  41  8.31962e+02  6.46921e-04  3.55195e-02  1.00000e-09  1.00000e-09   0.2500     1
  42  8.31957e+02  8.34972e-04  1.38506e-01  1.00000e-09  1.00000e-09   0.0625     1
  43  8.31956e+02  4.11766e-04  2.54744e-02  1.00000e-09  1.00000e-09   1.0000     1
  44  8.31936e+02  6.83618e-03  7.12995e-01  1.00000e-09  1.00000e-09   0.0625     1
  45  8.31935e+02  5.28043e-04  2.74228e-02  1.00000e-09  1.00000e-09   0.0625     1
  46  8.31924e+02  1.42115e-04  1.42506e-02  1.00000e-09  1.00000e-09   1.0000     1
  47  8.31922e+02  1.47328e-03  9.14053e-02  1.00000e-09  1.00000e-09   0.0625     1
  48  8.31920e+02  7.14298e-05  1.06489e-02  1.00000e-09  1.00000e-09   0.2500     1
*** SOLVE angle ang=0.5 ***
iter 	 cost 	      stop 	    grad 	  xreg 	      ureg 	 step 	 feas
   0  2.77395e+03  1.24816e+05  7.66635e+04  1.00000e-02  1.00000e-02   1.0000     1
   1  2.05574e+03  1.24052e+03  3.55065e+03  1.00000e-02  1.00000e-02   0.2500     1
   2  1.61837e+03  7.34069e+02  2.11820e+03  1.00000e-02  1.00000e-02   0.2500     1
   3  1.04595e+03  4.62123e+02  1.25359e+03  1.00000e-03  1.00000e-03   1.0000     1
   4  9.44297e+02  3.35620e+01  1.98648e+02  1.00000e-04  1.00000e-04   1.0000     1
   5  9.31411e+02  1.09548e+01  3.37122e+01  1.00000e-05  1.00000e-05   1.0000     1
   6  9.28975e+02  1.28511e+00  1.23658e+01  1.00000e-05  1.00000e-05   0.2500     1
   7  9.28250e+02  7.32828e-01  6.49199e+00  1.00000e-06  1.00000e-06   1.0000     1
   8  9.25763e+02  8.09166e-02  5.68349e+00  1.00000e-07  1.00000e-07   1.0000     1
   9  9.25706e+02  1.97365e-02  1.17177e+00  1.00000e-07  1.00000e-07   0.0625     1
iter 	 cost 	      stop 	    grad 	  xreg 	      ureg 	 step 	 feas
  10  9.25585e+02  1.65500e-02  6.77704e-01  1.00000e-07  1.00000e-07   0.2500     1
  11  9.25557e+02  7.64179e-03  1.49800e-01  1.00000e-08  1.00000e-08   1.0000     1
  12  9.25521e+02  4.74660e-03  2.03110e-01  1.00000e-08  1.00000e-08   0.2500     1
*** SOLVE angle ang=0.8 ***
iter 	 cost 	      stop 	    grad 	  xreg 	      ureg 	 step 	 feas
   0  9.85573e+02  4.80717e+04  3.54509e+04  1.00000e-02  1.00000e-02   1.0000     1
   1  9.23543e+02  1.80591e+01  3.01748e+02  1.00000e-02  1.00000e-02   0.2500     1
   2  8.67779e+02  6.22829e+00  9.90999e+01  1.00000e-03  1.00000e-03   1.0000     1
   3  8.48813e+02  2.16558e+00  3.05647e+01  1.00000e-04  1.00000e-04   1.0000     1
   4  8.42063e+02  7.38978e-01  1.22731e+01  1.00000e-05  1.00000e-05   1.0000     1
   5  8.40778e+02  4.23258e-01  2.22756e+01  1.00000e-05  1.00000e-05   0.0625     1
   6  8.39931e+02  3.47010e-01  1.81250e+00  1.00000e-06  1.00000e-06   1.0000     1
   7  8.39809e+02  1.59766e-02  6.42411e-01  1.00000e-06  1.00000e-06   0.2500     1
   8  8.39749e+02  7.73304e-03  1.95392e-01  1.00000e-07  1.00000e-07   1.0000     1
   9  8.39718e+02  4.04841e-03  1.64770e-01  1.00000e-07  1.00000e-07   0.2500     1
*** SOLVE angle ang=1.1 ***
iter 	 cost 	      stop 	    grad 	  xreg 	      ureg 	 step 	 feas
   0  9.80739e+02  4.39308e+04  3.55791e+04  1.00000e-02  1.00000e-02   1.0000     1
   1  9.56988e+02  8.80403e+00  1.59262e+02  1.00000e-03  1.00000e-03   1.0000     1
   2  8.82565e+02  1.55735e+01  1.43219e+02  1.00000e-04  1.00000e-04   1.0000     1
   3  8.79740e+02  3.56237e-01  5.18657e+01  1.00000e-04  1.00000e-04   0.0625     1
   4  8.71588e+02  3.11153e-01  2.66896e+01  1.00000e-05  1.00000e-05   1.0000     1
   5  8.69111e+02  4.27188e-01  1.29289e+01  1.00000e-05  1.00000e-05   0.2500     1
   6  8.68473e+02  2.31794e-01  3.77633e+00  1.00000e-06  1.00000e-06   1.0000     1
   7  8.67858e+02  6.49429e-02  3.31425e+00  1.00000e-06  1.00000e-06   0.2500     1
   8  8.67790e+02  3.47534e-02  8.45003e-01  1.00000e-07  1.00000e-07   1.0000     1
   9  8.67626e+02  1.04384e-02  8.77337e-01  1.00000e-07  1.00000e-07   0.2500     1
iter 	 cost 	      stop 	    grad 	  xreg 	      ureg 	 step 	 feas
  10  8.67605e+02  5.54656e-03  2.22576e-01  1.00000e-08  1.00000e-08   1.0000     1
  11  8.67557e+02  5.14689e-03  2.54025e-01  1.00000e-08  1.00000e-08   0.2500     1
  12  8.67543e+02  2.91964e-03  7.10285e-02  1.00000e-09  1.00000e-09   1.0000     1
*** SOLVE angle ang=1.4 ***
iter 	 cost 	      stop 	    grad 	  xreg 	      ureg 	 step 	 feas
   0  1.05492e+03  4.39062e+04  3.56167e+04  1.00000e-02  1.00000e-02   1.0000     1
   1  1.01023e+03  5.14857e+00  7.57501e+01  1.00000e-03  1.00000e-03   1.0000     1
   2  1.00734e+03  3.63009e+00  4.62888e+01  1.00000e-04  1.00000e-04   1.0000     1
   3  9.71618e+02  5.88614e+00  6.67121e+01  1.00000e-05  1.00000e-05   1.0000     1
   4  9.70098e+02  5.45284e-01  3.95572e+01  1.00000e-05  1.00000e-05   0.0625     1
   5  9.68979e+02  4.67832e-01  3.07668e+00  1.00000e-06  1.00000e-06   1.0000     1
   6  9.68874e+02  2.85448e-01  1.40658e+00  1.00000e-07  1.00000e-07   1.0000     1
   7  9.68587e+02  7.60112e-02  1.58768e+00  1.00000e-07  1.00000e-07   0.2500     1
   8  9.68561e+02  7.32204e-02  3.77026e-01  1.00000e-08  1.00000e-08   1.0000     1
   9  9.68480e+02  5.54161e-02  4.50949e-01  1.00000e-08  1.00000e-08   0.2500     1
iter 	 cost 	      stop 	    grad 	  xreg 	      ureg 	 step 	 feas
  10  9.68468e+02  3.65896e-02  1.02775e-01  1.00000e-09  1.00000e-09   1.0000     1
  11  9.68445e+02  1.97060e-03  1.27545e-01  1.00000e-09  1.00000e-09   0.2500     1
*** SOLVE angle ang=1.7 ***
iter 	 cost 	      stop 	    grad 	  xreg 	      ureg 	 step 	 feas
   0  1.13020e+03  4.40090e+04  3.57081e+04  1.00000e-02  1.00000e-02   1.0000     1
   1  1.08413e+03  6.70235e+00  9.04585e+01  1.00000e-03  1.00000e-03   1.0000     1
   2  1.06303e+03  6.13031e-01  3.40889e+01  1.00000e-04  1.00000e-04   1.0000     1
   3  1.04956e+03  1.29789e+01  2.23338e+01  1.00000e-05  1.00000e-05   1.0000     1
   4  1.04784e+03  2.33233e+00  3.03082e+00  1.00000e-06  1.00000e-06   1.0000     1
   5  1.04768e+03  9.03611e-03  4.64810e-01  1.00000e-07  1.00000e-07   1.0000     1
   6  1.04762e+03  5.85854e-03  3.19379e-01  1.00000e-07  1.00000e-07   0.2500     1
   7  1.04760e+03  2.62937e-03  9.40558e-02  1.00000e-08  1.00000e-08   1.0000     1
*** SOLVE angle ang=2.0 ***
iter 	 cost 	      stop 	    grad 	  xreg 	      ureg 	 step 	 feas
   0  1.19268e+03  4.42582e+04  3.58114e+04  1.00000e-02  1.00000e-02   1.0000     1
   1  1.10743e+03  1.08346e+01  1.55460e+02  1.00000e-03  1.00000e-03   1.0000     1
   2  1.08400e+03  4.69029e-01  3.87707e+01  1.00000e-04  1.00000e-04   1.0000     1
   3  1.07636e+03  8.67504e-01  1.29743e+01  1.00000e-05  1.00000e-05   1.0000     1
   4  1.07536e+03  6.32586e-02  1.80980e+00  1.00000e-06  1.00000e-06   1.0000     1
   5  1.07522e+03  3.04757e-03  3.00097e-01  1.00000e-07  1.00000e-07   1.0000     1
*** SOLVE angle ang=2.3 ***
iter 	 cost 	      stop 	    grad 	  xreg 	      ureg 	 step 	 feas
   0  1.23880e+03  4.47335e+04  3.58080e+04  1.00000e-02  1.00000e-02   1.0000     1
   1  1.20233e+03  7.04180e+00  1.25628e+02  1.00000e-03  1.00000e-03   1.0000     1
   2  1.16283e+03  2.82530e+00  7.77464e+01  1.00000e-04  1.00000e-04   1.0000     1
   3  1.15714e+03  3.22944e+00  1.07529e+01  1.00000e-05  1.00000e-05   1.0000     1
   4  1.15607e+03  1.68719e+00  5.31092e+00  1.00000e-05  1.00000e-05   0.2500     1
   5  1.15413e+03  1.23434e+00  2.79529e+00  1.00000e-06  1.00000e-06   1.0000     1
   6  1.15269e+03  6.66048e-01  3.06863e+00  1.00000e-07  1.00000e-07   1.0000     1
   7  1.15141e+03  3.34393e+00  5.41502e+00  1.00000e-08  1.00000e-08   1.0000     1
   8  1.14956e+03  4.76586e+00  9.79892e+00  1.00000e-08  1.00000e-08   0.2500     1
   9  1.14834e+03  3.07028e+00  4.95572e+00  1.00000e-09  1.00000e-09   1.0000     1
iter 	 cost 	      stop 	    grad 	  xreg 	      ureg 	 step 	 feas
  10  1.14456e+03  1.77417e+01  8.21253e+00  1.00000e-09  1.00000e-09   1.0000     1
  11  1.14372e+03  7.99168e-01  5.62890e+00  1.00000e-09  1.00000e-09   1.0000     1
  12  1.14223e+03  2.81265e+00  8.56291e+00  1.00000e-09  1.00000e-09   0.2500     1
  13  1.14100e+03  1.82499e+00  3.49564e+00  1.00000e-09  1.00000e-09   1.0000     1
  14  1.14061e+03  2.22013e+00  3.06846e+00  1.00000e-09  1.00000e-09   1.0000     1
  15  1.13996e+03  1.67974e+00  4.01911e+00  1.00000e-09  1.00000e-09   0.2500     1
  16  1.13953e+03  1.52501e+00  1.56486e+00  1.00000e-09  1.00000e-09   1.0000     1
  17  1.13927e+03  1.05556e+00  1.35944e+00  1.00000e-09  1.00000e-09   0.2500     1
  18  1.13902e+03  6.99142e-01  5.51541e-01  1.00000e-09  1.00000e-09   1.0000     1
  19  1.13897e+03  2.60677e-02  3.55662e-01  1.00000e-09  1.00000e-09   1.0000     1
iter 	 cost 	      stop 	    grad 	  xreg 	      ureg 	 step 	 feas
  20  1.13888e+03  2.14670e-01  4.80470e-01  1.00000e-09  1.00000e-09   0.2500     1
  21  1.13880e+03  1.44375e-01  1.74182e-01  1.00000e-09  1.00000e-09   1.0000     1
  22  1.13878e+03  9.01675e-03  1.47965e-01  1.00000e-09  1.00000e-09   1.0000     1
  23  1.13876e+03  4.09141e-02  1.94836e-01  1.00000e-09  1.00000e-09   1.0000     1
  24  1.13871e+03  6.84847e-02  2.71292e-01  1.00000e-09  1.00000e-09   0.2500     1
  25  1.13868e+03  4.67530e-02  8.66542e-02  1.00000e-09  1.00000e-09   1.0000     1
  26  1.13867e+03  9.12433e-03  9.35405e-02  1.00000e-09  1.00000e-09   1.0000     1
  27  1.13866e+03  1.68488e-02  1.24547e-01  1.00000e-09  1.00000e-09   1.0000     1
  28  1.13863e+03  4.34140e-02  1.76227e-01  1.00000e-09  1.00000e-09   0.2500     1
  29  1.13860e+03  2.97587e-02  5.71669e-02  1.00000e-09  1.00000e-09   1.0000     1
iter 	 cost 	      stop 	    grad 	  xreg 	      ureg 	 step 	 feas
  30  1.13859e+03  4.25830e-03  6.18193e-02  1.00000e-09  1.00000e-09   1.0000     1
*** SOLVE angle ang=2.6 ***
iter 	 cost 	      stop 	    grad 	  xreg 	      ureg 	 step 	 feas
   0  1.36257e+03  4.55658e+04  3.57866e+04  1.00000e-02  1.00000e-02   1.0000     1
   1  1.27819e+03  1.57283e+01  1.94907e+02  1.00000e-03  1.00000e-03   1.0000     1
   2  1.23999e+03  1.48491e+01  8.57687e+01  1.00000e-04  1.00000e-04   1.0000     1
   3  1.22852e+03  9.46628e+00  2.13444e+01  1.00000e-05  1.00000e-05   1.0000     1
   4  1.22688e+03  4.02861e-01  2.47818e+00  1.00000e-06  1.00000e-06   1.0000     1
   5  1.22593e+03  3.27182e-01  1.43068e+00  1.00000e-07  1.00000e-07   1.0000     1
   6  1.22535e+03  9.34141e-02  9.33782e-01  1.00000e-08  1.00000e-08   1.0000     1
   7  1.22498e+03  6.25171e-02  7.82586e-01  1.00000e-09  1.00000e-09   1.0000     1
   8  1.22477e+03  2.23413e-02  8.08496e-01  1.00000e-09  1.00000e-09   1.0000     1
   9  1.22456e+03  1.41450e-02  1.10740e+00  1.00000e-09  1.00000e-09   0.2500     1
iter 	 cost 	      stop 	    grad 	  xreg 	      ureg 	 step 	 feas
  10  1.22440e+03  7.13244e-03  3.51622e-01  1.00000e-09  1.00000e-09   1.0000     1
  11  1.22432e+03  4.53529e-03  4.24209e-01  1.00000e-09  1.00000e-09   1.0000     1
*** SOLVE angle ang=2.9 ***
iter 	 cost 	      stop 	    grad 	  xreg 	      ureg 	 step 	 feas
   0  1.39243e+03  4.62641e+04  3.57985e+04  1.00000e-02  1.00000e-02   1.0000     1
   1  1.32344e+03  1.04200e+01  1.28102e+02  1.00000e-03  1.00000e-03   1.0000     1
   2  1.30840e+03  7.25782e-01  2.75275e+01  1.00000e-04  1.00000e-04   1.0000     1
   3  1.30425e+03  6.57354e+00  1.01273e+01  1.00000e-05  1.00000e-05   1.0000     1
   4  1.30209e+03  1.61894e+01  8.56785e+00  1.00000e-06  1.00000e-06   1.0000     1
   5  1.30037e+03  8.39900e+00  9.41839e+00  1.00000e-06  1.00000e-06   0.2500     1
   6  1.29932e+03  4.82054e+00  2.66747e+00  1.00000e-07  1.00000e-07   1.0000     1
   7  1.29884e+03  4.54759e-01  2.64558e+00  1.00000e-07  1.00000e-07   0.2500     1
   8  1.29841e+03  2.71757e-01  7.54055e-01  1.00000e-08  1.00000e-08   1.0000     1
   9  1.29827e+03  5.91600e-02  9.79331e-01  1.00000e-09  1.00000e-09   1.0000     1
iter 	 cost 	      stop 	    grad 	  xreg 	      ureg 	 step 	 feas
  10  1.29787e+03  2.36259e-02  2.30154e+00  1.00000e-09  1.00000e-09   0.2500     1
  11  1.29758e+03  7.85864e-03  5.25519e-01  1.00000e-09  1.00000e-09   1.0000     1
  12  1.29749e+03  1.22109e-02  8.89963e-01  1.00000e-09  1.00000e-09   1.0000     1
  13  1.29709e+03  2.08733e-02  2.27471e+00  1.00000e-09  1.00000e-09   0.2500     1
  14  1.29681e+03  5.07580e-03  5.13313e-01  1.00000e-09  1.00000e-09   1.0000     1
  15  1.29670e+03  1.04326e-02  8.97230e-01  1.00000e-09  1.00000e-09   1.0000     1
  16  1.29629e+03  2.32912e-02  2.30193e+00  1.00000e-09  1.00000e-09   0.2500     1
  17  1.29598e+03  5.64975e-03  5.48779e-01  1.00000e-09  1.00000e-09   1.0000     1
  18  1.29583e+03  1.12957e-02  9.46589e-01  1.00000e-09  1.00000e-09   1.0000     1
  19  1.29541e+03  2.73092e-02  2.34823e+00  1.00000e-09  1.00000e-09   0.2500     1
iter 	 cost 	      stop 	    grad 	  xreg 	      ureg 	 step 	 feas
  20  1.29503e+03  7.03702e-03  6.19942e-01  1.00000e-09  1.00000e-09   1.0000     1
  21  1.29481e+03  1.28594e-02  1.03115e+00  1.00000e-09  1.00000e-09   1.0000     1
  22  1.29437e+03  3.29752e-02  2.38934e+00  1.00000e-09  1.00000e-09   0.2500     1
  23  1.29390e+03  9.36972e-03  7.27519e-01  1.00000e-09  1.00000e-09   1.0000     1
  24  1.29357e+03  1.48299e-02  1.14510e+00  1.00000e-09  1.00000e-09   1.0000     1
  25  1.29311e+03  4.00231e-02  2.38731e+00  1.00000e-09  1.00000e-09   0.2500     1
  26  1.29252e+03  1.28758e-02  8.69345e-01  1.00000e-09  1.00000e-09   1.0000     1
  27  1.29201e+03  1.67839e-02  1.27127e+00  1.00000e-09  1.00000e-09   1.0000     1
  28  1.29161e+03  4.68378e-02  2.28740e+00  1.00000e-09  1.00000e-09   1.0000     1
  29  1.29080e+03  5.67930e-02  4.24175e+00  1.00000e-09  1.00000e-09   0.2500     1
iter 	 cost 	      stop 	    grad 	  xreg 	      ureg 	 step 	 feas
  30  1.29002e+03  1.40360e-02  1.32722e+00  1.00000e-09  1.00000e-09   1.0000     1
  31  1.28923e+03  3.95070e-02  1.86642e+00  1.00000e-09  1.00000e-09   1.0000     1
  32  1.28896e+03  3.60739e-02  2.77400e+00  1.00000e-09  1.00000e-09   1.0000     1
  33  1.28810e+03  2.02889e-01  5.30363e+00  1.00000e-09  1.00000e-09   1.0000     1
  34  1.28686e+03  7.70056e-02  6.32071e+00  1.00000e-09  1.00000e-09   0.2500     1
  35  1.28574e+03  2.06788e-02  2.23306e+00  1.00000e-09  1.00000e-09   1.0000     1
  36  1.28456e+03  8.51584e-02  2.63181e+00  1.00000e-09  1.00000e-09   1.0000     1
  37  1.28369e+03  3.26240e-02  2.79863e+00  1.00000e-09  1.00000e-09   1.0000     1
  38  1.28227e+03  1.90928e-01  3.70191e+00  1.00000e-09  1.00000e-09   1.0000     1
  39  1.28130e+03  3.62229e-02  3.07110e+00  1.00000e-09  1.00000e-09   1.0000     1
iter 	 cost 	      stop 	    grad 	  xreg 	      ureg 	 step 	 feas
  40  1.27984e+03  2.09521e-01  3.55310e+00  1.00000e-09  1.00000e-09   1.0000     1
  41  1.27875e+03  2.78920e-02  2.59677e+00  1.00000e-09  1.00000e-09   1.0000     1
  42  1.27753e+03  1.29929e-01  2.52639e+00  1.00000e-09  1.00000e-09   1.0000     1
  43  1.27654e+03  1.84528e-02  1.92189e+00  1.00000e-09  1.00000e-09   1.0000     1
  44  1.27563e+03  5.83410e-02  1.69051e+00  1.00000e-09  1.00000e-09   1.0000     1
  45  1.27486e+03  1.16402e-02  1.40210e+00  1.00000e-09  1.00000e-09   1.0000     1
  46  1.27422e+03  2.49248e-02  1.20905e+00  1.00000e-09  1.00000e-09   1.0000     1
  47  1.27370e+03  8.32878e-03  1.05147e+00  1.00000e-09  1.00000e-09   1.0000     1
  48  1.27329e+03  1.30861e-02  9.24529e-01  1.00000e-09  1.00000e-09   1.0000     1
  49  1.27297e+03  7.24461e-03  8.40435e-01  1.00000e-09  1.00000e-09   1.0000     1
iter 	 cost 	      stop 	    grad 	  xreg 	      ureg 	 step 	 feas
  50  1.27274e+03  9.19046e-03  8.02207e-01  1.00000e-09  1.00000e-09   1.0000     1
  51  1.27255e+03  8.49606e-03  7.58322e-01  1.00000e-09  1.00000e-09   1.0000     1
  52  1.27240e+03  7.81214e-03  7.22128e-01  1.00000e-09  1.00000e-09   1.0000     1
  53  1.27231e+03  6.47120e-03  6.66435e-01  1.00000e-09  1.00000e-09   1.0000     1
  54  1.27217e+03  7.19313e-03  7.15382e-01  1.00000e-09  1.00000e-09   0.2500     1
  55  1.27211e+03  2.42516e-03  2.15713e-01  1.00000e-09  1.00000e-09   1.0000     1
*** SOLVE angle ang=3.2 ***
iter 	 cost 	      stop 	    grad 	  xreg 	      ureg 	 step 	 feas
   0  1.43231e+03  4.59705e+04  3.57979e+04  1.00000e-02  1.00000e-02   1.0000     1
   1  1.35784e+03  1.40376e+01  1.37409e+02  1.00000e-03  1.00000e-03   1.0000     1
   2  1.35033e+03  1.04256e+00  1.29795e+01  1.00000e-04  1.00000e-04   1.0000     1
   3  1.34856e+03  1.54590e-01  2.77210e+00  1.00000e-05  1.00000e-05   1.0000     1
   4  1.34816e+03  3.62814e-02  6.36249e-01  1.00000e-06  1.00000e-06   1.0000     1
   5  1.34808e+03  6.85807e-03  1.93996e-01  1.00000e-07  1.00000e-07   1.0000     1
   6  1.34807e+03  2.36419e-03  1.43373e-01  1.00000e-08  1.00000e-08   1.0000     1
*** SOLVE landing ***
iter 	 cost 	      stop 	    grad 	  xreg 	      ureg 	 step 	 feas
   0  1.84668e+05  4.52932e+06  6.54976e+05  1.00000e-09  1.00000e-09   0.2500     1
   1  1.05011e+05  2.37446e+06  3.64156e+05  1.00000e-09  1.00000e-09   0.2500     1
   2  6.03251e+04  1.27793e+06  2.04820e+05  1.00000e-09  1.00000e-09   0.2500     1
   3  3.57063e+04  6.81079e+05  1.15517e+05  1.00000e-09  1.00000e-09   0.2500     1
   4  2.20003e+04  4.01562e+05  6.63763e+04  1.00000e-09  1.00000e-09   0.2500     1
   5  1.41203e+04  2.83951e+05  3.90525e+04  1.00000e-09  1.00000e-09   0.2500     1
   6  9.46102e+03  2.15036e+05  2.33633e+04  1.00000e-09  1.00000e-09   0.2500     1
   7  6.65942e+03  1.57625e+05  1.40975e+04  1.00000e-09  1.00000e-09   0.2500     1
   8  4.96693e+03  1.12257e+05  8.53348e+03  1.00000e-09  1.00000e-09   0.2500     1
   9  3.94443e+03  7.94319e+04  5.17911e+03  1.00000e-09  1.00000e-09   0.2500     1
iter 	 cost 	      stop 	    grad 	  xreg 	      ureg 	 step 	 feas
  10  3.32288e+03  5.64048e+04  3.15929e+03  1.00000e-09  1.00000e-09   0.2500     1
  11  2.69921e+03  3.96662e+04  1.93770e+03  1.00000e-09  1.00000e-09   1.0000     1
  12  2.51538e+03  3.77032e+04  7.43539e+02  1.00000e-09  1.00000e-09   0.2500     1
  13  2.42441e+03  1.81359e+04  3.83124e+02  1.00000e-09  1.00000e-09   0.2500     1
  14  2.37679e+03  9.24591e+03  2.11449e+02  1.00000e-09  1.00000e-09   0.2500     1
  15  2.34971e+03  5.18502e+03  1.27289e+02  1.00000e-09  1.00000e-09   0.2500     1
  16  2.33308e+03  3.24956e+03  8.41509e+01  1.00000e-09  1.00000e-09   0.2500     1
  17  2.32204e+03  2.31185e+03  6.15159e+01  1.00000e-09  1.00000e-09   0.2500     1
  18  2.31401e+03  1.86075e+03  4.94544e+01  1.00000e-09  1.00000e-09   0.2500     1
  19  2.30757e+03  1.63690e+03  4.27140e+01  1.00000e-09  1.00000e-09   0.2500     1
iter 	 cost 	      stop 	    grad 	  xreg 	      ureg 	 step 	 feas
  20  2.30197e+03  1.50123e+03  3.84119e+01  1.00000e-09  1.00000e-09   0.2500     1
  21  2.29682e+03  1.38145e+03  3.50025e+01  1.00000e-09  1.00000e-09   0.2500     1
  22  2.29198e+03  1.24585e+03  3.17390e+01  1.00000e-09  1.00000e-09   0.2500     1
  23  2.28743e+03  1.08760e+03  2.83539e+01  1.00000e-09  1.00000e-09   0.2500     1
  24  2.28321e+03  9.13834e+02  2.48498e+01  1.00000e-09  1.00000e-09   0.2500     1
  25  2.27937e+03  7.37604e+02  2.13555e+01  1.00000e-09  1.00000e-09   0.2500     1
  26  2.27596e+03  5.72174e+02  1.80311e+01  1.00000e-09  1.00000e-09   0.2500     1
  27  2.27299e+03  4.27594e+02  1.50107e+01  1.00000e-09  1.00000e-09   0.2500     1
  28  2.27045e+03  3.09313e+02  1.23772e+01  1.00000e-09  1.00000e-09   0.2500     1
  29  2.26830e+03  2.18326e+02  1.01585e+01  1.00000e-09  1.00000e-09   0.2500     1
iter 	 cost 	      stop 	    grad 	  xreg 	      ureg 	 step 	 feas
  30  2.26650e+03  1.52263e+02  8.33826e+00  1.00000e-09  1.00000e-09   0.2500     1
  31  2.26500e+03  1.06794e+02  6.87140e+00  1.00000e-09  1.00000e-09   0.2500     1
  32  2.26375e+03  7.69318e+01  5.69954e+00  1.00000e-09  1.00000e-09   0.2500     1
  33  2.26270e+03  5.79746e+01  4.76321e+00  1.00000e-09  1.00000e-09   0.2500     1
  34  2.26182e+03  4.60481e+01  4.00932e+00  1.00000e-09  1.00000e-09   0.2500     1
  35  2.26108e+03  3.82889e+01  3.39466e+00  1.00000e-09  1.00000e-09   0.2500     1
  36  2.26045e+03  3.27874e+01  2.88631e+00  1.00000e-09  1.00000e-09   0.2500     1
  37  2.25991e+03  2.84054e+01  2.46039e+00  1.00000e-09  1.00000e-09   0.2500     1
  38  2.25945e+03  2.45538e+01  2.10002e+00  1.00000e-09  1.00000e-09   0.2500     1
  39  2.25924e+03  2.09909e+01  1.79336e+00  1.00000e-09  1.00000e-09   1.0000     1
iter 	 cost 	      stop 	    grad 	  xreg 	      ureg 	 step 	 feas
  40  2.25758e+03  2.28818e+02  3.25771e+00  1.00000e-09  1.00000e-09   1.0000     1
  41  2.25700e+03  4.27649e+01  9.05542e-01  1.00000e-09  1.00000e-09   1.0000     1
  42  2.25674e+03  5.68359e+00  3.24865e-01  1.00000e-09  1.00000e-09   1.0000     1
  43  2.25658e+03  1.12607e+00  1.85543e-01  1.00000e-09  1.00000e-09   1.0000     1
  44  2.25647e+03  9.87789e-02  1.24408e-01  1.00000e-09  1.00000e-09   1.0000     1
  45  2.25638e+03  8.91274e-02  9.40160e-02  1.00000e-09  1.00000e-09   1.0000     1
  46  2.25632e+03  1.58790e-02  7.59936e-02  1.00000e-09  1.00000e-09   1.0000     1
  47  2.25627e+03  4.16289e-02  7.12131e-02  1.00000e-09  1.00000e-09   1.0000     1
  48  2.25624e+03  2.87768e-02  8.59394e-02  1.00000e-09  1.00000e-09   1.0000     1
  49  2.25622e+03  5.62186e-02  1.41680e-01  1.00000e-09  1.00000e-09   0.2500     1
iter 	 cost 	      stop 	    grad 	  xreg 	      ureg 	 step 	 feas
  50  2.25619e+03  2.80767e-02  4.75824e-02  1.00000e-09  1.00000e-09   1.0000     1
  51  2.25617e+03  1.20214e-02  6.17152e-02  1.00000e-09  1.00000e-09   1.0000     1
  52  2.25615e+03  2.05554e-02  1.07886e-01  1.00000e-09  1.00000e-09   0.2500     1
  53  2.25613e+03  1.06859e-02  3.33431e-02  1.00000e-09  1.00000e-09   1.0000     1
  54  2.25612e+03  5.42665e-03  4.58895e-02  1.00000e-09  1.00000e-09   1.0000     1
  55  2.25610e+03  8.59640e-03  8.35800e-02  1.00000e-09  1.00000e-09   0.2500     1
  56  2.25609e+03  4.68804e-03  2.42843e-02  1.00000e-09  1.00000e-09   1.0000     1
  57  2.25608e+03  2.52453e-03  3.49113e-02  1.00000e-09  1.00000e-09   1.0000     1
  58  2.25607e+03  3.99201e-03  6.54719e-02  1.00000e-09  1.00000e-09   0.2500     1
  59  2.25606e+03  2.28640e-03  1.81957e-02  1.00000e-09  1.00000e-09   1.0000     1
iter 	 cost 	      stop 	    grad 	  xreg 	      ureg 	 step 	 feas
  60  2.25606e+03  1.23044e-03  2.70055e-02  1.00000e-09  1.00000e-09   1.0000     1
  61  2.25605e+03  2.04108e-03  5.16926e-02  1.00000e-09  1.00000e-09   0.2500     1
  62  2.25604e+03  1.22074e-03  1.39397e-02  1.00000e-09  1.00000e-09   1.0000     1
  63  2.25604e+03  6.45264e-04  2.11566e-02  1.00000e-09  1.00000e-09   1.0000     1
  64  2.25603e+03  1.14882e-03  4.10526e-02  1.00000e-09  1.00000e-09   0.2500     1
  65  2.25603e+03  7.08635e-04  1.08691e-02  1.00000e-09  1.00000e-09   1.0000     1
  66  2.25602e+03  3.74714e-04  1.67375e-02  1.00000e-09  1.00000e-09   1.0000     1
  67  2.25602e+03  7.09343e-04  3.27475e-02  1.00000e-09  1.00000e-09   0.2500     1
  68  2.25601e+03  4.44093e-04  8.59332e-03  1.00000e-09  1.00000e-09   1.0000     1
  69  2.25601e+03  2.44040e-04  1.33416e-02  1.00000e-09  1.00000e-09   1.0000     1
iter 	 cost 	      stop 	    grad 	  xreg 	      ureg 	 step 	 feas
  70  2.25601e+03  4.74622e-04  2.62113e-02  1.00000e-09  1.00000e-09   0.2500     1
  71  2.25600e+03  2.97226e-04  6.86781e-03  1.00000e-09  1.00000e-09   1.0000     1
  72  2.25600e+03  1.75735e-04  1.06967e-02  1.00000e-09  1.00000e-09   1.0000     1
  73  2.25600e+03  3.37788e-04  2.10344e-02  1.00000e-09  1.00000e-09   0.2500     1
  74  2.25599e+03  2.09616e-04  5.53443e-03  1.00000e-09  1.00000e-09   1.0000     1
  75  2.25599e+03  1.35658e-04  8.61445e-03  1.00000e-09  1.00000e-09   1.0000     1
  76  2.25599e+03  2.50926e-04  1.69142e-02  1.00000e-09  1.00000e-09   0.2500     1
  77  2.25599e+03  1.53727e-04  4.48814e-03  1.00000e-09  1.00000e-09   1.0000     1
  78  2.25599e+03  1.08934e-04  6.96147e-03  1.00000e-09  1.00000e-09   1.0000     1
  79  2.25598e+03  1.91665e-04  1.36226e-02  1.00000e-09  1.00000e-09   0.2500     1
iter 	 cost 	      stop 	    grad 	  xreg 	      ureg 	 step 	 feas
  80  2.25598e+03  1.15970e-04  3.65709e-03  1.00000e-09  1.00000e-09   1.0000     1
  81  2.25598e+03  8.91396e-05  5.64072e-03  1.00000e-09  1.00000e-09   1.0000     1

