iter 	 cost 	      theta 	    gamma 	  muV 	      muLM 	 alpha
   0  3.33784e-01  2.79313e-08  2.46733e-01  1.00000e-09  1.00000e-09  1.0000
   1  2.76830e-01  4.07640e-08  2.51704e-01  1.00000e-09  1.00000e-09  0.2500
   2  2.41482e-01  2.71532e-08  1.67983e-01  1.00000e-09  1.00000e-09  0.2500
   3  2.14120e-01  1.92516e-08  1.23269e-01  1.00000e-09  1.00000e-09  0.2500
   4  1.92160e-01  1.36544e-08  9.38145e-02  1.00000e-09  1.00000e-09  0.2500
   5  1.73479e-01  1.04796e-08  7.84493e-02  1.00000e-09  1.00000e-09  0.2500
   6  1.56354e-01  8.92818e-09  7.20415e-02  1.00000e-09  1.00000e-09  0.2500
   7  1.41779e-01  7.25090e-09  6.08715e-02  1.00000e-09  1.00000e-09  0.2500
   8  1.32226e-01  4.76111e-09  4.04640e-02  1.00000e-09  1.00000e-09  0.2500
   9  1.26362e-01  2.93583e-09  2.49384e-02  1.00000e-09  1.00000e-09  0.2500
iter 	 cost 	      theta 	    gamma 	  muV 	      muLM 	 alpha
  10  1.22590e-01  1.88209e-09  1.59846e-02  1.00000e-09  1.00000e-09  0.2500
  11  1.19132e-01  1.28816e-09  1.10026e-02  1.00000e-09  1.00000e-09  1.0000
  12  1.14275e-01  2.42405e-09  1.79049e-02  1.00000e-09  1.00000e-09  1.0000
  13  1.11334e-01  5.15956e-09  4.73770e-02  1.00000e-09  1.00000e-09  0.2500
  14  9.90761e-02  6.13525e-09  4.42008e-02  1.00000e-09  1.00000e-09  0.2500
  15  9.39628e-02  3.72680e-09  3.08742e-02  1.00000e-09  1.00000e-09  0.2500
  16  8.91847e-02  3.36729e-09  2.71581e-02  1.00000e-09  1.00000e-09  0.2500
  17  8.39980e-02  2.89527e-09  2.51096e-02  1.00000e-09  1.00000e-09  0.2500
  18  8.09470e-02  1.67397e-09  1.47015e-02  1.00000e-09  1.00000e-09  0.2500
  19  7.98693e-02  6.09845e-10  5.32391e-03  1.00000e-09  1.00000e-09  0.2500

The reached pose by the wrist is
  R =
    0.999782   0.00102056    0.0208659
-0.000942107     0.999992  -0.00376952
  -0.0208696   0.00374904     0.999775
  p = 0.00244635  0.0243952   0.381054

